<?xml version="1.0" encoding="UTF-8" ?>
<testsuites name="vitest tests" tests="3" failures="0" errors="0" time="0">
    <testsuite name="src/components/__tests__/ProtectedRoute.test.jsx" timestamp="2026-03-02T19:46:11.496Z" hostname="DESKTOP-J8HH7PH" tests="3" failures="0" errors="0" skipped="0" time="0">
        <testcase classname="src/components/__tests__/ProtectedRoute.test.jsx" name="ProtectedRoute Component &gt; renders children when user is authenticated" time="0">
            <system-err>
⚠️ React Router Future Flag Warning: React Router will begin wrapping state updates in `React.startTransition` in v7. You can use the `v7_startTransition` future flag to opt-in early. For more information, see https://reactrouter.com/v6/upgrading/future#v7_starttransition.
⚠️ React Router Future Flag Warning: Relative route resolution within Splat routes is changing in v7. You can use the `v7_relativeSplatPath` future flag to opt-in early. For more information, see https://reactrouter.com/v6/upgrading/future#v7_relativesplatpath.

            </system-err>
        </testcase>
        <testcase classname="src/components/__tests__/ProtectedRoute.test.jsx" name="ProtectedRoute Component &gt; redirects to login when user is not authenticated" time="0">
        </testcase>
        <testcase classname="src/components/__tests__/ProtectedRoute.test.jsx" name="ProtectedRoute Component &gt; redirects when user does not have required role" time="0">
        </testcase>
    </testsuite>
</testsuites>
