{"numTotalTestSuites":65,"numPassedTestSuites":51,"numFailedTestSuites":14,"numPendingTestSuites":0,"numTotalTests":110,"numPassedTests":97,"numFailedTests":13,"numPendingTests":0,"numTodoTests":0,"snapshot":{"added":0,"failure":false,"filesAdded":0,"filesRemoved":0,"filesRemovedList":[],"filesUnmatched":0,"filesUpdated":0,"matched":0,"total":0,"unchecked":0,"uncheckedKeysByFile":[],"unmatched":0,"updated":0,"didUpdate":false},"startTime":1773351304069,"success":false,"testResults":[{"assertionResults":[{"ancestorTitles":["axios api utility"],"fullName":"axios api utility request interceptor adds headers when tokens and tenant exist","status":"passed","title":"request interceptor adds headers when tokens and tenant exist","duration":2.4430999999999585,"failureMessages":[],"meta":{}},{"ancestorTitles":["axios api utility"],"fullName":"axios api utility request interceptor omits Authorization if no token","status":"passed","title":"request interceptor omits Authorization if no token","duration":0.832300000000032,"failureMessages":[],"meta":{}},{"ancestorTitles":["axios api utility"],"fullName":"axios api utility storage persistence check on setActiveTenantId","status":"passed","title":"storage persistence check on setActiveTenantId","duration":0.38380000000006476,"failureMessages":[],"meta":{}},{"ancestorTitles":["axios api utility"],"fullName":"axios api utility does nothing on setActiveTenantId if no auth local storage","status":"passed","title":"does nothing on setActiveTenantId if no auth local storage","duration":0.3828000000000884,"failureMessages":[],"meta":{}}],"startTime":1773351312616,"endTime":1773351312622.3828,"status":"passed","message":"","name":"C:/Users/HeberYesid/Desktop/DevTrack/frontend/src/api/__tests__/axios.test.js"},{"assertionResults":[{"ancestorTitles":["contact api"],"fullName":"contact api sendContactMessage sends data correctly","status":"passed","title":"sendContactMessage sends data correctly","duration":2.878300000000081,"failureMessages":[],"meta":{}}],"startTime":1773351312607,"endTime":1773351312609.8784,"status":"passed","message":"","name":"C:/Users/HeberYesid/Desktop/DevTrack/frontend/src/api/__tests__/contact.test.js"},{"assertionResults":[{"ancestorTitles":["messaging api"],"fullName":"messaging api getConversations calls correct endpoint","status":"passed","title":"getConversations calls correct endpoint","duration":3.4959000000001197,"failureMessages":[],"meta":{}},{"ancestorTitles":["messaging api"],"fullName":"messaging api getConversation calls correct endpoint","status":"passed","title":"getConversation calls correct endpoint","duration":0.5289000000000215,"failureMessages":[],"meta":{}},{"ancestorTitles":["messaging api"],"fullName":"messaging api startConversation sends correct id","status":"passed","title":"startConversation sends correct id","duration":0.7499000000000251,"failureMessages":[],"meta":{}},{"ancestorTitles":["messaging api"],"fullName":"messaging api markAsRead calls correct endpoint","status":"passed","title":"markAsRead calls correct endpoint","duration":0.5485999999998512,"failureMessages":[],"meta":{}},{"ancestorTitles":["messaging api"],"fullName":"messaging api getMessages calls correct endpoint","status":"passed","title":"getMessages calls correct endpoint","duration":0.29539999999997235,"failureMessages":[],"meta":{}},{"ancestorTitles":["messaging api"],"fullName":"messaging api sendMessage calls correct endpoint","status":"passed","title":"sendMessage calls correct endpoint","duration":0.42990000000008877,"failureMessages":[],"meta":{}},{"ancestorTitles":["messaging api"],"fullName":"messaging api searchUsers calls correct endpoint","status":"passed","title":"searchUsers calls correct endpoint","duration":0.4981000000000222,"failureMessages":[],"meta":{}}],"startTime":1773351312458,"endTime":1773351312464.498,"status":"passed","message":"","name":"C:/Users/HeberYesid/Desktop/DevTrack/frontend/src/api/__tests__/messaging.test.js"},{"assertionResults":[{"ancestorTitles":["Alert component"],"fullName":"Alert component renders nothing if no message","status":"passed","title":"renders nothing if no message","duration":20.476599999999962,"failureMessages":[],"meta":{}},{"ancestorTitles":["Alert component"],"fullName":"Alert component renders success alert by default","status":"passed","title":"renders success alert by default","duration":19.26279999999997,"failureMessages":[],"meta":{}},{"ancestorTitles":["Alert component"],"fullName":"Alert component renders error alert correctly","status":"passed","title":"renders error alert correctly","duration":3.7325000000000728,"failureMessages":[],"meta":{}}],"startTime":1773351311978,"endTime":1773351312021.7324,"status":"passed","message":"","name":"C:/Users/HeberYesid/Desktop/DevTrack/frontend/src/components/__tests__/Alert.test.jsx"},{"assertionResults":[{"ancestorTitles":["AppTour"],"fullName":"AppTour starts the admin tour on the admin dashboard route","status":"passed","title":"starts the admin tour on the admin dashboard route","duration":670.2916,"failureMessages":[],"meta":{}},{"ancestorTitles":["AppTour"],"fullName":"AppTour does not start the admin tour on the root route","status":"passed","title":"does not start the admin tour on the root route","duration":26.11050000000023,"failureMessages":[],"meta":{}}],"startTime":1773351309073,"endTime":1773351309769.1106,"status":"passed","message":"","name":"C:/Users/HeberYesid/Desktop/DevTrack/frontend/src/components/__tests__/AppTour.test.jsx"},{"assertionResults":[{"ancestorTitles":["ConfirmDialog component"],"fullName":"ConfirmDialog component renders title and message","status":"passed","title":"renders title and message","duration":83.05240000000003,"failureMessages":[],"meta":{}},{"ancestorTitles":["ConfirmDialog component"],"fullName":"ConfirmDialog component calls onConfirm when confirming","status":"passed","title":"calls onConfirm when confirming","duration":89.19479999999976,"failureMessages":[],"meta":{}},{"ancestorTitles":["ConfirmDialog component"],"fullName":"ConfirmDialog component calls onCancel when cancelling","status":"passed","title":"calls onCancel when cancelling","duration":48.16199999999981,"failureMessages":[],"meta":{}},{"ancestorTitles":["ConfirmDialog component"],"fullName":"ConfirmDialog component calls onCancel on Escape key","status":"passed","title":"calls onCancel on Escape key","duration":34.63469999999961,"failureMessages":[],"meta":{}}],"startTime":1773351310479,"endTime":1773351310734.6348,"status":"passed","message":"","name":"C:/Users/HeberYesid/Desktop/DevTrack/frontend/src/components/__tests__/ConfirmDialog.test.jsx"},{"assertionResults":[{"ancestorTitles":["CSVUpload Component"],"fullName":"CSVUpload Component renders correctly","status":"failed","title":"renders correctly","duration":51.24069999999983,"failureMessages":["Error: [vitest] No \"AUTH_INVALIDATED_EVENT\" export is defined on the \"../../api/axios\" mock. Did you forget to return it from \"vi.mock\"?\nIf you need to partially mock a module, you can use \"importOriginal\" helper inside:\n\n    at VitestMocker.createError (file:///C:/Users/HeberYesid/Desktop/DevTrack/frontend/node_modules/vitest/dist/chunks/startModuleRunner.DpqpB8k3.js:311:17)\n    at Object.get (file:///C:/Users/HeberYesid/Desktop/DevTrack/frontend/node_modules/vitest/dist/chunks/startModuleRunner.DpqpB8k3.js:384:16)\n    at C:/Users/HeberYesid/Desktop/DevTrack/frontend/src/state/AuthContext.jsx:184:29\n    at commitHookEffectListMount (C:\\Users\\HeberYesid\\Desktop\\DevTrack\\frontend\\node_modules\\react-dom\\cjs\\react-dom.development.js:23189:26)\n    at commitPassiveMountOnFiber (C:\\Users\\HeberYesid\\Desktop\\DevTrack\\frontend\\node_modules\\react-dom\\cjs\\react-dom.development.js:24970:11)\n    at commitPassiveMountEffects_complete (C:\\Users\\HeberYesid\\Desktop\\DevTrack\\frontend\\node_modules\\react-dom\\cjs\\react-dom.development.js:24930:9)\n    at commitPassiveMountEffects_begin (C:\\Users\\HeberYesid\\Desktop\\DevTrack\\frontend\\node_modules\\react-dom\\cjs\\react-dom.development.js:24917:7)\n    at commitPassiveMountEffects (C:\\Users\\HeberYesid\\Desktop\\DevTrack\\frontend\\node_modules\\react-dom\\cjs\\react-dom.development.js:24905:3)\n    at flushPassiveEffectsImpl (C:\\Users\\HeberYesid\\Desktop\\DevTrack\\frontend\\node_modules\\react-dom\\cjs\\react-dom.development.js:27078:3)\n    at flushPassiveEffects (C:\\Users\\HeberYesid\\Desktop\\DevTrack\\frontend\\node_modules\\react-dom\\cjs\\react-dom.development.js:27023:14)"],"meta":{}},{"ancestorTitles":["CSVUpload Component"],"fullName":"CSVUpload Component enables button when file is selected","status":"failed","title":"enables button when file is selected","duration":15.096600000000308,"failureMessages":["Error: [vitest] No \"AUTH_INVALIDATED_EVENT\" export is defined on the \"../../api/axios\" mock. Did you forget to return it from \"vi.mock\"?\nIf you need to partially mock a module, you can use \"importOriginal\" helper inside:\n\n    at VitestMocker.createError (file:///C:/Users/HeberYesid/Desktop/DevTrack/frontend/node_modules/vitest/dist/chunks/startModuleRunner.DpqpB8k3.js:311:17)\n    at Object.get (file:///C:/Users/HeberYesid/Desktop/DevTrack/frontend/node_modules/vitest/dist/chunks/startModuleRunner.DpqpB8k3.js:384:16)\n    at C:/Users/HeberYesid/Desktop/DevTrack/frontend/src/state/AuthContext.jsx:184:29\n    at commitHookEffectListMount (C:\\Users\\HeberYesid\\Desktop\\DevTrack\\frontend\\node_modules\\react-dom\\cjs\\react-dom.development.js:23189:26)\n    at commitPassiveMountOnFiber (C:\\Users\\HeberYesid\\Desktop\\DevTrack\\frontend\\node_modules\\react-dom\\cjs\\react-dom.development.js:24970:11)\n    at commitPassiveMountEffects_complete (C:\\Users\\HeberYesid\\Desktop\\DevTrack\\frontend\\node_modules\\react-dom\\cjs\\react-dom.development.js:24930:9)\n    at commitPassiveMountEffects_begin (C:\\Users\\HeberYesid\\Desktop\\DevTrack\\frontend\\node_modules\\react-dom\\cjs\\react-dom.development.js:24917:7)\n    at commitPassiveMountEffects (C:\\Users\\HeberYesid\\Desktop\\DevTrack\\frontend\\node_modules\\react-dom\\cjs\\react-dom.development.js:24905:3)\n    at flushPassiveEffectsImpl (C:\\Users\\HeberYesid\\Desktop\\DevTrack\\frontend\\node_modules\\react-dom\\cjs\\react-dom.development.js:27078:3)\n    at flushPassiveEffects (C:\\Users\\HeberYesid\\Desktop\\DevTrack\\frontend\\node_modules\\react-dom\\cjs\\react-dom.development.js:27023:14)"],"meta":{}},{"ancestorTitles":["CSVUpload Component"],"fullName":"CSVUpload Component submits file successfully","status":"failed","title":"submits file successfully","duration":8.823699999999917,"failureMessages":["Error: [vitest] No \"AUTH_INVALIDATED_EVENT\" export is defined on the \"../../api/axios\" mock. Did you forget to return it from \"vi.mock\"?\nIf you need to partially mock a module, you can use \"importOriginal\" helper inside:\n\n    at VitestMocker.createError (file:///C:/Users/HeberYesid/Desktop/DevTrack/frontend/node_modules/vitest/dist/chunks/startModuleRunner.DpqpB8k3.js:311:17)\n    at Object.get (file:///C:/Users/HeberYesid/Desktop/DevTrack/frontend/node_modules/vitest/dist/chunks/startModuleRunner.DpqpB8k3.js:384:16)\n    at C:/Users/HeberYesid/Desktop/DevTrack/frontend/src/state/AuthContext.jsx:184:29\n    at commitHookEffectListMount (C:\\Users\\HeberYesid\\Desktop\\DevTrack\\frontend\\node_modules\\react-dom\\cjs\\react-dom.development.js:23189:26)\n    at commitPassiveMountOnFiber (C:\\Users\\HeberYesid\\Desktop\\DevTrack\\frontend\\node_modules\\react-dom\\cjs\\react-dom.development.js:24970:11)\n    at commitPassiveMountEffects_complete (C:\\Users\\HeberYesid\\Desktop\\DevTrack\\frontend\\node_modules\\react-dom\\cjs\\react-dom.development.js:24930:9)\n    at commitPassiveMountEffects_begin (C:\\Users\\HeberYesid\\Desktop\\DevTrack\\frontend\\node_modules\\react-dom\\cjs\\react-dom.development.js:24917:7)\n    at commitPassiveMountEffects (C:\\Users\\HeberYesid\\Desktop\\DevTrack\\frontend\\node_modules\\react-dom\\cjs\\react-dom.development.js:24905:3)\n    at flushPassiveEffectsImpl (C:\\Users\\HeberYesid\\Desktop\\DevTrack\\frontend\\node_modules\\react-dom\\cjs\\react-dom.development.js:27078:3)\n    at flushPassiveEffects (C:\\Users\\HeberYesid\\Desktop\\DevTrack\\frontend\\node_modules\\react-dom\\cjs\\react-dom.development.js:27023:14)"],"meta":{}},{"ancestorTitles":["CSVUpload Component"],"fullName":"CSVUpload Component handles upload errors","status":"failed","title":"handles upload errors","duration":13.203299999999672,"failureMessages":["Error: [vitest] No \"AUTH_INVALIDATED_EVENT\" export is defined on the \"../../api/axios\" mock. Did you forget to return it from \"vi.mock\"?\nIf you need to partially mock a module, you can use \"importOriginal\" helper inside:\n\n    at VitestMocker.createError (file:///C:/Users/HeberYesid/Desktop/DevTrack/frontend/node_modules/vitest/dist/chunks/startModuleRunner.DpqpB8k3.js:311:17)\n    at Object.get (file:///C:/Users/HeberYesid/Desktop/DevTrack/frontend/node_modules/vitest/dist/chunks/startModuleRunner.DpqpB8k3.js:384:16)\n    at C:/Users/HeberYesid/Desktop/DevTrack/frontend/src/state/AuthContext.jsx:184:29\n    at commitHookEffectListMount (C:\\Users\\HeberYesid\\Desktop\\DevTrack\\frontend\\node_modules\\react-dom\\cjs\\react-dom.development.js:23189:26)\n    at commitPassiveMountOnFiber (C:\\Users\\HeberYesid\\Desktop\\DevTrack\\frontend\\node_modules\\react-dom\\cjs\\react-dom.development.js:24970:11)\n    at commitPassiveMountEffects_complete (C:\\Users\\HeberYesid\\Desktop\\DevTrack\\frontend\\node_modules\\react-dom\\cjs\\react-dom.development.js:24930:9)\n    at commitPassiveMountEffects_begin (C:\\Users\\HeberYesid\\Desktop\\DevTrack\\frontend\\node_modules\\react-dom\\cjs\\react-dom.development.js:24917:7)\n    at commitPassiveMountEffects (C:\\Users\\HeberYesid\\Desktop\\DevTrack\\frontend\\node_modules\\react-dom\\cjs\\react-dom.development.js:24905:3)\n    at flushPassiveEffectsImpl (C:\\Users\\HeberYesid\\Desktop\\DevTrack\\frontend\\node_modules\\react-dom\\cjs\\react-dom.development.js:27078:3)\n    at flushPassiveEffects (C:\\Users\\HeberYesid\\Desktop\\DevTrack\\frontend\\node_modules\\react-dom\\cjs\\react-dom.development.js:27023:14)"],"meta":{}}],"startTime":1773351306945,"endTime":1773351307033.2034,"status":"failed","message":"","name":"C:/Users/HeberYesid/Desktop/DevTrack/frontend/src/components/__tests__/CSVUpload.test.jsx"},{"assertionResults":[{"ancestorTitles":["NavBar Component"],"fullName":"NavBar Component renders public navigation links","status":"passed","title":"renders public navigation links","duration":57.90520000000015,"failureMessages":[],"meta":{}},{"ancestorTitles":["NavBar Component"],"fullName":"NavBar Component shows login and register links when not authenticated","status":"passed","title":"shows login and register links when not authenticated","duration":9.986899999999878,"failureMessages":[],"meta":{}},{"ancestorTitles":["NavBar Component"],"fullName":"NavBar Component shows user menu when authenticated","status":"passed","title":"shows user menu when authenticated","duration":28.942200000000412,"failureMessages":[],"meta":{}},{"ancestorTitles":["NavBar Component"],"fullName":"NavBar Component shows logout option for authenticated user","status":"passed","title":"shows logout option for authenticated user","duration":13.205500000000029,"failureMessages":[],"meta":{}},{"ancestorTitles":["NavBar Component"],"fullName":"NavBar Component calls logout function when logout is clicked","status":"passed","title":"calls logout function when logout is clicked","duration":122.47069999999985,"failureMessages":[],"meta":{}},{"ancestorTitles":["NavBar Component"],"fullName":"NavBar Component shows navigation links for authenticated users","status":"passed","title":"shows navigation links for authenticated users","duration":14.144900000000234,"failureMessages":[],"meta":{}}],"startTime":1773351309537,"endTime":1773351309784.145,"status":"passed","message":"","name":"C:/Users/HeberYesid/Desktop/DevTrack/frontend/src/components/__tests__/NavBar.test.jsx"},{"assertionResults":[{"ancestorTitles":["ProtectedRoute Component"],"fullName":"ProtectedRoute Component renders children when user is authenticated","status":"passed","title":"renders children when user is authenticated","duration":41.097299999999905,"failureMessages":[],"meta":{}},{"ancestorTitles":["ProtectedRoute Component"],"fullName":"ProtectedRoute Component redirects to login when user is not authenticated","status":"passed","title":"redirects to login when user is not authenticated","duration":6.918100000000322,"failureMessages":[],"meta":{}},{"ancestorTitles":["ProtectedRoute Component"],"fullName":"ProtectedRoute Component redirects when user does not have required role","status":"passed","title":"redirects when user does not have required role","duration":4.293899999999667,"failureMessages":[],"meta":{}}],"startTime":1773351311868,"endTime":1773351311921.294,"status":"passed","message":"","name":"C:/Users/HeberYesid/Desktop/DevTrack/frontend/src/components/__tests__/ProtectedRoute.test.jsx"},{"assertionResults":[{"ancestorTitles":["PublicLayout component"],"fullName":"PublicLayout component renders PublicNavBar and children","status":"passed","title":"renders PublicNavBar and children","duration":33.49540000000002,"failureMessages":[],"meta":{}}],"startTime":1773351312456,"endTime":1773351312489.4954,"status":"passed","message":"","name":"C:/Users/HeberYesid/Desktop/DevTrack/frontend/src/components/__tests__/PublicLayout.test.jsx"},{"assertionResults":[{"ancestorTitles":["PublicNavBar component"],"fullName":"PublicNavBar component renders brand name and nav links","status":"passed","title":"renders brand name and nav links","duration":82.18329999999969,"failureMessages":[],"meta":{}},{"ancestorTitles":["PublicNavBar component"],"fullName":"PublicNavBar component renders \"Ir al Dashboard\" when authenticated","status":"passed","title":"renders \"Ir al Dashboard\" when authenticated","duration":12.419000000000324,"failureMessages":[],"meta":{}},{"ancestorTitles":["PublicNavBar component"],"fullName":"PublicNavBar component toggles mobile menu","status":"passed","title":"toggles mobile menu","duration":198.0310999999997,"failureMessages":[],"meta":{}}],"startTime":1773351310327,"endTime":1773351310621.031,"status":"passed","message":"","name":"C:/Users/HeberYesid/Desktop/DevTrack/frontend/src/components/__tests__/PublicNavBar.test.jsx"},{"assertionResults":[{"ancestorTitles":["StatusBadge component"],"fullName":"StatusBadge component renders pending status by default","status":"passed","title":"renders pending status by default","duration":37.9842000000001,"failureMessages":[],"meta":{}},{"ancestorTitles":["StatusBadge component"],"fullName":"StatusBadge component renders submitted status","status":"passed","title":"renders submitted status","duration":4.100999999999885,"failureMessages":[],"meta":{}},{"ancestorTitles":["StatusBadge component"],"fullName":"StatusBadge component renders score correctly","status":"passed","title":"renders score correctly","duration":4.214099999999917,"failureMessages":[],"meta":{}},{"ancestorTitles":["StatusBadge component"],"fullName":"StatusBadge component renders score with label","status":"passed","title":"renders score with label","duration":2.9873999999999796,"failureMessages":[],"meta":{}},{"ancestorTitles":["StatusBadge component"],"fullName":"StatusBadge component adds LOCKED class when locked","status":"passed","title":"adds LOCKED class when locked","duration":3.9394999999999527,"failureMessages":[],"meta":{}}],"startTime":1773351311778,"endTime":1773351311830.9395,"status":"passed","message":"","name":"C:/Users/HeberYesid/Desktop/DevTrack/frontend/src/components/__tests__/StatusBadge.test.jsx"},{"assertionResults":[{"ancestorTitles":["ThemeToggle component"],"fullName":"ThemeToggle component renders with dark theme","status":"passed","title":"renders with dark theme","duration":109.26299999999992,"failureMessages":[],"meta":{}},{"ancestorTitles":["ThemeToggle component"],"fullName":"ThemeToggle component renders with light theme","status":"passed","title":"renders with light theme","duration":11.714500000000044,"failureMessages":[],"meta":{}},{"ancestorTitles":["ThemeToggle component"],"fullName":"ThemeToggle component calls toggleTheme on click","status":"passed","title":"calls toggleTheme on click","duration":42.89379999999983,"failureMessages":[],"meta":{}}],"startTime":1773351311737,"endTime":1773351311900.8938,"status":"passed","message":"","name":"C:/Users/HeberYesid/Desktop/DevTrack/frontend/src/components/__tests__/ThemeToggle.test.jsx"},{"assertionResults":[{"ancestorTitles":["AuthContext"],"fullName":"AuthContext stores returned tokens when switching tenant","status":"passed","title":"stores returned tokens when switching tenant","duration":258.4042999999997,"failureMessages":[],"meta":{}},{"ancestorTitles":["AuthContext"],"fullName":"AuthContext clears in-memory auth when auth is invalidated externally","status":"passed","title":"clears in-memory auth when auth is invalidated externally","duration":45.0625,"failureMessages":[],"meta":{}}],"startTime":1773351310649,"endTime":1773351310953.0625,"status":"passed","message":"","name":"C:/Users/HeberYesid/Desktop/DevTrack/frontend/src/state/__tests__/AuthContext.test.jsx"},{"assertionResults":[{"ancestorTitles":["ThemeContext"],"fullName":"ThemeContext provides default dark theme","status":"passed","title":"provides default dark theme","duration":42.89460000000008,"failureMessages":[],"meta":{}},{"ancestorTitles":["ThemeContext"],"fullName":"ThemeContext toggles theme correctly","status":"passed","title":"toggles theme correctly","duration":107.10750000000007,"failureMessages":[],"meta":{}},{"ancestorTitles":["ThemeContext"],"fullName":"ThemeContext initializes from localStorage","status":"passed","title":"initializes from localStorage","duration":4.136399999999867,"failureMessages":[],"meta":{}}],"startTime":1773351311887,"endTime":1773351312041.1365,"status":"passed","message":"","name":"C:/Users/HeberYesid/Desktop/DevTrack/frontend/src/state/__tests__/ThemeContext.test.jsx"},{"assertionResults":[{"ancestorTitles":["AcademicSettings"],"fullName":"AcademicSettings loads existing period data into the form and patches it","status":"passed","title":"loads existing period data into the form and patches it","duration":1036.4251,"failureMessages":[],"meta":{}},{"ancestorTitles":["AcademicSettings"],"fullName":"AcademicSettings loads existing scale data into the form and patches it","status":"passed","title":"loads existing scale data into the form and patches it","duration":756.6927000000001,"failureMessages":[],"meta":{}}],"startTime":1773351306666,"endTime":1773351308459.6926,"status":"passed","message":"","name":"C:/Users/HeberYesid/Desktop/DevTrack/frontend/src/pages/__tests__/AcademicSettings.test.jsx"},{"assertionResults":[{"ancestorTitles":["CompleteRegistration page"],"fullName":"CompleteRegistration page submits the invitation code successfully","status":"failed","title":"submits the invitation code successfully","duration":72.88940000000002,"failureMessages":["Error: [vitest] No \"AUTH_INVALIDATED_EVENT\" export is defined on the \"../../api/axios\" mock. Did you forget to return it from \"vi.mock\"?\nIf you need to partially mock a module, you can use \"importOriginal\" helper inside:\n\n    at VitestMocker.createError (file:///C:/Users/HeberYesid/Desktop/DevTrack/frontend/node_modules/vitest/dist/chunks/startModuleRunner.DpqpB8k3.js:311:17)\n    at Object.get (file:///C:/Users/HeberYesid/Desktop/DevTrack/frontend/node_modules/vitest/dist/chunks/startModuleRunner.DpqpB8k3.js:384:16)\n    at C:/Users/HeberYesid/Desktop/DevTrack/frontend/src/state/AuthContext.jsx:184:29\n    at commitHookEffectListMount (C:\\Users\\HeberYesid\\Desktop\\DevTrack\\frontend\\node_modules\\react-dom\\cjs\\react-dom.development.js:23189:26)\n    at commitPassiveMountOnFiber (C:\\Users\\HeberYesid\\Desktop\\DevTrack\\frontend\\node_modules\\react-dom\\cjs\\react-dom.development.js:24970:11)\n    at commitPassiveMountEffects_complete (C:\\Users\\HeberYesid\\Desktop\\DevTrack\\frontend\\node_modules\\react-dom\\cjs\\react-dom.development.js:24930:9)\n    at commitPassiveMountEffects_begin (C:\\Users\\HeberYesid\\Desktop\\DevTrack\\frontend\\node_modules\\react-dom\\cjs\\react-dom.development.js:24917:7)\n    at commitPassiveMountEffects (C:\\Users\\HeberYesid\\Desktop\\DevTrack\\frontend\\node_modules\\react-dom\\cjs\\react-dom.development.js:24905:3)\n    at flushPassiveEffectsImpl (C:\\Users\\HeberYesid\\Desktop\\DevTrack\\frontend\\node_modules\\react-dom\\cjs\\react-dom.development.js:27078:3)\n    at flushPassiveEffects (C:\\Users\\HeberYesid\\Desktop\\DevTrack\\frontend\\node_modules\\react-dom\\cjs\\react-dom.development.js:27023:14)"],"meta":{}}],"startTime":1773351306937,"endTime":1773351307009.8894,"status":"failed","message":"","name":"C:/Users/HeberYesid/Desktop/DevTrack/frontend/src/pages/__tests__/CompleteRegistration.test.jsx"},{"assertionResults":[{"ancestorTitles":["Dashboard Component"],"fullName":"Dashboard Component renders dashboard for authenticated user","status":"passed","title":"renders dashboard for authenticated user","duration":113.60080000000016,"failureMessages":[],"meta":{}},{"ancestorTitles":["Dashboard Component"],"fullName":"Dashboard Component shows user name in welcome message","status":"passed","title":"shows user name in welcome message","duration":100.66510000000017,"failureMessages":[],"meta":{}},{"ancestorTitles":["Dashboard Component"],"fullName":"Dashboard Component displays loading state","status":"passed","title":"displays loading state","duration":23.51130000000012,"failureMessages":[],"meta":{}}],"startTime":1773351310585,"endTime":1773351310822.5112,"status":"passed","message":"","name":"C:/Users/HeberYesid/Desktop/DevTrack/frontend/src/pages/__tests__/Dashboard.test.jsx"},{"assertionResults":[{"ancestorTitles":["ForgotPassword page"],"fullName":"ForgotPassword page submits the form successfully","status":"passed","title":"submits the form successfully","duration":480.0585000000001,"failureMessages":[],"meta":{}}],"startTime":1773351309070,"endTime":1773351309550.0586,"status":"passed","message":"","name":"C:/Users/HeberYesid/Desktop/DevTrack/frontend/src/pages/__tests__/ForgotPassword.test.jsx"},{"assertionResults":[{"ancestorTitles":["Login Component"],"fullName":"Login Component renders login form","status":"passed","title":"renders login form","duration":209.8761999999997,"failureMessages":[],"meta":{}},{"ancestorTitles":["Login Component"],"fullName":"Login Component shows validation errors for empty fields","status":"passed","title":"shows validation errors for empty fields","duration":99.41489999999976,"failureMessages":[],"meta":{}},{"ancestorTitles":["Login Component"],"fullName":"Login Component allows user to type email and password","status":"passed","title":"allows user to type email and password","duration":548.1107000000002,"failureMessages":[],"meta":{}},{"ancestorTitles":["Login Component"],"fullName":"Login Component shows error message on failed login","status":"passed","title":"shows error message on failed login","duration":531.5011,"failureMessages":[],"meta":{}},{"ancestorTitles":["Login Component"],"fullName":"Login Component submits the form when pressing Enter in the password field","status":"passed","title":"submits the form when pressing Enter in the password field","duration":535.3351999999995,"failureMessages":[],"meta":{}},{"ancestorTitles":["Login Component"],"fullName":"Login Component hides the submit button during login lockout and restores it afterwards","status":"passed","title":"hides the submit button during login lockout and restores it afterwards","duration":1484.6752999999999,"failureMessages":[],"meta":{}},{"ancestorTitles":["Login Component"],"fullName":"Login Component has link to register page","status":"passed","title":"has link to register page","duration":8.682399999999689,"failureMessages":[],"meta":{}},{"ancestorTitles":["Login Component"],"fullName":"Login Component preserves tenant_id from the URL","status":"passed","title":"preserves tenant_id from the URL","duration":7.871599999999489,"failureMessages":[],"meta":{}},{"ancestorTitles":["Login Component"],"fullName":"Login Component preserves tenant_id when redirecting new Google users to complete registration","status":"passed","title":"preserves tenant_id when redirecting new Google users to complete registration","duration":57.915500000000065,"failureMessages":[],"meta":{}}],"startTime":1773351307079,"endTime":1773351310562.9155,"status":"passed","message":"","name":"C:/Users/HeberYesid/Desktop/DevTrack/frontend/src/pages/__tests__/Login.test.jsx"},{"assertionResults":[{"ancestorTitles":["Register Component"],"fullName":"Register Component shows only institution guidance without tenant_id","status":"passed","title":"shows only institution guidance without tenant_id","duration":109.13239999999996,"failureMessages":[],"meta":{}},{"ancestorTitles":["Register Component"],"fullName":"Register Component shows that public registration is only for students when tenant_id is present","status":"failed","title":"shows that public registration is only for students when tenant_id is present","duration":75.12950000000001,"failureMessages":["TestingLibraryElementError: Unable to find an element with the text: /registro publico esta disponible solo para estudiantes/i. This could be because the text is broken up by multiple elements. In this case, you can provide a function for your text matcher to make your matcher more flexible.\n\nIgnored nodes: comments, script, style\n\u001b[36m<body\u001b[39m\n  \u001b[33mclass\u001b[39m=\u001b[32m\"dark-theme\"\u001b[39m\n\u001b[36m>\u001b[39m\n  \u001b[36m<div>\u001b[39m\n    \u001b[36m<div\u001b[39m\n      \u001b[33mclass\u001b[39m=\u001b[32m\"auth-container\"\u001b[39m\n    \u001b[36m>\u001b[39m\n      \u001b[36m<div\u001b[39m\n        \u001b[33mclass\u001b[39m=\u001b[32m\"auth-card fade-in\"\u001b[39m\n      \u001b[36m>\u001b[39m\n        \u001b[36m<div\u001b[39m\n          \u001b[33mclass\u001b[39m=\u001b[32m\"auth-header\"\u001b[39m\n        \u001b[36m>\u001b[39m\n          \u001b[36m<h1>\u001b[39m\n            \u001b[36m<span\u001b[39m\n              \u001b[33mclass\u001b[39m=\u001b[32m\"auth-icon\"\u001b[39m\n            \u001b[36m/>\u001b[39m\n            \u001b[0m Crear Cuenta\u001b[0m\n          \u001b[36m</h1>\u001b[39m\n        \u001b[36m</div>\u001b[39m\n        \u001b[36m<div\u001b[39m\n          \u001b[33maria-live\u001b[39m=\u001b[32m\"polite\"\u001b[39m\n          \u001b[33mclass\u001b[39m=\u001b[32m\"alert success\"\u001b[39m\n          \u001b[33mrole\u001b[39m=\u001b[32m\"status\"\u001b[39m\n        \u001b[36m>\u001b[39m\n          \u001b[0mEst├ís creando tu cuenta como estudiante.\u001b[0m\n        \u001b[36m</div>\u001b[39m\n        \u001b[36m<form\u001b[39m\n          \u001b[33mclass\u001b[39m=\u001b[32m\"auth-form\"\u001b[39m\n        \u001b[36m>\u001b[39m\n          \u001b[36m<div\u001b[39m\n            \u001b[33mclass\u001b[39m=\u001b[32m\"grid cols-2\"\u001b[39m\n          \u001b[36m>\u001b[39m\n            \u001b[36m<div\u001b[39m\n              \u001b[33mclass\u001b[39m=\u001b[32m\"form-group\"\u001b[39m\n            \u001b[36m>\u001b[39m\n              \u001b[36m<label\u001b[39m\n                \u001b[33mfor\u001b[39m=\u001b[32m\"reg-first-name\"\u001b[39m\n              \u001b[36m>\u001b[39m\n                \u001b[0mNombres\u001b[0m\n              \u001b[36m</label>\u001b[39m\n              \u001b[36m<input\u001b[39m\n                \u001b[33mautocomplete\u001b[39m=\u001b[32m\"given-name\"\u001b[39m\n                \u001b[33mid\u001b[39m=\u001b[32m\"reg-first-name\"\u001b[39m\n                \u001b[33mplaceholder\u001b[39m=\u001b[32m\"Tu nombre\"\u001b[39m\n                \u001b[33mrequired\u001b[39m=\u001b[32m\"\"\u001b[39m\n                \u001b[33mtype\u001b[39m=\u001b[32m\"text\"\u001b[39m\n                \u001b[33mvalue\u001b[39m=\u001b[32m\"\"\u001b[39m\n              \u001b[36m/>\u001b[39m\n            \u001b[36m</div>\u001b[39m\n            \u001b[36m<div\u001b[39m\n              \u001b[33mclass\u001b[39m=\u001b[32m\"form-group\"\u001b[39m\n            \u001b[36m>\u001b[39m\n              \u001b[36m<label\u001b[39m\n                \u001b[33mfor\u001b[39m=\u001b[32m\"reg-last-name\"\u001b[39m\n              \u001b[36m>\u001b[39m\n                \u001b[0mApellidos\u001b[0m\n              \u001b[36m</label>\u001b[39m\n              \u001b[36m<input\u001b[39m\n                \u001b[33mautocomplete\u001b[39m=\u001b[32m\"family-name\"\u001b[39m\n                \u001b[33mid\u001b[39m=\u001b[32m\"reg-last-name\"\u001b[39m\n                \u001b[33mplaceholder\u001b[39m=\u001b[32m\"Tus apellidos\"\u001b[39m\n                \u001b[33mrequired\u001b[39m=\u001b[32m\"\"\u001b[39m\n                \u001b[33mtype\u001b[39m=\u001b[32m\"text\"\u001b[39m\n                \u001b[33mvalue\u001b[39m=\u001b[32m\"\"\u001b[39m\n              \u001b[36m/>\u001b[39m\n            \u001b[36m</div>\u001b[39m\n          \u001b[36m</div>\u001b[39m\n          \u001b[36m<div\u001b[39m\n            \u001b[33mclass\u001b[39m=\u001b[32m\"form-group\"\u001b[39m\n          \u001b[36m>\u001b[39m\n            \u001b[36m<label\u001b[39m\n              \u001b[33mfor\u001b[39m=\u001b[32m\"reg-email\"\u001b[39m\n            \u001b[36m>\u001b[39m\n              \u001b[0mCorreo Electronico\u001b[0m\n            \u001b[36m</label>\u001b[39m\n            \u001b[36m<input\u001b[39m\n              \u001b[33mautocomplete\u001b[39m=\u001b[32m\"email\"\u001b[39m\n              \u001b[33mid\u001b[39m=\u001b[32m\"reg-email\"\u001b[39m\n              \u001b[33mplaceholder\u001b[39m=\u001b[32m\"tu@email.com\"\u001b[39m\n              \u001b[33mrequired\u001b[39m=\u001b[32m\"\"\u001b[39m\n              \u001b[33mtype\u001b[39m=\u001b[32m\"email\"\u001b[39m\n              \u001b[33mvalue\u001b[39m=\u001b[32m\"\"\u001b[39m\n            \u001b[36m/>\u001b[39m\n          \u001b[36m</div>\u001b[39m\n          \u001b[36m<div\u001b[39m\n            \u001b[33mclass\u001b[39m=\u001b[32m\"form-group\"\u001b[39m\n          \u001b[36m>\u001b[39m\n            \u001b[36m<label\u001b[39m\n              \u001b[33mfor\u001b[39m=\u001b[32m\"reg-password\"\u001b[39m\n            \u001b[36m>\u001b[39m\n              \u001b[0mContrasena\u001b[0m\n            \u001b[36m</label>\u001b[39m\n            \u001b[36m<div\u001b[39m\n              \u001b[33mstyle\u001b[39m=\u001b[32m\"position: relative;\"\u001b[39m\n            \u001b[36m>\u001b[39m\n              \u001b[36m<input\u001b[39m\n                \u001b[33mautocomplete\u001b[39m=\u001b[32m\"new-password\"\u001b[39m\n                \u001b[33mid\u001b[39m=\u001b[32m\"reg-password\"\u001b[39m\n                \u001b[33mminlength\u001b[39m=\u001b[32m\"8\"\u001b[39m\n                \u001b[33mplaceholder\u001b[39m=\u001b[32m\"Minimo 8 caracteres\"\u001b[39m\n                \u001b[33mrequired\u001b[39m=\u001b[32m\"\"\u001b[39m\n                \u001b[33mstyle\u001b[39m=\u001b[32m\"padding-right: 2.5rem;\"\u001b[39m\n                \u001b[33mtype\u001b[39m=\u001b[32m\"password\"\u001b[39m\n                \u001b[33mvalue\u001b[39m=\u001b[32m\"\"\u001b[39m\n              \u001b[36m/>\u001b[39m\n              \u001b[36m<button\u001b[39m\n                \u001b[33maria-label\u001b[39m=\u001b[32m\"Mostrar contrasena\"\u001b[39m\n                \u001b[33mstyle\u001b[39m=\u001b[32m\"position: absolute; right: 0.5rem; top: 50%; transform: translateY(-50%); background: none; cursor: pointer; color: var(--text-secondary);\"\u001b[39m\n                \u001b[33mtype\u001b[39m=\u001b[32m\"button\"\u001b[39m\n              \u001b[36m>\u001b[39m\n                \u001b[0mMostrar\u001b[0m\n              \u001b[36m</button>\u001b[39m\n            \u001b[36m</div>\u001b[39m\n          \u001b[36m</div>\u001b[39m\n          \u001b[36m<div\u001b[39m\n            \u001b[33mclass\u001b[39m=\u001b[32m\"form-group\"\u001b[39m\n          \u001b[36m>\u001b[39m\n            \u001b[36m<label\u001b[39m\n              \u001b[33mfor\u001b[39m=\u001b[32m\"reg-confirm-password\"\u001b[39m\n            \u001b[36m>\u001b[39m\n              \u001b[0mConfirmar Contrasena\u001b[0m\n            \u001b[36m</label>\u001b[39m\n            \u001b[36m<div\u001b[39m\n              \u001b[33mstyle\u001b[39m=\u001b[32m\"position: relative;\"\u001b[39m\n            \u001b[36m>\u001b[39m\n              \u001b[36m<input\u001b[39m\n                \u001b[33mid\u001b[39m=\u001b[32m\"reg-confirm-password\"\u001b[39m\n                \u001b[33mminlength\u001b[39m=\u001b[32m\"8\"\u001b[39m\n                \u001b[33mplaceholder\u001b[39m=\u001b[32m\"Ingresa la contrasena nuevamente\"\u001b[39m\n                \u001b[33mrequired\u001b[39m=\u001b[32m\"\"\u001b[39m\n                \u001b[33mstyle\u001b[39m=\u001b[32m\"padding-right: 2.5rem;\"\u001b[39m\n                \u001b[33mtype\u001b[39m=\u001b[32m\"password\"\u001b[39m\n                \u001b[33mvalue\u001b[39m=\u001b[32m\"\"\u001b[39m\n              \u001b[36m/>\u001b[39m\n              \u001b[36m<button\u001b[39m\n                \u001b[33maria-label\u001b[39m=\u001b[32m\"Mostrar confirmacion\"\u001b[39m\n                \u001b[33mstyle\u001b[39m=\u001b[32m\"position: absolute; right: 0.5rem; top: 50%; transform: translateY(-50%); background: none; cursor: pointer; color: var(--text-secondary);\"\u001b[39m\n                \u001b[33mtype\u001b[39m=\u001b[32m\"button\"\u001b[39m\n              \u001b[36m>\u001b[39m\n                \u001b[0mMostrar\u001b[0m\n              \u001b[36m</button>\u001b[39m\n            \u001b[36m</div>\u001b[39m\n          \u001b[36m</div>\u001b[39m\n          \u001b[36m<div\u001b[39m\n            \u001b[33mclass\u001b[39m=\u001b[32m\"form-group\"\u001b[39m\n          \u001b[36m>\u001b[39m\n            \u001b[36m<div\u001b[39m\n              \u001b[33mstyle\u001b[39m=\u001b[32m\"width: 300px; height: 65px; background-color: rgb(245, 245, 245); border: 1px solid rgb(221, 221, 221); border-radius: 4px; display: flex; align-items: center; justify-content: center; color: rgb(102, 102, 102);\"\u001b[39m\n            \u001b[36m>\u001b[39m\n              \u001b[0mCargando captchaÔÇª\u001b[0m\n            \u001b[36m</div>\u001b[39m\n          \u001b[36m</div>\u001b[39m\n          \u001b[36m<div\u001b[39m\n            \u001b[33mstyle\u001b[39m=\u001b[32m\"padding: var(--space-sm); background-color: var(--bg-secondary); border-radius: var(--radius-md); font-size: var(--font-size-sm); color: var(--text-secondary); text-align: center;\"\u001b[39m\n          \u001b[36m>\u001b[39m\n            \u001b[0mEsperando verificacion de seguridad...\u001b[0m\n          \u001b[36m</div>\u001b[39m\n          \u001b[36m<button\u001b[39m\n            \u001b[33mclass\u001b[39m=\u001b[32m\"btn auth-btn\"\u001b[39m\n            \u001b[33mdisabled\u001b[39m=\u001b[32m\"\"\u001b[39m\n            \u001b[33mtype\u001b[39m=\u001b[32m\"submit\"\u001b[39m\n          \u001b[36m>\u001b[39m\n            \u001b[0mCargando...\u001b[0m\n          \u001b[36m</button>\u001b[39m\n        \u001b[36m</form>\u001b[39m\n        \u001b[36m<div\u001b[39m\n          \u001b[33mclass\u001b[39m=\u001b[32m\"auth-footer\"\u001b[39m\n        \u001b[36m>\u001b[39m\n          \u001b[36m<p>\u001b[39m\n            \u001b[0mYa tienes cuenta? \u001b[0m\n            \u001b[36m<a\u001b[39m\n              \u001b[33mclass\u001b[39m=\u001b[32m\"link\"\u001b[39m\n              \u001b[33mhref\u001b[39m=\u001b[32m\"/login?tenant_id=11111111-1111-1111-1111-111111111111\"\u001b[39m\n            \u001b[36m>\u001b[39m\n              \u001b[0mInicia sesion aqui\u001b[0m\n            \u001b[36m</a>\u001b[39m\n          \u001b[36m</p>\u001b[39m\n        \u001b[36m</div>\u001b[39m\n      \u001b[36m</div>\u001b[39m\n    \u001b[36m</div>\u001b[39m\n  \u001b[36m</div>\u001b[39m\n\u001b[36m</body>\u001b[39m\n    at Object.getElementError (C:\\Users\\HeberYesid\\Desktop\\DevTrack\\frontend\\node_modules\\@testing-library\\react\\node_modules\\@testing-library\\dom\\dist\\config.js:37:19)\n    at C:\\Users\\HeberYesid\\Desktop\\DevTrack\\frontend\\node_modules\\@testing-library\\react\\node_modules\\@testing-library\\dom\\dist\\query-helpers.js:76:38\n    at C:\\Users\\HeberYesid\\Desktop\\DevTrack\\frontend\\node_modules\\@testing-library\\react\\node_modules\\@testing-library\\dom\\dist\\query-helpers.js:52:17\n    at C:\\Users\\HeberYesid\\Desktop\\DevTrack\\frontend\\node_modules\\@testing-library\\react\\node_modules\\@testing-library\\dom\\dist\\query-helpers.js:95:19\n    at C:/Users/HeberYesid/Desktop/DevTrack/frontend/src/pages/__tests__/Register.test.jsx:32:19\n    at file:///C:/Users/HeberYesid/Desktop/DevTrack/frontend/node_modules/@vitest/runner/dist/index.js:145:11\n    at file:///C:/Users/HeberYesid/Desktop/DevTrack/frontend/node_modules/@vitest/runner/dist/index.js:915:26\n    at file:///C:/Users/HeberYesid/Desktop/DevTrack/frontend/node_modules/@vitest/runner/dist/index.js:1243:20\n    at new Promise (<anonymous>)\n    at runWithTimeout (file:///C:/Users/HeberYesid/Desktop/DevTrack/frontend/node_modules/@vitest/runner/dist/index.js:1209:10)"],"meta":{}},{"ancestorTitles":["Register Component"],"fullName":"Register Component renders registration form when tenant_id is present","status":"passed","title":"renders registration form when tenant_id is present","duration":118.4726999999998,"failureMessages":[],"meta":{}},{"ancestorTitles":["Register Component"],"fullName":"Register Component does not render teacher or caregiver role buttons","status":"passed","title":"does not render teacher or caregiver role buttons","duration":16.935300000000097,"failureMessages":[],"meta":{}},{"ancestorTitles":["Register Component"],"fullName":"Register Component captures tenant_id from query string","status":"passed","title":"captures tenant_id from query string","duration":29.84569999999985,"failureMessages":[],"meta":{}},{"ancestorTitles":["Register Component"],"fullName":"Register Component allows user to fill registration form","status":"passed","title":"allows user to fill registration form","duration":751.4324999999999,"failureMessages":[],"meta":{}},{"ancestorTitles":["Register Component"],"fullName":"Register Component shows form for student registration only when tenant_id is present","status":"passed","title":"shows form for student registration only when tenant_id is present","duration":11.087699999999586,"failureMessages":[],"meta":{}},{"ancestorTitles":["Register Component"],"fullName":"Register Component has link to login page","status":"passed","title":"has link to login page","duration":8.502300000000105,"failureMessages":[],"meta":{}},{"ancestorTitles":["Register Component"],"fullName":"Register Component does not show public role selection buttons","status":"passed","title":"does not show public role selection buttons","duration":5.973399999999856,"failureMessages":[],"meta":{}},{"ancestorTitles":["Register Component"],"fullName":"Register Component validates password minimum length","status":"passed","title":"validates password minimum length","duration":15.800399999999627,"failureMessages":[],"meta":{}},{"ancestorTitles":["Register Component"],"fullName":"Register Component keeps the form hidden even if an active tenant exists without tenant_id in the URL","status":"passed","title":"keeps the form hidden even if an active tenant exists without tenant_id in the URL","duration":15.525500000000648,"failureMessages":[],"meta":{}}],"startTime":1773351307067,"endTime":1773351308225.5254,"status":"failed","message":"","name":"C:/Users/HeberYesid/Desktop/DevTrack/frontend/src/pages/__tests__/Register.test.jsx"},{"assertionResults":[{"ancestorTitles":["RegisterTeacher page"],"fullName":"RegisterTeacher page submits registration successfully","status":"failed","title":"submits registration successfully","duration":81.03200000000015,"failureMessages":["Error: [vitest] No \"AUTH_INVALIDATED_EVENT\" export is defined on the \"../../api/axios\" mock. Did you forget to return it from \"vi.mock\"?\nIf you need to partially mock a module, you can use \"importOriginal\" helper inside:\n\n    at VitestMocker.createError (file:///C:/Users/HeberYesid/Desktop/DevTrack/frontend/node_modules/vitest/dist/chunks/startModuleRunner.DpqpB8k3.js:311:17)\n    at Object.get (file:///C:/Users/HeberYesid/Desktop/DevTrack/frontend/node_modules/vitest/dist/chunks/startModuleRunner.DpqpB8k3.js:384:16)\n    at C:/Users/HeberYesid/Desktop/DevTrack/frontend/src/state/AuthContext.jsx:184:29\n    at commitHookEffectListMount (C:\\Users\\HeberYesid\\Desktop\\DevTrack\\frontend\\node_modules\\react-dom\\cjs\\react-dom.development.js:23189:26)\n    at commitPassiveMountOnFiber (C:\\Users\\HeberYesid\\Desktop\\DevTrack\\frontend\\node_modules\\react-dom\\cjs\\react-dom.development.js:24970:11)\n    at commitPassiveMountEffects_complete (C:\\Users\\HeberYesid\\Desktop\\DevTrack\\frontend\\node_modules\\react-dom\\cjs\\react-dom.development.js:24930:9)\n    at commitPassiveMountEffects_begin (C:\\Users\\HeberYesid\\Desktop\\DevTrack\\frontend\\node_modules\\react-dom\\cjs\\react-dom.development.js:24917:7)\n    at commitPassiveMountEffects (C:\\Users\\HeberYesid\\Desktop\\DevTrack\\frontend\\node_modules\\react-dom\\cjs\\react-dom.development.js:24905:3)\n    at flushPassiveEffectsImpl (C:\\Users\\HeberYesid\\Desktop\\DevTrack\\frontend\\node_modules\\react-dom\\cjs\\react-dom.development.js:27078:3)\n    at flushPassiveEffects (C:\\Users\\HeberYesid\\Desktop\\DevTrack\\frontend\\node_modules\\react-dom\\cjs\\react-dom.development.js:27023:14)"],"meta":{}}],"startTime":1773351306707,"endTime":1773351306788.032,"status":"failed","message":"","name":"C:/Users/HeberYesid/Desktop/DevTrack/frontend/src/pages/__tests__/RegisterTeacher.test.jsx"},{"assertionResults":[{"ancestorTitles":["RegisterTutor page"],"fullName":"RegisterTutor page submits registration successfully","status":"failed","title":"submits registration successfully","duration":84.51639999999998,"failureMessages":["Error: [vitest] No \"AUTH_INVALIDATED_EVENT\" export is defined on the \"../../api/axios\" mock. Did you forget to return it from \"vi.mock\"?\nIf you need to partially mock a module, you can use \"importOriginal\" helper inside:\n\n    at VitestMocker.createError (file:///C:/Users/HeberYesid/Desktop/DevTrack/frontend/node_modules/vitest/dist/chunks/startModuleRunner.DpqpB8k3.js:311:17)\n    at Object.get (file:///C:/Users/HeberYesid/Desktop/DevTrack/frontend/node_modules/vitest/dist/chunks/startModuleRunner.DpqpB8k3.js:384:16)\n    at C:/Users/HeberYesid/Desktop/DevTrack/frontend/src/state/AuthContext.jsx:184:29\n    at commitHookEffectListMount (C:\\Users\\HeberYesid\\Desktop\\DevTrack\\frontend\\node_modules\\react-dom\\cjs\\react-dom.development.js:23189:26)\n    at commitPassiveMountOnFiber (C:\\Users\\HeberYesid\\Desktop\\DevTrack\\frontend\\node_modules\\react-dom\\cjs\\react-dom.development.js:24970:11)\n    at commitPassiveMountEffects_complete (C:\\Users\\HeberYesid\\Desktop\\DevTrack\\frontend\\node_modules\\react-dom\\cjs\\react-dom.development.js:24930:9)\n    at commitPassiveMountEffects_begin (C:\\Users\\HeberYesid\\Desktop\\DevTrack\\frontend\\node_modules\\react-dom\\cjs\\react-dom.development.js:24917:7)\n    at commitPassiveMountEffects (C:\\Users\\HeberYesid\\Desktop\\DevTrack\\frontend\\node_modules\\react-dom\\cjs\\react-dom.development.js:24905:3)\n    at flushPassiveEffectsImpl (C:\\Users\\HeberYesid\\Desktop\\DevTrack\\frontend\\node_modules\\react-dom\\cjs\\react-dom.development.js:27078:3)\n    at flushPassiveEffects (C:\\Users\\HeberYesid\\Desktop\\DevTrack\\frontend\\node_modules\\react-dom\\cjs\\react-dom.development.js:27023:14)"],"meta":{}}],"startTime":1773351306706,"endTime":1773351306790.5164,"status":"failed","message":"","name":"C:/Users/HeberYesid/Desktop/DevTrack/frontend/src/pages/__tests__/RegisterTutor.test.jsx"},{"assertionResults":[{"ancestorTitles":["ResetPassword page"],"fullName":"ResetPassword page submits the form successfully","status":"passed","title":"submits the form successfully","duration":1028.2529,"failureMessages":[],"meta":{}}],"startTime":1773351308968,"endTime":1773351309996.253,"status":"passed","message":"","name":"C:/Users/HeberYesid/Desktop/DevTrack/frontend/src/pages/__tests__/ResetPassword.test.jsx"},{"assertionResults":[{"ancestorTitles":["SubjectDetail Component"],"fullName":"SubjectDetail Component renders loading state initially","status":"passed","title":"renders loading state initially","duration":70.6297999999997,"failureMessages":[],"meta":{}},{"ancestorTitles":["SubjectDetail Component"],"fullName":"SubjectDetail Component renders subject details after loading","status":"passed","title":"renders subject details after loading","duration":79.27329999999984,"failureMessages":[],"meta":{}},{"ancestorTitles":["SubjectDetail Component"],"fullName":"SubjectDetail Component displays dashboard stats correctly","status":"passed","title":"displays dashboard stats correctly","duration":51.48199999999997,"failureMessages":[],"meta":{}},{"ancestorTitles":["SubjectDetail Component"],"fullName":"SubjectDetail Component switches tabs and shows results with status","status":"passed","title":"switches tabs and shows results with status","duration":181.5368000000003,"failureMessages":[],"meta":{}},{"ancestorTitles":["SubjectDetail Component"],"fullName":"SubjectDetail Component hides locked periods from the exercise creation selector","status":"passed","title":"hides locked periods from the exercise creation selector","duration":199.61679999999978,"failureMessages":[],"meta":{}},{"ancestorTitles":["SubjectDetail Component"],"fullName":"SubjectDetail Component disables result editing when the exercise period is locked","status":"passed","title":"disables result editing when the exercise period is locked","duration":132.13160000000016,"failureMessages":[],"meta":{}},{"ancestorTitles":["SubjectDetail Component"],"fullName":"SubjectDetail Component handles error when loading fails","status":"passed","title":"handles error when loading fails","duration":23.957000000000335,"failureMessages":[],"meta":{}},{"ancestorTitles":["SubjectDetail Component"],"fullName":"SubjectDetail Component allows adding a new exercise","status":"passed","title":"allows adding a new exercise","duration":393.20059999999967,"failureMessages":[],"meta":{}}],"startTime":1773351307186,"endTime":1773351308318.2007,"status":"passed","message":"","name":"C:/Users/HeberYesid/Desktop/DevTrack/frontend/src/pages/__tests__/SubjectDetail.test.jsx"},{"assertionResults":[{"ancestorTitles":["Subjects"],"fullName":"Subjects shows the backend validation message when subject creation fails","status":"passed","title":"shows the backend validation message when subject creation fails","duration":378.8685999999998,"failureMessages":[],"meta":{}}],"startTime":1773351309249,"endTime":1773351309627.8687,"status":"passed","message":"","name":"C:/Users/HeberYesid/Desktop/DevTrack/frontend/src/pages/__tests__/Subjects.test.jsx"},{"assertionResults":[{"ancestorTitles":["TenantCommercialAdmin"],"fullName":"TenantCommercialAdmin blocks access for non-global-admin users","status":"passed","title":"blocks access for non-global-admin users","duration":47.620200000000295,"failureMessages":[],"meta":{}},{"ancestorTitles":["TenantCommercialAdmin"],"fullName":"TenantCommercialAdmin loads tenant commercial config and audits","status":"passed","title":"loads tenant commercial config and audits","duration":529.9472000000001,"failureMessages":[],"meta":{}},{"ancestorTitles":["TenantCommercialAdmin"],"fullName":"TenantCommercialAdmin saves commercial config with audit reason","status":"passed","title":"saves commercial config with audit reason","duration":989.0181000000002,"failureMessages":[],"meta":{}}],"startTime":1773351306921,"endTime":1773351308488.018,"status":"passed","message":"","name":"C:/Users/HeberYesid/Desktop/DevTrack/frontend/src/pages/__tests__/TenantCommercialAdmin.test.jsx"},{"assertionResults":[{"ancestorTitles":["TenantOperationsAudit"],"fullName":"TenantOperationsAudit blocks access for non-admin users","status":"passed","title":"blocks access for non-admin users","duration":42.09860000000026,"failureMessages":[],"meta":{}},{"ancestorTitles":["TenantOperationsAudit"],"fullName":"TenantOperationsAudit loads audits and applies filters","status":"passed","title":"loads audits and applies filters","duration":527.3471,"failureMessages":[],"meta":{}},{"ancestorTitles":["TenantOperationsAudit"],"fullName":"TenantOperationsAudit shows administrator-friendly details instead of technical raw data","status":"passed","title":"shows administrator-friendly details instead of technical raw data","duration":122.91559999999981,"failureMessages":[],"meta":{}}],"startTime":1773351309075,"endTime":1773351309767.9155,"status":"passed","message":"","name":"C:/Users/HeberYesid/Desktop/DevTrack/frontend/src/pages/__tests__/TenantOperationsAudit.test.jsx"},{"assertionResults":[{"ancestorTitles":["UserProfile Component"],"fullName":"UserProfile Component renders user profile information","status":"failed","title":"renders user profile information","duration":53.44260000000031,"failureMessages":["Error: [vitest] No \"AUTH_INVALIDATED_EVENT\" export is defined on the \"../../api/axios\" mock. Did you forget to return it from \"vi.mock\"?\nIf you need to partially mock a module, you can use \"importOriginal\" helper inside:\n\n    at VitestMocker.createError (file:///C:/Users/HeberYesid/Desktop/DevTrack/frontend/node_modules/vitest/dist/chunks/startModuleRunner.DpqpB8k3.js:311:17)\n    at Object.get (file:///C:/Users/HeberYesid/Desktop/DevTrack/frontend/node_modules/vitest/dist/chunks/startModuleRunner.DpqpB8k3.js:384:16)\n    at C:/Users/HeberYesid/Desktop/DevTrack/frontend/src/state/AuthContext.jsx:184:29\n    at commitHookEffectListMount (C:\\Users\\HeberYesid\\Desktop\\DevTrack\\frontend\\node_modules\\react-dom\\cjs\\react-dom.development.js:23189:26)\n    at commitPassiveMountOnFiber (C:\\Users\\HeberYesid\\Desktop\\DevTrack\\frontend\\node_modules\\react-dom\\cjs\\react-dom.development.js:24970:11)\n    at commitPassiveMountEffects_complete (C:\\Users\\HeberYesid\\Desktop\\DevTrack\\frontend\\node_modules\\react-dom\\cjs\\react-dom.development.js:24930:9)\n    at commitPassiveMountEffects_begin (C:\\Users\\HeberYesid\\Desktop\\DevTrack\\frontend\\node_modules\\react-dom\\cjs\\react-dom.development.js:24917:7)\n    at commitPassiveMountEffects (C:\\Users\\HeberYesid\\Desktop\\DevTrack\\frontend\\node_modules\\react-dom\\cjs\\react-dom.development.js:24905:3)\n    at flushPassiveEffectsImpl (C:\\Users\\HeberYesid\\Desktop\\DevTrack\\frontend\\node_modules\\react-dom\\cjs\\react-dom.development.js:27078:3)\n    at flushPassiveEffects (C:\\Users\\HeberYesid\\Desktop\\DevTrack\\frontend\\node_modules\\react-dom\\cjs\\react-dom.development.js:27023:14)"],"meta":{}},{"ancestorTitles":["UserProfile Component"],"fullName":"UserProfile Component allows updating profile information","status":"failed","title":"allows updating profile information","duration":13.732300000000123,"failureMessages":["Error: [vitest] No \"AUTH_INVALIDATED_EVENT\" export is defined on the \"../../api/axios\" mock. Did you forget to return it from \"vi.mock\"?\nIf you need to partially mock a module, you can use \"importOriginal\" helper inside:\n\n    at VitestMocker.createError (file:///C:/Users/HeberYesid/Desktop/DevTrack/frontend/node_modules/vitest/dist/chunks/startModuleRunner.DpqpB8k3.js:311:17)\n    at Object.get (file:///C:/Users/HeberYesid/Desktop/DevTrack/frontend/node_modules/vitest/dist/chunks/startModuleRunner.DpqpB8k3.js:384:16)\n    at C:/Users/HeberYesid/Desktop/DevTrack/frontend/src/state/AuthContext.jsx:184:29\n    at commitHookEffectListMount (C:\\Users\\HeberYesid\\Desktop\\DevTrack\\frontend\\node_modules\\react-dom\\cjs\\react-dom.development.js:23189:26)\n    at commitPassiveMountOnFiber (C:\\Users\\HeberYesid\\Desktop\\DevTrack\\frontend\\node_modules\\react-dom\\cjs\\react-dom.development.js:24970:11)\n    at commitPassiveMountEffects_complete (C:\\Users\\HeberYesid\\Desktop\\DevTrack\\frontend\\node_modules\\react-dom\\cjs\\react-dom.development.js:24930:9)\n    at commitPassiveMountEffects_begin (C:\\Users\\HeberYesid\\Desktop\\DevTrack\\frontend\\node_modules\\react-dom\\cjs\\react-dom.development.js:24917:7)\n    at commitPassiveMountEffects (C:\\Users\\HeberYesid\\Desktop\\DevTrack\\frontend\\node_modules\\react-dom\\cjs\\react-dom.development.js:24905:3)\n    at flushPassiveEffectsImpl (C:\\Users\\HeberYesid\\Desktop\\DevTrack\\frontend\\node_modules\\react-dom\\cjs\\react-dom.development.js:27078:3)\n    at flushPassiveEffects (C:\\Users\\HeberYesid\\Desktop\\DevTrack\\frontend\\node_modules\\react-dom\\cjs\\react-dom.development.js:27023:14)"],"meta":{}},{"ancestorTitles":["UserProfile Component"],"fullName":"UserProfile Component validates password matching during change","status":"failed","title":"validates password matching during change","duration":9.868799999999737,"failureMessages":["Error: [vitest] No \"AUTH_INVALIDATED_EVENT\" export is defined on the \"../../api/axios\" mock. Did you forget to return it from \"vi.mock\"?\nIf you need to partially mock a module, you can use \"importOriginal\" helper inside:\n\n    at VitestMocker.createError (file:///C:/Users/HeberYesid/Desktop/DevTrack/frontend/node_modules/vitest/dist/chunks/startModuleRunner.DpqpB8k3.js:311:17)\n    at Object.get (file:///C:/Users/HeberYesid/Desktop/DevTrack/frontend/node_modules/vitest/dist/chunks/startModuleRunner.DpqpB8k3.js:384:16)\n    at C:/Users/HeberYesid/Desktop/DevTrack/frontend/src/state/AuthContext.jsx:184:29\n    at commitHookEffectListMount (C:\\Users\\HeberYesid\\Desktop\\DevTrack\\frontend\\node_modules\\react-dom\\cjs\\react-dom.development.js:23189:26)\n    at commitPassiveMountOnFiber (C:\\Users\\HeberYesid\\Desktop\\DevTrack\\frontend\\node_modules\\react-dom\\cjs\\react-dom.development.js:24970:11)\n    at commitPassiveMountEffects_complete (C:\\Users\\HeberYesid\\Desktop\\DevTrack\\frontend\\node_modules\\react-dom\\cjs\\react-dom.development.js:24930:9)\n    at commitPassiveMountEffects_begin (C:\\Users\\HeberYesid\\Desktop\\DevTrack\\frontend\\node_modules\\react-dom\\cjs\\react-dom.development.js:24917:7)\n    at commitPassiveMountEffects (C:\\Users\\HeberYesid\\Desktop\\DevTrack\\frontend\\node_modules\\react-dom\\cjs\\react-dom.development.js:24905:3)\n    at flushPassiveEffectsImpl (C:\\Users\\HeberYesid\\Desktop\\DevTrack\\frontend\\node_modules\\react-dom\\cjs\\react-dom.development.js:27078:3)\n    at flushPassiveEffects (C:\\Users\\HeberYesid\\Desktop\\DevTrack\\frontend\\node_modules\\react-dom\\cjs\\react-dom.development.js:27023:14)"],"meta":{}},{"ancestorTitles":["UserProfile Component"],"fullName":"UserProfile Component allows a student to invite a caregiver","status":"failed","title":"allows a student to invite a caregiver","duration":14.045999999999822,"failureMessages":["Error: [vitest] No \"AUTH_INVALIDATED_EVENT\" export is defined on the \"../../api/axios\" mock. Did you forget to return it from \"vi.mock\"?\nIf you need to partially mock a module, you can use \"importOriginal\" helper inside:\n\n    at VitestMocker.createError (file:///C:/Users/HeberYesid/Desktop/DevTrack/frontend/node_modules/vitest/dist/chunks/startModuleRunner.DpqpB8k3.js:311:17)\n    at Object.get (file:///C:/Users/HeberYesid/Desktop/DevTrack/frontend/node_modules/vitest/dist/chunks/startModuleRunner.DpqpB8k3.js:384:16)\n    at C:/Users/HeberYesid/Desktop/DevTrack/frontend/src/state/AuthContext.jsx:184:29\n    at commitHookEffectListMount (C:\\Users\\HeberYesid\\Desktop\\DevTrack\\frontend\\node_modules\\react-dom\\cjs\\react-dom.development.js:23189:26)\n    at commitPassiveMountOnFiber (C:\\Users\\HeberYesid\\Desktop\\DevTrack\\frontend\\node_modules\\react-dom\\cjs\\react-dom.development.js:24970:11)\n    at commitPassiveMountEffects_complete (C:\\Users\\HeberYesid\\Desktop\\DevTrack\\frontend\\node_modules\\react-dom\\cjs\\react-dom.development.js:24930:9)\n    at commitPassiveMountEffects_begin (C:\\Users\\HeberYesid\\Desktop\\DevTrack\\frontend\\node_modules\\react-dom\\cjs\\react-dom.development.js:24917:7)\n    at commitPassiveMountEffects (C:\\Users\\HeberYesid\\Desktop\\DevTrack\\frontend\\node_modules\\react-dom\\cjs\\react-dom.development.js:24905:3)\n    at flushPassiveEffectsImpl (C:\\Users\\HeberYesid\\Desktop\\DevTrack\\frontend\\node_modules\\react-dom\\cjs\\react-dom.development.js:27078:3)\n    at flushPassiveEffects (C:\\Users\\HeberYesid\\Desktop\\DevTrack\\frontend\\node_modules\\react-dom\\cjs\\react-dom.development.js:27023:14)"],"meta":{}}],"startTime":1773351306728,"endTime":1773351306820.046,"status":"failed","message":"","name":"C:/Users/HeberYesid/Desktop/DevTrack/frontend/src/pages/__tests__/UserProfile.test.jsx"},{"assertionResults":[{"ancestorTitles":["VerifyCode page"],"fullName":"VerifyCode page submits the code successfully","status":"failed","title":"submits the code successfully","duration":62.7838999999999,"failureMessages":["Error: [vitest] No \"AUTH_INVALIDATED_EVENT\" export is defined on the \"../../api/axios\" mock. Did you forget to return it from \"vi.mock\"?\nIf you need to partially mock a module, you can use \"importOriginal\" helper inside:\n\n    at VitestMocker.createError (file:///C:/Users/HeberYesid/Desktop/DevTrack/frontend/node_modules/vitest/dist/chunks/startModuleRunner.DpqpB8k3.js:311:17)\n    at Object.get (file:///C:/Users/HeberYesid/Desktop/DevTrack/frontend/node_modules/vitest/dist/chunks/startModuleRunner.DpqpB8k3.js:384:16)\n    at C:/Users/HeberYesid/Desktop/DevTrack/frontend/src/state/AuthContext.jsx:184:29\n    at commitHookEffectListMount (C:\\Users\\HeberYesid\\Desktop\\DevTrack\\frontend\\node_modules\\react-dom\\cjs\\react-dom.development.js:23189:26)\n    at commitPassiveMountOnFiber (C:\\Users\\HeberYesid\\Desktop\\DevTrack\\frontend\\node_modules\\react-dom\\cjs\\react-dom.development.js:24970:11)\n    at commitPassiveMountEffects_complete (C:\\Users\\HeberYesid\\Desktop\\DevTrack\\frontend\\node_modules\\react-dom\\cjs\\react-dom.development.js:24930:9)\n    at commitPassiveMountEffects_begin (C:\\Users\\HeberYesid\\Desktop\\DevTrack\\frontend\\node_modules\\react-dom\\cjs\\react-dom.development.js:24917:7)\n    at commitPassiveMountEffects (C:\\Users\\HeberYesid\\Desktop\\DevTrack\\frontend\\node_modules\\react-dom\\cjs\\react-dom.development.js:24905:3)\n    at flushPassiveEffectsImpl (C:\\Users\\HeberYesid\\Desktop\\DevTrack\\frontend\\node_modules\\react-dom\\cjs\\react-dom.development.js:27078:3)\n    at flushPassiveEffects (C:\\Users\\HeberYesid\\Desktop\\DevTrack\\frontend\\node_modules\\react-dom\\cjs\\react-dom.development.js:27023:14)"],"meta":{}}],"startTime":1773351306687,"endTime":1773351306749.784,"status":"failed","message":"","name":"C:/Users/HeberYesid/Desktop/DevTrack/frontend/src/pages/__tests__/VerifyCode.test.jsx"},{"assertionResults":[{"ancestorTitles":["branding utility","getBrandInitials"],"fullName":"branding utility getBrandInitials returns \"AA\" for empty or undefined input","status":"passed","title":"returns \"AA\" for empty or undefined input","duration":1.4354000000000724,"failureMessages":[],"meta":{}},{"ancestorTitles":["branding utility","getBrandInitials"],"fullName":"branding utility getBrandInitials returns first two letters uppercase for single word","status":"passed","title":"returns first two letters uppercase for single word","duration":0.4032999999999447,"failureMessages":[],"meta":{}},{"ancestorTitles":["branding utility","getBrandInitials"],"fullName":"branding utility getBrandInitials returns first letter of first two words uppercase for multiple words","status":"passed","title":"returns first letter of first two words uppercase for multiple words","duration":0.3191999999999098,"failureMessages":[],"meta":{}},{"ancestorTitles":["branding utility","getBrandInitials"],"fullName":"branding utility getBrandInitials handles extra spaces correctly","status":"passed","title":"handles extra spaces correctly","duration":0.27530000000001564,"failureMessages":[],"meta":{}}],"startTime":1773351312692,"endTime":1773351312694.4033,"status":"passed","message":"","name":"C:/Users/HeberYesid/Desktop/DevTrack/frontend/src/utils/__tests__/branding.test.js"},{"assertionResults":[{"ancestorTitles":["toast utility"],"fullName":"toast utility creates a toast container if it does not exist","status":"passed","title":"creates a toast container if it does not exist","duration":73.03089999999997,"failureMessages":[],"meta":{}},{"ancestorTitles":["toast utility"],"fullName":"toast utility renders a toast with correct message and default type","status":"passed","title":"renders a toast with correct message and default type","duration":13.951599999999871,"failureMessages":[],"meta":{}},{"ancestorTitles":["toast utility"],"fullName":"toast utility renders different types correctly","status":"passed","title":"renders different types correctly","duration":29.972499999999854,"failureMessages":[],"meta":{}},{"ancestorTitles":["toast utility"],"fullName":"toast utility auto-closes after duration","status":"passed","title":"auto-closes after duration","duration":8.164800000000014,"failureMessages":[],"meta":{}},{"ancestorTitles":["toast utility"],"fullName":"toast utility renders custom password change toast","status":"passed","title":"renders custom password change toast","duration":6.066399999999703,"failureMessages":[],"meta":{}}],"startTime":1773351311839,"endTime":1773351311970.0664,"status":"passed","message":"","name":"C:/Users/HeberYesid/Desktop/DevTrack/frontend/src/utils/__tests__/toast.test.js"}]}
