{"numTotalTestSuites":14,"numPassedTestSuites":6,"numFailedTestSuites":8,"numPendingTestSuites":0,"numTotalTests":25,"numPassedTests":18,"numFailedTests":7,"numPendingTests":0,"numTodoTests":0,"snapshot":{"added":0,"failure":false,"filesAdded":0,"filesRemoved":0,"filesRemovedList":[],"filesUnmatched":0,"filesUpdated":0,"matched":0,"total":0,"unchecked":0,"uncheckedKeysByFile":[],"unmatched":0,"updated":0,"didUpdate":false},"startTime":1773352887390,"success":false,"testResults":[{"assertionResults":[{"ancestorTitles":["Calendar page"],"fullName":"Calendar page fetches and renders subjects and events","status":"passed","title":"fetches and renders subjects and events","duration":137.39350000000013,"failureMessages":[],"meta":{}},{"ancestorTitles":["Calendar page"],"fullName":"Calendar page filters events by subject","status":"passed","title":"filters events by subject","duration":182.62339999999995,"failureMessages":[],"meta":{}},{"ancestorTitles":["Calendar page"],"fullName":"Calendar page shows event details in modal when event is clicked","status":"failed","title":"shows event details in modal when event is clicked","duration":226.20960000000014,"failureMessages":["TestingLibraryElementError: Found multiple elements with the role \"button\" and name `/Cerrar/i`\n\nHere are the matching elements:\n\nIgnored nodes: comments, script, style\n\u001b[36m<button\u001b[39m\n  \u001b[33maria-label\u001b[39m=\u001b[32m\"Cerrar evento\"\u001b[39m\n  \u001b[33mclass\u001b[39m=\u001b[32m\"modal-backdrop-button\"\u001b[39m\n  \u001b[33mtype\u001b[39m=\u001b[32m\"button\"\u001b[39m\n\u001b[36m/>\u001b[39m\n\nIgnored nodes: comments, script, style\n\u001b[36m<button\u001b[39m\n  \u001b[33mclass\u001b[39m=\u001b[32m\"btn secondary\"\u001b[39m\n\u001b[36m>\u001b[39m\n  \u001b[0mCerrar\u001b[0m\n\u001b[36m</button>\u001b[39m\n\n(If this is intentional, then use the `*AllBy*` variant of the query (like `queryAllByText`, `getAllByText`, or `findAllByText`)).\n\nIgnored nodes: comments, script, style\n\u001b[36m<body>\u001b[39m\n  \u001b[36m<div>\u001b[39m\n    \u001b[36m<div\u001b[39m\n      \u001b[33mclass\u001b[39m=\u001b[32m\"calendar-page\"\u001b[39m\n    \u001b[36m>\u001b[39m\n      \u001b[36m<div\u001b[39m\n        \u001b[33mclass\u001b[39m=\u001b[32m\"header-actions\"\u001b[39m\n        \u001b[33mstyle\u001b[39m=\u001b[32m\"margin-bottom: 20px; display: flex; justify-content: space-between; align-items: center;\"\u001b[39m\n      \u001b[36m>\u001b[39m\n        \u001b[36m<h1>\u001b[39m\n          \u001b[0mCalendario Acad├®mico\u001b[0m\n        \u001b[36m</h1>\u001b[39m\n        \u001b[36m<div\u001b[39m\n          \u001b[33mclass\u001b[39m=\u001b[32m\"filters\"\u001b[39m\n        \u001b[36m>\u001b[39m\n          \u001b[36m<select\u001b[39m\n            \u001b[33maria-label\u001b[39m=\u001b[32m\"Filtrar por materia\"\u001b[39m\n            \u001b[33mstyle\u001b[39m=\u001b[32m\"padding: 8px; border-radius: 4px; border: 1px solid var(--border-color);\"\u001b[39m\n          \u001b[36m>\u001b[39m\n            \u001b[36m<option\u001b[39m\n              \u001b[33mvalue\u001b[39m=\u001b[32m\"\"\u001b[39m\n            \u001b[36m>\u001b[39m\n              \u001b[0mTodas las materias\u001b[0m\n            \u001b[36m</option>\u001b[39m\n            \u001b[36m<option\u001b[39m\n              \u001b[33mvalue\u001b[39m=\u001b[32m\"101\"\u001b[39m\n            \u001b[36m>\u001b[39m\n              \u001b[0mMath\u001b[0m\n            \u001b[36m</option>\u001b[39m\n          \u001b[36m</select>\u001b[39m\n        \u001b[36m</div>\u001b[39m\n      \u001b[36m</div>\u001b[39m\n      \u001b[36m<div\u001b[39m\n        \u001b[33mstyle\u001b[39m=\u001b[32m\"height: 700px; background-color: var(--bg-card); padding: 20px; border-radius: 8px;\"\u001b[39m\n      \u001b[36m>\u001b[39m\n        \u001b[36m<div\u001b[39m\n          \u001b[33mclass\u001b[39m=\u001b[32m\"rbc-calendar\"\u001b[39m\n          \u001b[33mstyle\u001b[39m=\u001b[32m\"height: 100%;\"\u001b[39m\n        \u001b[36m>\u001b[39m\n          \u001b[36m<div\u001b[39m\n            \u001b[33mclass\u001b[39m=\u001b[32m\"rbc-toolbar\"\u001b[39m\n          \u001b[36m>\u001b[39m\n            \u001b[36m<span\u001b[39m\n              \u001b[33mclass\u001b[39m=\u001b[32m\"rbc-btn-group\"\u001b[39m\n            \u001b[36m>\u001b[39m\n              \u001b[36m<button\u001b[39m\n                \u001b[33mtype\u001b[39m=\u001b[32m\"button\"\u001b[39m\n              \u001b[36m>\u001b[39m\n                \u001b[0mHoy\u001b[0m\n              \u001b[36m</button>\u001b[39m\n              \u001b[36m<button\u001b[39m\n                \u001b[33mtype\u001b[39m=\u001b[32m\"button\"\u001b[39m\n              \u001b[36m>\u001b[39m\n                \u001b[0mAnterior\u001b[0m\n              \u001b[36m</button>\u001b[39m\n              \u001b[36m<button\u001b[39m\n                \u001b[33mtype\u001b[39m=\u001b[32m\"button\"\u001b[39m\n              \u001b[36m>\u001b[39m\n                \u001b[0mSiguiente\u001b[0m\n              \u001b[36m</button>\u001b[39m\n            \u001b[36m</span>\u001b[39m\n            \u001b[36m<span\u001b[39m\n              \u001b[33mclass\u001b[39m=\u001b[32m\"rbc-toolbar-label\"\u001b[39m\n            \u001b[36m>\u001b[39m\n              \u001b[0mmarzo 2026\u001b[0m\n            \u001b[36m</span>\u001b[39m\n            \u001b[36m<span\u001b[39m\n              \u001b[33mclass\u001b[39m=\u001b[32m\"rbc-btn-group\"\u001b[39m\n            \u001b[36m>\u001b[39m\n              \u001b[36m<button\u001b[39m\n                \u001b[33mclass\u001b[39m=\u001b[32m\"rbc-active\"\u001b[39m\n                \u001b[33mtype\u001b[39m=\u001b[32m\"button\"\u001b[39m\n              \u001b[36m>\u001b[39m\n                \u001b[0mMes\u001b[0m\n              \u001b[36m</button>\u001b[39m\n              \u001b[36m<button\u001b[39m\n                \u001b[33mclass\u001b[39m=\u001b[32m\"\"\u001b[39m\n                \u001b[33mtype\u001b[39m=\u001b[32m\"button\"\u001b[39m\n              \u001b[36m>\u001b[39m\n                \u001b[0mSemana\u001b[0m\n              \u001b[36m</button>\u001b[39m\n              \u001b[36m<button\u001b[39m\n                \u001b[33mclass\u001b[39m=\u001b[32m\"\"\u001b[39m\n                \u001b[33mtype\u001b[39m=\u001b[32m\"button\"\u001b[39m\n              \u001b[36m>\u001b[39m\n                \u001b[0mD├¡a\u001b[0m\n              \u001b[36m</button>\u001b[39m\n              \u001b[36m<button\u001b[39m\n                \u001b[33mclass\u001b[39m=\u001b[32m\"\"\u001b[39m\n                \u001b[33mtype\u001b[39m=\u001b[32m\"button\"\u001b[39m\n              \u001b[36m>\u001b[39m\n                \u001b[0mAgenda\u001b[0m\n              \u001b[36m</button>\u001b[39m\n            \u001b[36m</span>\u001b[39m\n          \u001b[36m</div>\u001b[39m\n          \u001b[36m<div\u001b[39m\n            \u001b[33maria-label\u001b[39m=\u001b[32m\"Month View\"\u001b[39m\n            \u001b[33mclass\u001b[39m=\u001b[32m\"rbc-month-view\"\u001b[39m\n            \u001b[33mrole\u001b[39m=\u001b[32m\"table\"\u001b[39m\n          \u001b[36m>\u001b[39m\n            \u001b[36m<div\u001b[39m\n              \u001b[33mclass\u001b[39m=\u001b[32m\"rbc-row rbc-month-header\"\u001b[39m\n              \u001b[33mrole\u001b[39m=\u001b[32m\"row\"\u001b[39m\n            \u001b[36m>\u001b[39m\n              \u001b[36m<div\u001b[39m\n                \u001b[33mclass\u001b[39m=\u001b[32m\"rbc-header\"\u001b[39m\n              \u001b[36m>\u001b[39m\n                \u001b[36m<span\u001b[39m\n                  \u001b[33maria-sort\u001b[39m=\u001b[32m\"none\"\u001b[39m\n                  \u001b[33mrole\u001b[39m=\u001b[32m\"columnheader\"\u001b[39m\n                \u001b[36m>\u001b[39m\n                  \u001b[0mlun\u001b[0m\n                \u001b[36m</span>\u001b[39m\n              \u001b[36m</div>\u001b[39m\n              \u001b[36m<div\u001b[39m\n                \u001b[33mclass\u001b[39m=\u001b[32m\"rbc-header\"\u001b[39m\n              \u001b[36m>\u001b[39m\n                \u001b[36m<span\u001b[39m\n                  \u001b[33maria-sort\u001b[39m=\u001b[32m\"none\"\u001b[39m\n                  \u001b[33mrole\u001b[39m=\u001b[32m\"columnheader\"\u001b[39m\n                \u001b[36m>\u001b[39m\n                  \u001b[0mmar\u001b[0m\n                \u001b[36m</span>\u001b[39m\n              \u001b[36m</div>\u001b[39m\n              \u001b[36m<div\u001b[39m\n                \u001b[33mclass\u001b[39m=\u001b[32m\"rbc-header\"\u001b[39m\n              \u001b[36m>\u001b[39m\n                \u001b[36m<span\u001b[39m\n                  \u001b[33maria-sort\u001b[39m=\u001b[32m\"none\"\u001b[39m\n                  \u001b[33mrole\u001b[39m=\u001b[32m\"columnheader\"\u001b[39m\n                \u001b[36m>\u001b[39m\n                  \u001b[0mmi├®\u001b[0m\n                \u001b[36m</span>\u001b[39m\n              \u001b[36m</div>\u001b[39m\n              \u001b[36m<div\u001b[39m\n                \u001b[33mclass\u001b[39m=\u001b[32m\"rbc-header\"\u001b[39m\n              \u001b[36m>\u001b[39m\n                \u001b[36m<span\u001b[39m\n                  \u001b[33maria-sort\u001b[39m=\u001b[32m\"none\"\u001b[39m\n                  \u001b[33mrole\u001b[39m=\u001b[32m\"columnheader\"\u001b[39m\n                \u001b[36m>\u001b[39m\n                  \u001b[0mjue\u001b[0m\n                \u001b[36m</span>\u001b[39m\n              \u001b[36m</div>\u001b[39m\n              \u001b[36m<div\u001b[39m\n                \u001b[33mclass\u001b[39m=\u001b[32m\"rbc-header\"\u001b[39m\n              \u001b[36m>\u001b[39m\n                \u001b[36m<span\u001b[39m\n                  \u001b[33maria-sort\u001b[39m=\u001b[32m\"none\"\u001b[39m\n                  \u001b[33mrole\u001b[39m=\u001b[32m\"columnheader\"\u001b[39m\n                \u001b[36m>\u001b[39m\n                  \u001b[0mvie\u001b[0m\n                \u001b[36m</span>\u001b[39m\n              \u001b[36m</div>\u001b[39m\n              \u001b[36m<div\u001b[39m\n                \u001b[33mclass\u001b[39m=\u001b[32m\"rbc-header\"\u001b[39m\n              \u001b[36m>\u001b[39m\n                \u001b[36m<span\u001b[39m\n                  \u001b[33maria-sort\u001b[39m=\u001b[32m\"none\"\u001b[39m\n                  \u001b[33mrole\u001b[39m=\u001b[32m\"columnheader\"\u001b[39m\n                \u001b[36m>\u001b[39m\n                  \u001b[0ms├íb\u001b[0m\n                \u001b[36m</span>\u001b[39m\n              \u001b[36m</div>\u001b[39m\n              \u001b[36m<div\u001b[39m\n                \u001b[33mclass\u001b[39m=\u001b[32m\"rbc-header\"\u001b[39m\n              \u001b[36m>\u001b[39m\n                \u001b[36m<span\u001b[39m\n                  \u001b[33maria-sort\u001b[39m=\u001b[32m\"none\"\u001b[39m\n                  \u001b[33mrole\u001b[39m=\u001b[32m\"columnheader\"\u001b[39m\n                \u001b[36m>\u001b[39m\n                  \u001b[0mdom\u001b[0m\n                \u001b[36m</span>\u001b[39m\n              \u001b[36m</div>\u001b[39m\n            \u001b[36m</div>\u001b[39m\n            \u001b[36m<div\u001b[39m\n              \u001b[33mclass\u001b[39m=\u001b[32m\"rbc-month-row\"\u001b[39m\n              \u001b[33mrole\u001b[39m=\u001b[32m\"rowgroup\"\u001b[39m\n            \u001b[36m>\u001b[39m\n              \u001b[36m<div\u001b[39m\n                \u001b[33mclass\u001b[39m=\u001b[32m\"rbc-row-bg\"\u001b[39m\n              \u001b[36m>\u001b[39m\n                \u001b[36m<div\u001b[39m\n                  \u001b[33mclass\u001b[39m=\u001b[32m\"rbc-day-bg rbc-off-range-bg\"\u001b[39m\n                \u001b[36m/>\u001b[39m\n                \u001b[36m<div\u001b[39m\n                  \u001b[33mclass\u001b[39m=\u001b[32m\"rbc-day-bg rbc-off-range-bg\"\u001b[39m\n                \u001b[36m/>\u001b[39m\n  ...\n    at Object.getElementError (C:\\Users\\HeberYesid\\Desktop\\DevTrack\\frontend\\node_modules\\@testing-library\\react\\node_modules\\@testing-library\\dom\\dist\\config.js:37:19)\n    at getElementError (C:\\Users\\HeberYesid\\Desktop\\DevTrack\\frontend\\node_modules\\@testing-library\\react\\node_modules\\@testing-library\\dom\\dist\\query-helpers.js:20:35)\n    at getMultipleElementsFoundError (C:\\Users\\HeberYesid\\Desktop\\DevTrack\\frontend\\node_modules\\@testing-library\\react\\node_modules\\@testing-library\\dom\\dist\\query-helpers.js:23:10)\n    at C:\\Users\\HeberYesid\\Desktop\\DevTrack\\frontend\\node_modules\\@testing-library\\react\\node_modules\\@testing-library\\dom\\dist\\query-helpers.js:55:13\n    at C:\\Users\\HeberYesid\\Desktop\\DevTrack\\frontend\\node_modules\\@testing-library\\react\\node_modules\\@testing-library\\dom\\dist\\query-helpers.js:95:19\n    at C:/Users/HeberYesid/Desktop/DevTrack/frontend/src/pages/__tests__/Calendar.test.jsx:123:29\n    at file:///C:/Users/HeberYesid/Desktop/DevTrack/frontend/node_modules/@vitest/runner/dist/index.js:915:20"],"meta":{}}],"startTime":1773352890119,"endTime":1773352890665.2097,"status":"failed","message":"","name":"C:/Users/HeberYesid/Desktop/DevTrack/frontend/src/pages/__tests__/Calendar.test.jsx"},{"assertionResults":[{"ancestorTitles":["Messages page"],"fullName":"Messages page renders correctly and fetches conversations","status":"failed","title":"renders correctly and fetches conversations","duration":31.284200000000055,"failureMessages":["TypeError: Cannot read properties of null (reading 'id')\n    at Messages (C:/Users/HeberYesid/Desktop/DevTrack/frontend/src/pages/messaging/Messages.jsx:194:37)\n    at renderWithHooks (C:\\Users\\HeberYesid\\Desktop\\DevTrack\\frontend\\node_modules\\react-dom\\cjs\\react-dom.development.js:15486:18)\n    at mountIndeterminateComponent (C:\\Users\\HeberYesid\\Desktop\\DevTrack\\frontend\\node_modules\\react-dom\\cjs\\react-dom.development.js:20103:13)\n    at beginWork (C:\\Users\\HeberYesid\\Desktop\\DevTrack\\frontend\\node_modules\\react-dom\\cjs\\react-dom.development.js:21626:16)\n    at beginWork$1 (C:\\Users\\HeberYesid\\Desktop\\DevTrack\\frontend\\node_modules\\react-dom\\cjs\\react-dom.development.js:27465:14)\n    at performUnitOfWork (C:\\Users\\HeberYesid\\Desktop\\DevTrack\\frontend\\node_modules\\react-dom\\cjs\\react-dom.development.js:26599:12)\n    at workLoopSync (C:\\Users\\HeberYesid\\Desktop\\DevTrack\\frontend\\node_modules\\react-dom\\cjs\\react-dom.development.js:26505:5)\n    at renderRootSync (C:\\Users\\HeberYesid\\Desktop\\DevTrack\\frontend\\node_modules\\react-dom\\cjs\\react-dom.development.js:26473:7)\n    at recoverFromConcurrentError (C:\\Users\\HeberYesid\\Desktop\\DevTrack\\frontend\\node_modules\\react-dom\\cjs\\react-dom.development.js:25889:20)\n    at performConcurrentWorkOnRoot (C:\\Users\\HeberYesid\\Desktop\\DevTrack\\frontend\\node_modules\\react-dom\\cjs\\react-dom.development.js:25789:22)"],"meta":{}},{"ancestorTitles":["Messages page"],"fullName":"Messages page loads a specific conversation if conversationId is in params","status":"failed","title":"loads a specific conversation if conversationId is in params","duration":6.92009999999982,"failureMessages":["TypeError: Cannot read properties of null (reading 'id')\n    at Messages (C:/Users/HeberYesid/Desktop/DevTrack/frontend/src/pages/messaging/Messages.jsx:194:37)\n    at renderWithHooks (C:\\Users\\HeberYesid\\Desktop\\DevTrack\\frontend\\node_modules\\react-dom\\cjs\\react-dom.development.js:15486:18)\n    at mountIndeterminateComponent (C:\\Users\\HeberYesid\\Desktop\\DevTrack\\frontend\\node_modules\\react-dom\\cjs\\react-dom.development.js:20103:13)\n    at beginWork (C:\\Users\\HeberYesid\\Desktop\\DevTrack\\frontend\\node_modules\\react-dom\\cjs\\react-dom.development.js:21626:16)\n    at beginWork$1 (C:\\Users\\HeberYesid\\Desktop\\DevTrack\\frontend\\node_modules\\react-dom\\cjs\\react-dom.development.js:27465:14)\n    at performUnitOfWork (C:\\Users\\HeberYesid\\Desktop\\DevTrack\\frontend\\node_modules\\react-dom\\cjs\\react-dom.development.js:26599:12)\n    at workLoopSync (C:\\Users\\HeberYesid\\Desktop\\DevTrack\\frontend\\node_modules\\react-dom\\cjs\\react-dom.development.js:26505:5)\n    at renderRootSync (C:\\Users\\HeberYesid\\Desktop\\DevTrack\\frontend\\node_modules\\react-dom\\cjs\\react-dom.development.js:26473:7)\n    at recoverFromConcurrentError (C:\\Users\\HeberYesid\\Desktop\\DevTrack\\frontend\\node_modules\\react-dom\\cjs\\react-dom.development.js:25889:20)\n    at performConcurrentWorkOnRoot (C:\\Users\\HeberYesid\\Desktop\\DevTrack\\frontend\\node_modules\\react-dom\\cjs\\react-dom.development.js:25789:22)"],"meta":{}}],"startTime":1773352889715,"endTime":1773352889753.9202,"status":"failed","message":"","name":"C:/Users/HeberYesid/Desktop/DevTrack/frontend/src/pages/__tests__/Messages.test.jsx"},{"assertionResults":[{"ancestorTitles":["MyBulletins page"],"fullName":"MyBulletins page renders loading state initially","status":"passed","title":"renders loading state initially","duration":43.04320000000007,"failureMessages":[],"meta":{}},{"ancestorTitles":["MyBulletins page"],"fullName":"MyBulletins page renders empty scenario correctly","status":"passed","title":"renders empty scenario correctly","duration":28.473700000000008,"failureMessages":[],"meta":{}},{"ancestorTitles":["MyBulletins page"],"fullName":"MyBulletins page renders bulletins grouped by year","status":"passed","title":"renders bulletins grouped by year","duration":19.811099999999897,"failureMessages":[],"meta":{}},{"ancestorTitles":["MyBulletins page"],"fullName":"MyBulletins page expands bulletin detail on click","status":"passed","title":"expands bulletin detail on click","duration":136.95809999999983,"failureMessages":[],"meta":{}}],"startTime":1773352889551,"endTime":1773352889779.958,"status":"passed","message":"","name":"C:/Users/HeberYesid/Desktop/DevTrack/frontend/src/pages/__tests__/MyBulletins.test.jsx"},{"assertionResults":[{"ancestorTitles":["MyResults page"],"fullName":"MyResults page renders loading initially","status":"passed","title":"renders loading initially","duration":42.5603000000001,"failureMessages":[],"meta":{}},{"ancestorTitles":["MyResults page"],"fullName":"MyResults page renders empty state when no enrollments","status":"passed","title":"renders empty state when no enrollments","duration":34.42189999999982,"failureMessages":[],"meta":{}},{"ancestorTitles":["MyResults page"],"fullName":"MyResults page renders statistics and subjects","status":"passed","title":"renders statistics and subjects","duration":31.614700000000084,"failureMessages":[],"meta":{}},{"ancestorTitles":["MyResults page"],"fullName":"MyResults page calls exportToCSV when button is clicked","status":"passed","title":"calls exportToCSV when button is clicked","duration":128.51500000000033,"failureMessages":[],"meta":{}}],"startTime":1773352889545,"endTime":1773352889782.515,"status":"passed","message":"","name":"C:/Users/HeberYesid/Desktop/DevTrack/frontend/src/pages/__tests__/MyResults.test.jsx"},{"assertionResults":[{"ancestorTitles":["MySubjects page"],"fullName":"MySubjects page renders loading initially","status":"failed","title":"renders loading initially","duration":4.711999999999989,"failureMessages":["ReferenceError: render is not defined\n    at C:/Users/HeberYesid/Desktop/DevTrack/frontend/src/pages/__tests__/MySubjects.test.jsx:21:5\n    at file:///C:/Users/HeberYesid/Desktop/DevTrack/frontend/node_modules/@vitest/runner/dist/index.js:145:11\n    at file:///C:/Users/HeberYesid/Desktop/DevTrack/frontend/node_modules/@vitest/runner/dist/index.js:915:26\n    at file:///C:/Users/HeberYesid/Desktop/DevTrack/frontend/node_modules/@vitest/runner/dist/index.js:1243:20\n    at new Promise (<anonymous>)\n    at runWithTimeout (file:///C:/Users/HeberYesid/Desktop/DevTrack/frontend/node_modules/@vitest/runner/dist/index.js:1209:10)\n    at file:///C:/Users/HeberYesid/Desktop/DevTrack/frontend/node_modules/@vitest/runner/dist/index.js:1653:37\n    at Traces.$ (file:///C:/Users/HeberYesid/Desktop/DevTrack/frontend/node_modules/vitest/dist/chunks/traces.U4xDYhzZ.js:115:27)\n    at trace (file:///C:/Users/HeberYesid/Desktop/DevTrack/frontend/node_modules/vitest/dist/chunks/test.B8ej_ZHS.js:239:21)\n    at runTest (file:///C:/Users/HeberYesid/Desktop/DevTrack/frontend/node_modules/@vitest/runner/dist/index.js:1653:12)"],"meta":{}},{"ancestorTitles":["MySubjects page"],"fullName":"MySubjects page renders empty state when no enrollments","status":"failed","title":"renders empty state when no enrollments","duration":0.8431000000000495,"failureMessages":["ReferenceError: render is not defined\n    at C:/Users/HeberYesid/Desktop/DevTrack/frontend/src/pages/__tests__/MySubjects.test.jsx:33:5\n    at file:///C:/Users/HeberYesid/Desktop/DevTrack/frontend/node_modules/@vitest/runner/dist/index.js:145:11\n    at file:///C:/Users/HeberYesid/Desktop/DevTrack/frontend/node_modules/@vitest/runner/dist/index.js:915:26\n    at file:///C:/Users/HeberYesid/Desktop/DevTrack/frontend/node_modules/@vitest/runner/dist/index.js:1243:20\n    at new Promise (<anonymous>)\n    at runWithTimeout (file:///C:/Users/HeberYesid/Desktop/DevTrack/frontend/node_modules/@vitest/runner/dist/index.js:1209:10)\n    at file:///C:/Users/HeberYesid/Desktop/DevTrack/frontend/node_modules/@vitest/runner/dist/index.js:1653:37\n    at Traces.$ (file:///C:/Users/HeberYesid/Desktop/DevTrack/frontend/node_modules/vitest/dist/chunks/traces.U4xDYhzZ.js:115:27)\n    at trace (file:///C:/Users/HeberYesid/Desktop/DevTrack/frontend/node_modules/vitest/dist/chunks/test.B8ej_ZHS.js:239:21)\n    at runTest (file:///C:/Users/HeberYesid/Desktop/DevTrack/frontend/node_modules/@vitest/runner/dist/index.js:1653:12)"],"meta":{}},{"ancestorTitles":["MySubjects page"],"fullName":"MySubjects page renders list of enrollments and navigates on click","status":"failed","title":"renders list of enrollments and navigates on click","duration":2.885599999999613,"failureMessages":["ReferenceError: render is not defined\n    at C:/Users/HeberYesid/Desktop/DevTrack/frontend/src/pages/__tests__/MySubjects.test.jsx:52:5\n    at file:///C:/Users/HeberYesid/Desktop/DevTrack/frontend/node_modules/@vitest/runner/dist/index.js:145:11\n    at file:///C:/Users/HeberYesid/Desktop/DevTrack/frontend/node_modules/@vitest/runner/dist/index.js:915:26\n    at file:///C:/Users/HeberYesid/Desktop/DevTrack/frontend/node_modules/@vitest/runner/dist/index.js:1243:20\n    at new Promise (<anonymous>)\n    at runWithTimeout (file:///C:/Users/HeberYesid/Desktop/DevTrack/frontend/node_modules/@vitest/runner/dist/index.js:1209:10)\n    at file:///C:/Users/HeberYesid/Desktop/DevTrack/frontend/node_modules/@vitest/runner/dist/index.js:1653:37\n    at Traces.$ (file:///C:/Users/HeberYesid/Desktop/DevTrack/frontend/node_modules/vitest/dist/chunks/traces.U4xDYhzZ.js:115:27)\n    at trace (file:///C:/Users/HeberYesid/Desktop/DevTrack/frontend/node_modules/vitest/dist/chunks/test.B8ej_ZHS.js:239:21)\n    at runTest (file:///C:/Users/HeberYesid/Desktop/DevTrack/frontend/node_modules/@vitest/runner/dist/index.js:1653:12)"],"meta":{}}],"startTime":1773352889546,"endTime":1773352889553.8855,"status":"failed","message":"","name":"C:/Users/HeberYesid/Desktop/DevTrack/frontend/src/pages/__tests__/MySubjects.test.jsx"},{"assertionResults":[{"ancestorTitles":["Notifications page"],"fullName":"Notifications page renders loading state initially","status":"passed","title":"renders loading state initially","duration":41.771000000000186,"failureMessages":[],"meta":{}},{"ancestorTitles":["Notifications page"],"fullName":"Notifications page renders empty state correctly","status":"passed","title":"renders empty state correctly","duration":31.094499999999698,"failureMessages":[],"meta":{}},{"ancestorTitles":["Notifications page"],"fullName":"Notifications page renders notifications accurately","status":"passed","title":"renders notifications accurately","duration":78.28899999999976,"failureMessages":[],"meta":{}},{"ancestorTitles":["Notifications page"],"fullName":"Notifications page allows marking a notification as read/unread","status":"passed","title":"allows marking a notification as read/unread","duration":125.38490000000002,"failureMessages":[],"meta":{}},{"ancestorTitles":["Notifications page"],"fullName":"Notifications page allows marking all notifications as read","status":"passed","title":"allows marking all notifications as read","duration":46.058500000000095,"failureMessages":[],"meta":{}},{"ancestorTitles":["Notifications page"],"fullName":"Notifications page allows deleting a notification","status":"passed","title":"allows deleting a notification","duration":108.19650000000001,"failureMessages":[],"meta":{}}],"startTime":1773352889550,"endTime":1773352889980.1965,"status":"passed","message":"","name":"C:/Users/HeberYesid/Desktop/DevTrack/frontend/src/pages/__tests__/Notifications.test.jsx"},{"assertionResults":[{"ancestorTitles":["StudentDashboard page"],"fullName":"StudentDashboard page renders loading state initially","status":"passed","title":"renders loading state initially","duration":42.02330000000029,"failureMessages":[],"meta":{}},{"ancestorTitles":["StudentDashboard page"],"fullName":"StudentDashboard page renders empty data states correctly","status":"passed","title":"renders empty data states correctly","duration":62.153699999999844,"failureMessages":[],"meta":{}},{"ancestorTitles":["StudentDashboard page"],"fullName":"StudentDashboard page renders dashboard data correctly","status":"failed","title":"renders dashboard data correctly","duration":1014.8135000000002,"failureMessages":["Error: Found multiple elements with the text: Math\n\nHere are the matching elements:\n\nIgnored nodes: comments, script, style\n\u001b[36m<h3\u001b[39m\n  \u001b[33mstyle\u001b[39m=\u001b[32m\"margin: 0px; font-size: 1.5rem; font-weight: 700;\"\u001b[39m\n\u001b[36m>\u001b[39m\n  \u001b[0mMath\u001b[0m\n\u001b[36m</h3>\u001b[39m\n\nIgnored nodes: comments, script, style\n\u001b[36m<div\u001b[39m\n  \u001b[33mstyle\u001b[39m=\u001b[32m\"font-size: var(--font-size-sm); color: var(--text-secondary); margin-bottom: 0.5rem;\"\u001b[39m\n\u001b[36m>\u001b[39m\n  \u001b[0mMath\u001b[0m\n  \u001b[0m \u001b[0m\n  \u001b[36m<span\u001b[39m\n    \u001b[33mstyle\u001b[39m=\u001b[32m\"color: var(--text-muted);\"\u001b[39m\n  \u001b[36m>\u001b[39m\n    \u001b[0m(\u001b[0m\n    \u001b[0mM1\u001b[0m\n    \u001b[0m)\u001b[0m\n  \u001b[36m</span>\u001b[39m\n\u001b[36m</div>\u001b[39m\n\nIgnored nodes: comments, script, style\n\u001b[36m<div\u001b[39m\n  \u001b[33mstyle\u001b[39m=\u001b[32m\"font-size: var(--font-size-sm); color: var(--text-secondary); margin-bottom: 0.5rem;\"\u001b[39m\n\u001b[36m>\u001b[39m\n  \u001b[0mMath\u001b[0m\n\u001b[36m</div>\u001b[39m\n\n(If this is intentional, then use the `*AllBy*` variant of the query (like `queryAllByText`, `getAllByText`, or `findAllByText`)).\n\nIgnored nodes: comments, script, style\n\u001b[36m<body>\u001b[39m\n  \u001b[36m<div>\u001b[39m\n    \u001b[36m<div\u001b[39m\n      \u001b[33mclass\u001b[39m=\u001b[32m\"fade-in\"\u001b[39m\n    \u001b[36m>\u001b[39m\n      \u001b[36m<div\u001b[39m\n        \u001b[33mstyle\u001b[39m=\u001b[32m\"margin-bottom: var(--space-xl);\"\u001b[39m\n      \u001b[36m>\u001b[39m\n        \u001b[36m<h2\u001b[39m\n          \u001b[33mstyle\u001b[39m=\u001b[32m\"margin-bottom: var(--space-lg); font-size: 1.5rem; font-weight: bold;\"\u001b[39m\n        \u001b[36m>\u001b[39m\n          \u001b[0mMis Materias\u001b[0m\n        \u001b[36m</h2>\u001b[39m\n        \u001b[36m<div\u001b[39m\n          \u001b[33mclass\u001b[39m=\u001b[32m\"subjects-grid-responsive\"\u001b[39m\n        \u001b[36m>\u001b[39m\n          \u001b[36m<a\u001b[39m\n            \u001b[33mclass\u001b[39m=\u001b[32m\"card\"\u001b[39m\n            \u001b[33mhref\u001b[39m=\u001b[32m\"/subjects/1\"\u001b[39m\n            \u001b[33mstyle\u001b[39m=\u001b[32m\"display: block; padding: var(--space-xl); text-decoration: none; color: inherit; transition: transform var(--transition-fast), box-shadow var(--transition-fast); height: 100%;\"\u001b[39m\n          \u001b[36m>\u001b[39m\n            \u001b[36m<div\u001b[39m\n              \u001b[33mclass\u001b[39m=\u001b[32m\"subject-header-responsive\"\u001b[39m\n              \u001b[33mstyle\u001b[39m=\u001b[32m\"display: flex; justify-content: center; align-items: center; height: 100%;\"\u001b[39m\n            \u001b[36m>\u001b[39m\n              \u001b[36m<div\u001b[39m\n                \u001b[33mstyle\u001b[39m=\u001b[32m\"text-align: center; width: 100%;\"\u001b[39m\n              \u001b[36m>\u001b[39m\n                \u001b[36m<h3\u001b[39m\n                  \u001b[33mstyle\u001b[39m=\u001b[32m\"margin: 0px; font-size: 1.5rem; font-weight: 700;\"\u001b[39m\n                \u001b[36m>\u001b[39m\n                  \u001b[0mMath\u001b[0m\n                \u001b[36m</h3>\u001b[39m\n                \u001b[36m<div\u001b[39m\n                  \u001b[33mstyle\u001b[39m=\u001b[32m\"margin-top: var(--space-sm); font-size: var(--font-size-sm); color: var(--text-secondary);\"\u001b[39m\n                \u001b[36m>\u001b[39m\n                  \u001b[36m<span\u001b[39m\n                    \u001b[33mstyle\u001b[39m=\u001b[32m\"color: var(--danger); font-weight: 600;\"\u001b[39m\n                  \u001b[36m>\u001b[39m\n                    \u001b[0m2\u001b[0m\n                    \u001b[0m \u001b[0m\n                    \u001b[0mfaltas\u001b[0m\n                  \u001b[36m</span>\u001b[39m\n                  \u001b[36m<span\u001b[39m\n                    \u001b[33mstyle\u001b[39m=\u001b[32m\"color: var(--text-muted); margin-left: 0.25rem;\"\u001b[39m\n                  \u001b[36m>\u001b[39m\n                    \u001b[0m(\u001b[0m\n                    \u001b[0m1\u001b[0m\n                    \u001b[0m sin justificar)\u001b[0m\n                  \u001b[36m</span>\u001b[39m\n                \u001b[36m</div>\u001b[39m\n              \u001b[36m</div>\u001b[39m\n            \u001b[36m</div>\u001b[39m\n          \u001b[36m</a>\u001b[39m\n        \u001b[36m</div>\u001b[39m\n      \u001b[36m</div>\u001b[39m\n      \u001b[36m<div\u001b[39m\n        \u001b[33mclass\u001b[39m=\u001b[32m\"exercises-grid-responsive\"\u001b[39m\n      \u001b[36m>\u001b[39m\n        \u001b[36m<div\u001b[39m\n          \u001b[33mclass\u001b[39m=\u001b[32m\"card\"\u001b[39m\n        \u001b[36m>\u001b[39m\n          \u001b[36m<h2\u001b[39m\n            \u001b[33mstyle\u001b[39m=\u001b[32m\"margin-bottom: var(--space-lg);\"\u001b[39m\n          \u001b[36m>\u001b[39m\n            \u001b[0mEjercicios Pendientes\u001b[0m\n          \u001b[36m</h2>\u001b[39m\n          \u001b[36m<div\u001b[39m\n            \u001b[33mstyle\u001b[39m=\u001b[32m\"display: grid; gap: var(--space-md);\"\u001b[39m\n          \u001b[36m>\u001b[39m\n            \u001b[36m<a\u001b[39m\n              \u001b[33mhref\u001b[39m=\u001b[32m\"/subjects/1\"\u001b[39m\n              \u001b[33mstyle\u001b[39m=\u001b[32m\"display: block; padding: var(--space-md); background: var(--bg-secondary); border-radius: var(--radius-md); border: 1px solid var(--border-primary); text-decoration: none; color: inherit; transition: transform var(--transition-fast), background-color var(--transition-fast), border-color var(--transition-fast);\"\u001b[39m\n            \u001b[36m>\u001b[39m\n              \u001b[36m<div\u001b[39m\n                \u001b[33mstyle\u001b[39m=\u001b[32m\"font-weight: 600; margin-bottom: 0.25rem; color: var(--text-primary);\"\u001b[39m\n              \u001b[36m>\u001b[39m\n                \u001b[0mHomework 1\u001b[0m\n              \u001b[36m</div>\u001b[39m\n              \u001b[36m<div\u001b[39m\n                \u001b[33mstyle\u001b[39m=\u001b[32m\"font-size: var(--font-size-sm); color: var(--text-secondary); margin-bottom: 0.5rem;\"\u001b[39m\n              \u001b[36m>\u001b[39m\n                \u001b[0mMath\u001b[0m\n                \u001b[0m \u001b[0m\n                \u001b[36m<span\u001b[39m\n                  \u001b[33mstyle\u001b[39m=\u001b[32m\"color: var(--text-muted);\"\u001b[39m\n                \u001b[36m>\u001b[39m\n                  \u001b[0m(\u001b[0m\n                  \u001b[0mM1\u001b[0m\n                  \u001b[0m)\u001b[0m\n                \u001b[36m</span>\u001b[39m\n              \u001b[36m</div>\u001b[39m\n              \u001b[36m<div\u001b[39m\n                \u001b[33mstyle\u001b[39m=\u001b[32m\"font-size: var(--font-size-xs); color: var(--warning); background: var(--bg-primary); padding: 0.25rem 0.5rem; border-radius: var(--radius-sm); display: inline-block;\"\u001b[39m\n              \u001b[36m>\u001b[39m\n                \u001b[0mEntrega: \u001b[0m\n                \u001b[0m2023-11-01\u001b[0m\n              \u001b[36m</div>\u001b[39m\n            \u001b[36m</a>\u001b[39m\n          \u001b[36m</div>\u001b[39m\n        \u001b[36m</div>\u001b[39m\n        \u001b[36m<div\u001b[39m\n          \u001b[33mclass\u001b[39m=\u001b[32m\"card\"\u001b[39m\n        \u001b[36m>\u001b[39m\n          \u001b[36m<h2\u001b[39m\n            \u001b[33mstyle\u001b[39m=\u001b[32m\"margin-bottom: var(--space-lg);\"\u001b[39m\n          \u001b[36m>\u001b[39m\n            \u001b[0m├Ültimos Resultados\u001b[0m\n          \u001b[36m</h2>\u001b[39m\n          \u001b[36m<div\u001b[39m\n            \u001b[33mstyle\u001b[39m=\u001b[32m\"display: grid; gap: var(--space-md);\"\u001b[39m\n          \u001b[36m>\u001b[39m\n            \u001b[36m<div\u001b[39m\n              \u001b[33mstyle\u001b[39m=\u001b[32m\"padding: var(--space-md); background: var(--bg-secondary); border-radius: var(--radius-md); border: 1px solid var(--border-primary); transition: all var(--transition-fast);\"\u001b[39m\n            \u001b[36m>\u001b[39m\n              \u001b[36m<div\u001b[39m\n                \u001b[33mstyle\u001b[39m=\u001b[32m\"display: flex; justify-content: space-between; align-items: start; margin-bottom: 0.5rem;\"\u001b[39m\n              \u001b[36m>\u001b[39m\n                \u001b[36m<div\u001b[39m\n                  \u001b[33mstyle\u001b[39m=\u001b[32m\"font-weight: 600; flex: 1 1 0%; color: var(--text-primary);\"\u001b[39m\n                \u001b[36m>\u001b[39m\n                  \u001b[0mQuiz 1\u001b[0m\n                \u001b[36m</div>\u001b[39m\n                \u001b[36m<span\u001b[39m\n                  \u001b[33mclass\u001b[39m=\u001b[32m\"badge SCORE\"\u001b[39m\n                  \u001b[33mstyle\u001b[39m=\u001b[32m\"padding: 0.25rem 0.75rem; border-radius: var(--radius-sm); font-size: var(--font-size-xs); font-weight: 600;\"\u001b[39m\n                \u001b[36m>\u001b[39m\n                  \u001b[0mNota 4.50\u001b[0m\n                \u001b[36m</span>\u001b[39m\n              \u001b[36m</div>\u001b[39m\n              \u001b[36m<div\u001b[39m\n                \u001b[33mstyle\u001b[39m=\u001b[32m\"font-size: var(--font-size-sm); color: var(--text-secondary); margin-bottom: 0.5rem;\"\u001b[39m\n              \u001b[36m>\u001b[39m\n                \u001b[0mMath\u001b[0m\n              \u001b[36m</div>\u001b[39m\n              \u001b[36m<div\u001b[39m\n                \u001b[33mstyle\u001b[39m=\u001b[32m\"font-size: var(--font-size-xs); color: var(--text-muted); margin-top: 0.5rem; padding-top: 0.5rem; border-top: 1px solid var(--border-primary);\"\u001b[39m\n              \u001b[36m>\u001b[39m\n                \u001b[0m2023-10-15\u001b[0m\n              \u001b[36m</div>\u001b[39m\n            \u001b[36m</div>\u001b[39m\n          \u001b[36m</div>\u001b[39m\n        \u001b[36m</div>\u001b[39m\n      \u001b[36m</div>\u001b[39m\n      \u001b[36m<div\u001b[39m\n        \u001b[33mclass\u001b[39m=\u001b[32m\"welcome-panel\"\u001b[39m\n      \u001b[36m>\u001b[39m\n        \u001b[36m<div\u001b[39m\n          \u001b[33mclass\u001b[39m=\u001b[32m\"welcome-panel__greeting\"\u001b[39m\n        \u001b[36m>\u001b[39m\n          \u001b[36m<div\u001b[39m\n            \u001b[33mclass\u001b[39m=\u001b[32m\"welcome-panel__greeting-text\"\u001b[39m\n          \u001b[36m>\u001b[39m\n            \u001b[36m<h1\u001b[39m\n              \u001b[33mclass\u001b[39m=\u001b[32m\"welcome-panel__title\"\u001b[39m\n            \u001b[36m>\u001b[39m\n              \u001b[0m┬íBienvenido, \u001b[0m\n              \u001b[0mUsuario\u001b[0m\n              \u001b[0m!\u001b[0m\n            \u001b[36m</h1>\u001b[39m\n            \u001b[36m<span\u001b[39m\n              \u001b[33mclass\u001b[39m=\u001b[32m\"welcome-panel__role-badge\"\u001b[39m\n            \u001b[36m/>\u001b[39m\n          \u001b[36m</div>\u001b[39m\n          \u001b[36m<time\u001b[39m\n            \u001b[33mclass\u001b[39m=\u001b[32m\"welcome-panel__date\"\u001b[39m\n            \u001b[33mdatetime\u001b[39m=\u001b[32m\"2026-03-12T22:01:29.682Z\"\u001b[39m\n          \u001b[36m>\u001b[39m\n            \u001b[0mjueves, 12 de marzo de 2026\u001b[0m\n          \u001b[36m</time>\u001b[39m\n        \u001b[36m</div>\u001b[39m\n        \u001b[36m<div\u001b[39m\n          \u001b[33mclass\u001b[39m=\u001b[32m\"welcome-panel__last-login\"\u001b[39m\n        \u001b[36m>\u001b[39m\n          \u001b[36m<div\u001b[39m\n            \u001b[33mclass\u001b[39m=\u001b[32m\"welcome-panel__last-login-item\"\u001b[39m\n          \u001b[36m>\u001b[39m\n            \u001b[36m<svg\u001b[39m\n              \u001b[33maria-hidden\u001b[39m=\u001b[32m\"true\"\u001b[39m\n              \u001b[33mclass\u001b[39m=\u001b[32m\"lucide lucide-clock welcome-panel__meta-icon\"\u001b[39m\n              \u001b[33mfill\u001b[39m=\u001b[32m\"none\"\u001b[39m\n              \u001b[33mheight\u001b[39m=\u001b[32m\"15\"\u001b[39m\n              \u001b[33mstroke\u001b[39m=\u001b[32m\"currentColor\"\u001b[39m\n              \u001b[33mstroke-linecap\u001b[39m=\u001b[32m\"round\"\u001b[39m\n              \u001b[33mstroke-linejoin\u001b[39m=\u001b[32m\"round\"\u001b[39m\n              \u001b[33mstroke-width\u001b[39m=\u001b[32m\"2\"\u001b[39m\n              \u001b[33mviewBox\u001b[39m=\u001b[32m\"0 0 24 24\"\u001b[39m\n              \u001b[33mwidth\u001b[39m=\u001b[32m\"15\"\u001b[39m\n              \u001b[33mxmlns\u001b[39m=\u001b[32m\"http://www.w3.org/2000/svg\"\u001b[39m\n            \u001b[36m>\u001b[39m\n              \u001b[36m<circle\u001b[39m\n                \u001b[33mcx\u001b[39m=\u001b[32m\"12\"\u001b[39m\n                \u001b[33mcy\u001b[39m=\u001b[32m\"12\"\u001b[39m\n                \u001b[33mr\u001b[39m=\u001b[32m\"10\"\u001b[39m\n              \u001b[36m/>\u001b[39m\n              \u001b[36m<path\u001b[39m\n                \u001b[33md\u001b[39m=\u001b[32m\"M12 6v6l4 2\"\u001b[39m\n              \u001b[36m/>\u001b[39m\n            \u001b[36m</svg>\u001b[39m\n            \u001b[36m<span>\u001b[39m\n              \u001b[0mEsta es tu primera sesi├│n en AulaAlD├¡a. ┬íBienvenido!\u001b[0m\n            \u001b[36m</span>\u001b[39m\n          \u001b[36m</div>\u001b[39m\n        \u001b[36m</div>\u001b[39m\n        \u001b[36m<div\u001b[39m\n          \u001b[33mclass\u001b[39m=\u001b[32m\"welcome-panel__notifs\"\u001b[39m\n        \u001b[36m>\u001b[39m\n          \u001b[36m<div\u001b[39m\n            \u001b[33mclass\u001b[39m=\u001b[32m\"welcome-panel__notifs-header\"\u001b[39m\n          \u001b[36m>\u001b[39m\n            \u001b[36m<div\u001b[39m\n              \u001b[33mclass\u001b[39m=\u001b[32m\"welcome-panel__notifs-title\"\u001b[39m\n            \u001b[36m>\u001b[39m\n              \u001b[36m<svg\u001b[39m\n                \u001b[33maria-hidden\u001b[39m=\u001b[32m\"true\"\u001b[39m\n                \u001b[33mclass\u001b[39m=\u001b[32m\"lucide lucide-bell\"\u001b[39m\n                \u001b[33mfill\u001b[39m=\u001b[32m\"none\"\u001b[39m\n                \u001b[33mheight\u001b[39m=\u001b[32m\"16\"\u001b[39m\n                \u001b[33mstroke\u001b[39m=\u001b[32m\"currentColor\"\u001b[39m\n                \u001b[33mstroke-linecap\u001b[39m=\u001b[32m\"round\"\u001b[39m\n                \u001b[33mstroke-linejoin\u001b[39m=\u001b[32m\"round\"\u001b[39m\n                \u001b[33mstroke-width\u001b[39m=\u001b[32m\"2\"\u001b[39m\n                \u001b[33mviewBox\u001b[39m=\u001b[32m\"0 0 24 24\"\u001b[39m\n                \u001b[33mwidth\u001b[39m=\u001b[32m\"16\"\u001b[39m\n                \u001b[33mxmlns\u001b[39m=\u001b[32m\"http://www.w3.org/2000/svg\"\u001b[39m\n              \u001b[36m>\u001b[39m\n                \u001b[36m<path\u001b[39m\n                  \u001b[33md\u001b[39m=\u001b[32m\"M10.268 21a2 2 0 0 0 3.464 0\"\u001b[39m\n                \u001b[36m/>\u001b[39m\n                \u001b[36m<path\u001b[39m\n                  \u001b[33md\u001b[39m=\u001b[32m\"M3.262 15.326A1 1 0 0 0 4 17h16a1 1 0 0 0 .74-1.673C19.41 13.956 18 12.499 18 8A6 6 0 0 0 6 8c0 4.499-1.411 5.956-2.738 7.326\"\u001b[39m\n                \u001b[36m/>\u001b[39m\n              \u001b[36m</svg>\u001b[39m\n              \u001b[36m<span>\u001b[39m\n                \u001b[0mNotificaciones\u001b[0m\n              \u001b[36m</span>\u001b[39m\n            \u001b[36m</div>\u001b[39m\n            \u001b[36m<a\u001b[39m\n              \u001b[33mclass\u001b[39m=\u001b[32m\"welcome-panel__see-all\"\u001b[39m\n              \u001b[33mhref\u001b[39m=\u001b[32m\"/notifications\"\u001b[39m\n            \u001b[36m>\u001b[39m\n              \u001b[0mVer todas \u001b[0m\n              \u001b[36m<svg\u001b[39m\n                \u001b[33maria-hidden\u001b[39m=\u001b[32m\"true\"\u001b[39m\n                \u001b[33mclass\u001b[39m=\u001b[32m\"lucide lucide-chevron-right\"\u001b[39m\n                \u001b[33mfill\u001b[39m=\u001b[32m\"none\"\u001b[39m\n                \u001b[33mheight\u001b[39m=\u001b[32m\"14\"\u001b[39m\n                \u001b[33mstroke\u001b[39m=\u001b[32m\"currentColor\"\u001b[39m\n                \u001b[33mstroke-linecap\u001b[39m=\u001b[32m\"round\"\u001b[39m\n                \u001b[33mstroke-linejoin\u001b[39m=\u001b[32m\"round\"\u001b[39m\n                \u001b[33mstroke-width\u001b[39m=\u001b[32m\"2\"\u001b[39m\n                \u001b[33mviewBox\u001b[39m=\u001b[32m\"0 0 24 24\"\u001b[39m\n                \u001b[33mwidth\u001b[39m=\u001b[32m\"14\"\u001b[39m\n                \u001b[33mxmlns\u001b[39m=\u001b[32m\"http://www.w3.org/2000/svg\"\u001b[39m\n              \u001b[36m>\u001b[39m\n                \u001b[36m<path\u001b[39m\n                  \u001b[33md\u001b[39m=\u001b[32m\"m9 18 6-6-6-6\"\u001b[39m\n                \u001b[36m/>\u001b[39m\n              \u001b[36m</svg>\u001b[39m\n            \u001b[36m</a>\u001b[39m\n          \u001b[36m</div>\u001b[39m\n          \u001b[36m<div\u001b[39m\n            \u001b[33mclass\u001b[39m=\u001b[32m\"welcome-panel__notifs-empty\"\u001b[39m\n          \u001b[36m>\u001b[39m\n            \u001b[36m<svg\u001b[39m\n              \u001b[33maria-hidden\u001b[39m=\u001b[32m\"true\"\u001b[39m\n              \u001b[33mclass\u001b[39m=\u001b[32m\"lucide lucide-circle-check welcome-panel__empty-icon\"\u001b[39m\n              \u001b[33mfill\u001b[39m=\u001b[32m\"none\"\u001b[39m\n              \u001b[33mheight\u001b[39m=\u001b[32m\"20\"\u001b[39m\n              \u001b[33mstroke\u001b[39m=\u001b[32m\"currentColor\"\u001b[39m\n              \u001b[33mstroke-linecap\u001b[39m=\u001b[32m\"round\"\u001b[39m\n              \u001b[33mstroke-linejoin\u001b[39m=\u001b[32m\"round\"\u001b[39m\n              \u001b[33mstroke-width\u001b[39m=\u001b[32m\"2\"\u001b[39m\n              \u001b[33mviewBox\u001b[39m=\u001b[32m\"0 0 24 24\"\u001b[39m\n              \u001b[33mwidth\u001b[39m=\u001b[32m\"20\"\u001b[39m\n              \u001b[33mxmlns\u001b[39m=\u001b[32m\"http://www.w3.org/2000/svg\"\u001b[39m\n            \u001b[36m>\u001b[39m\n              \u001b[36m<circle\u001b[39m\n                \u001b[33mcx\u001b[39m=\u001b[32m\"12\"\u001b[39m\n                \u001b[33mcy\u001b[39m=\u001b[32m\"12\"\u001b[39m\n                \u001b[33mr\u001b[39m=\u001b[32m\"10\"\u001b[39m\n              \u001b[36m/>\u001b[39m\n              \u001b[36m<path\u001b[39m\n                \u001b[33md\u001b[39m=\u001b[32m\"m9 12 2 2 4-4\"\u001b[39m\n              \u001b[36m/>\u001b[39m\n            \u001b[36m</svg>\u001b[39m\n            \u001b[36m<span>\u001b[39m\n              \u001b[0mNo tienes notificaciones recientes\u001b[0m\n            \u001b[36m</span>\u001b[39m\n          \u001b[36m</div>\u001b[39m\n        \u001b[36m</div>\u001b[39m\n      \u001b[36m</div>\u001b[39m\n    \u001b[36m</div>\u001b[39m\n  \u001b[36m</div>\u001b[39m\n\u001b[36m</body>\u001b[39m\n    at Proxy.waitForWrapper (C:\\Users\\HeberYesid\\Desktop\\DevTrack\\frontend\\node_modules\\@testing-library\\react\\node_modules\\@testing-library\\dom\\dist\\wait-for.js:163:27)\n    at C:/Users/HeberYesid/Desktop/DevTrack/frontend/src/pages/__tests__/StudentDashboard.test.jsx:73:11\n    at file:///C:/Users/HeberYesid/Desktop/DevTrack/frontend/node_modules/@vitest/runner/dist/index.js:145:11\n    at file:///C:/Users/HeberYesid/Desktop/DevTrack/frontend/node_modules/@vitest/runner/dist/index.js:915:26\n    at file:///C:/Users/HeberYesid/Desktop/DevTrack/frontend/node_modules/@vitest/runner/dist/index.js:1243:20\n    at new Promise (<anonymous>)\n    at runWithTimeout (file:///C:/Users/HeberYesid/Desktop/DevTrack/frontend/node_modules/@vitest/runner/dist/index.js:1209:10)\n    at file:///C:/Users/HeberYesid/Desktop/DevTrack/frontend/node_modules/@vitest/runner/dist/index.js:1653:37\n    at Traces.$ (file:///C:/Users/HeberYesid/Desktop/DevTrack/frontend/node_modules/vitest/dist/chunks/traces.U4xDYhzZ.js:115:27)\n    at trace (file:///C:/Users/HeberYesid/Desktop/DevTrack/frontend/node_modules/vitest/dist/chunks/test.B8ej_ZHS.js:239:21)"],"meta":{}}],"startTime":1773352889550,"endTime":1773352890669.8135,"status":"failed","message":"","name":"C:/Users/HeberYesid/Desktop/DevTrack/frontend/src/pages/__tests__/StudentDashboard.test.jsx"}]}
