{"C:\\Users\\HeberYesid\\Desktop\\DevTrack\\frontend\\src\\api\\axios.js": {"path":"C:\\Users\\HeberYesid\\Desktop\\DevTrack\\frontend\\src\\api\\axios.js","statementMap":{"0":{"start":{"line":3,"column":17},"end":{"line":3,"column":77}},"1":{"start":{"line":4,"column":38},"end":{"line":4,"column":66}},"2":{"start":{"line":6,"column":19},"end":{"line":9,"column":2}},"3":{"start":{"line":11,"column":21},"end":{"line":11,"column":25}},"4":{"start":{"line":14,"column":2},"end":{"line":20,"column":3}},"5":{"start":{"line":15,"column":16},"end":{"line":15,"column":44}},"6":{"start":{"line":16,"column":4},"end":{"line":16,"column":25}},"7":{"start":{"line":16,"column":14},"end":{"line":16,"column":25}},"8":{"start":{"line":17,"column":4},"end":{"line":17,"column":26}},"9":{"start":{"line":19,"column":4},"end":{"line":19,"column":15}},"10":{"start":{"line":24,"column":14},"end":{"line":24,"column":42}},"11":{"start":{"line":25,"column":18},"end":{"line":25,"column":44}},"12":{"start":{"line":26,"column":15},"end":{"line":26,"column":40}},"13":{"start":{"line":27,"column":2},"end":{"line":27,"column":52}},"14":{"start":{"line":31,"column":2},"end":{"line":31,"column":43}},"15":{"start":{"line":31,"column":37},"end":{"line":31,"column":43}},"16":{"start":{"line":33,"column":2},"end":{"line":33,"column":63}},"17":{"start":{"line":37,"column":15},"end":{"line":37,"column":26}},"18":{"start":{"line":38,"column":2},"end":{"line":38,"column":58}},"19":{"start":{"line":38,"column":30},"end":{"line":38,"column":58}},"20":{"start":{"line":39,"column":2},"end":{"line":39,"column":69}},"21":{"start":{"line":39,"column":36},"end":{"line":39,"column":69}},"22":{"start":{"line":40,"column":2},"end":{"line":40,"column":84}},"23":{"start":{"line":40,"column":44},"end":{"line":40,"column":84}},"24":{"start":{"line":41,"column":2},"end":{"line":41,"column":23}},"25":{"start":{"line":45,"column":2},"end":{"line":45,"column":35}},"26":{"start":{"line":47,"column":14},"end":{"line":47,"column":42}},"27":{"start":{"line":48,"column":2},"end":{"line":48,"column":18}},"28":{"start":{"line":48,"column":12},"end":{"line":48,"column":18}},"29":{"start":{"line":50,"column":18},"end":{"line":50,"column":33}},"30":{"start":{"line":51,"column":15},"end":{"line":51,"column":63}},"31":{"start":{"line":52,"column":2},"end":{"line":52,"column":52}},"32":{"start":{"line":55,"column":0},"end":{"line":70,"column":2}},"33":{"start":{"line":56,"column":15},"end":{"line":56,"column":26}},"34":{"start":{"line":57,"column":2},"end":{"line":57,"column":39}},"35":{"start":{"line":59,"column":25},"end":{"line":59,"column":44}},"36":{"start":{"line":60,"column":2},"end":{"line":64,"column":3}},"37":{"start":{"line":61,"column":4},"end":{"line":61,"column":50}},"38":{"start":{"line":63,"column":4},"end":{"line":63,"column":40}},"39":{"start":{"line":66,"column":2},"end":{"line":68,"column":3}},"40":{"start":{"line":67,"column":4},"end":{"line":67,"column":61}},"41":{"start":{"line":69,"column":2},"end":{"line":69,"column":15}},"42":{"start":{"line":72,"column":19},"end":{"line":72,"column":24}},"43":{"start":{"line":73,"column":14},"end":{"line":73,"column":16}},"44":{"start":{"line":76,"column":2},"end":{"line":76,"column":36}},"45":{"start":{"line":76,"column":26},"end":{"line":76,"column":35}},"46":{"start":{"line":77,"column":2},"end":{"line":77,"column":14}},"47":{"start":{"line":80,"column":0},"end":{"line":120,"column":1}},"48":{"start":{"line":81,"column":12},"end":{"line":81,"column":16}},"49":{"start":{"line":83,"column":21},"end":{"line":83,"column":33}},"50":{"start":{"line":84,"column":4},"end":{"line":117,"column":5}},"51":{"start":{"line":85,"column":6},"end":{"line":85,"column":28}},"52":{"start":{"line":86,"column":19},"end":{"line":86,"column":30}},"53":{"start":{"line":87,"column":6},"end":{"line":89,"column":7}},"54":{"start":{"line":88,"column":8},"end":{"line":88,"column":36}},"55":{"start":{"line":90,"column":6},"end":{"line":97,"column":7}},"56":{"start":{"line":91,"column":8},"end":{"line":96,"column":10}},"57":{"start":{"line":92,"column":10},"end":{"line":95,"column":12}},"58":{"start":{"line":93,"column":12},"end":{"line":93,"column":65}},"59":{"start":{"line":94,"column":12},"end":{"line":94,"column":34}},"60":{"start":{"line":98,"column":6},"end":{"line":98,"column":25}},"61":{"start":{"line":99,"column":6},"end":{"line":116,"column":7}},"62":{"start":{"line":100,"column":25},"end":{"line":102,"column":10}},"63":{"start":{"line":103,"column":8},"end":{"line":106,"column":10}},"64":{"start":{"line":107,"column":8},"end":{"line":107,"column":28}},"65":{"start":{"line":108,"column":8},"end":{"line":108,"column":32}},"66":{"start":{"line":109,"column":8},"end":{"line":109,"column":67}},"67":{"start":{"line":110,"column":8},"end":{"line":110,"column":28}},"68":{"start":{"line":112,"column":8},"end":{"line":112,"column":28}},"69":{"start":{"line":113,"column":8},"end":{"line":113,"column":39}},"70":{"start":{"line":114,"column":8},"end":{"line":114,"column":31}},"71":{"start":{"line":115,"column":8},"end":{"line":115,"column":32}},"72":{"start":{"line":118,"column":4},"end":{"line":118,"column":32}}},"fnMap":{"0":{"name":"getTokens","decl":{"start":{"line":13,"column":9},"end":{"line":13,"column":18}},"loc":{"start":{"line":13,"column":21},"end":{"line":21,"column":1}},"line":13},"1":{"name":"setTokens","decl":{"start":{"line":23,"column":9},"end":{"line":23,"column":18}},"loc":{"start":{"line":23,"column":27},"end":{"line":28,"column":1}},"line":23},"2":{"name":"notifyAuthInvalidated","decl":{"start":{"line":30,"column":9},"end":{"line":30,"column":30}},"loc":{"start":{"line":30,"column":33},"end":{"line":34,"column":1}},"line":30},"3":{"name":"getActiveTenantId","decl":{"start":{"line":36,"column":9},"end":{"line":36,"column":26}},"loc":{"start":{"line":36,"column":29},"end":{"line":42,"column":1}},"line":36},"4":{"name":"setApiActiveTenantId","decl":{"start":{"line":44,"column":16},"end":{"line":44,"column":36}},"loc":{"start":{"line":44,"column":47},"end":{"line":53,"column":1}},"line":44},"5":{"name":"(anonymous_5)","decl":{"start":{"line":55,"column":29},"end":{"line":55,"column":30}},"loc":{"start":{"line":55,"column":41},"end":{"line":70,"column":1}},"line":55},"6":{"name":"onRefreshed","decl":{"start":{"line":75,"column":9},"end":{"line":75,"column":20}},"loc":{"start":{"line":75,"column":28},"end":{"line":78,"column":1}},"line":75},"7":{"name":"(anonymous_7)","decl":{"start":{"line":76,"column":18},"end":{"line":76,"column":19}},"loc":{"start":{"line":76,"column":26},"end":{"line":76,"column":35}},"line":76},"8":{"name":"(anonymous_8)","decl":{"start":{"line":81,"column":2},"end":{"line":81,"column":3}},"loc":{"start":{"line":81,"column":12},"end":{"line":81,"column":16}},"line":81},"9":{"name":"(anonymous_9)","decl":{"start":{"line":82,"column":2},"end":{"line":82,"column":7}},"loc":{"start":{"line":82,"column":19},"end":{"line":119,"column":3}},"line":82},"10":{"name":"(anonymous_10)","decl":{"start":{"line":91,"column":27},"end":{"line":91,"column":28}},"loc":{"start":{"line":91,"column":40},"end":{"line":96,"column":9}},"line":91},"11":{"name":"(anonymous_11)","decl":{"start":{"line":92,"column":23},"end":{"line":92,"column":24}},"loc":{"start":{"line":92,"column":34},"end":{"line":95,"column":11}},"line":92}},"branchMap":{"0":{"loc":{"start":{"line":3,"column":17},"end":{"line":3,"column":77}},"type":"binary-expr","locations":[{"start":{"line":3,"column":17},"end":{"line":3,"column":50}},{"start":{"line":3,"column":54},"end":{"line":3,"column":77}}],"line":3},"1":{"loc":{"start":{"line":16,"column":4},"end":{"line":16,"column":25}},"type":"if","locations":[{"start":{"line":16,"column":4},"end":{"line":16,"column":25}},{"start":{},"end":{}}],"line":16},"2":{"loc":{"start":{"line":25,"column":18},"end":{"line":25,"column":44}},"type":"cond-expr","locations":[{"start":{"line":25,"column":24},"end":{"line":25,"column":39}},{"start":{"line":25,"column":42},"end":{"line":25,"column":44}}],"line":25},"3":{"loc":{"start":{"line":31,"column":2},"end":{"line":31,"column":43}},"type":"if","locations":[{"start":{"line":31,"column":2},"end":{"line":31,"column":43}},{"start":{},"end":{}}],"line":31},"4":{"loc":{"start":{"line":38,"column":2},"end":{"line":38,"column":58}},"type":"if","locations":[{"start":{"line":38,"column":2},"end":{"line":38,"column":58}},{"start":{},"end":{}}],"line":38},"5":{"loc":{"start":{"line":39,"column":2},"end":{"line":39,"column":69}},"type":"if","locations":[{"start":{"line":39,"column":2},"end":{"line":39,"column":69}},{"start":{},"end":{}}],"line":39},"6":{"loc":{"start":{"line":40,"column":2},"end":{"line":40,"column":84}},"type":"if","locations":[{"start":{"line":40,"column":2},"end":{"line":40,"column":84}},{"start":{},"end":{}}],"line":40},"7":{"loc":{"start":{"line":45,"column":19},"end":{"line":45,"column":35}},"type":"binary-expr","locations":[{"start":{"line":45,"column":19},"end":{"line":45,"column":27}},{"start":{"line":45,"column":31},"end":{"line":45,"column":35}}],"line":45},"8":{"loc":{"start":{"line":48,"column":2},"end":{"line":48,"column":18}},"type":"if","locations":[{"start":{"line":48,"column":2},"end":{"line":48,"column":18}},{"start":{},"end":{}}],"line":48},"9":{"loc":{"start":{"line":57,"column":19},"end":{"line":57,"column":39}},"type":"binary-expr","locations":[{"start":{"line":57,"column":19},"end":{"line":57,"column":33}},{"start":{"line":57,"column":37},"end":{"line":57,"column":39}}],"line":57},"10":{"loc":{"start":{"line":60,"column":2},"end":{"line":64,"column":3}},"type":"if","locations":[{"start":{"line":60,"column":2},"end":{"line":64,"column":3}},{"start":{"line":62,"column":9},"end":{"line":64,"column":3}}],"line":60},"11":{"loc":{"start":{"line":66,"column":2},"end":{"line":68,"column":3}},"type":"if","locations":[{"start":{"line":66,"column":2},"end":{"line":68,"column":3}},{"start":{},"end":{}}],"line":66},"12":{"loc":{"start":{"line":84,"column":4},"end":{"line":117,"column":5}},"type":"if","locations":[{"start":{"line":84,"column":4},"end":{"line":117,"column":5}},{"start":{},"end":{}}],"line":84},"13":{"loc":{"start":{"line":84,"column":8},"end":{"line":84,"column":58}},"type":"binary-expr","locations":[{"start":{"line":84,"column":8},"end":{"line":84,"column":38}},{"start":{"line":84,"column":42},"end":{"line":84,"column":58}}],"line":84},"14":{"loc":{"start":{"line":87,"column":6},"end":{"line":89,"column":7}},"type":"if","locations":[{"start":{"line":87,"column":6},"end":{"line":89,"column":7}},{"start":{},"end":{}}],"line":87},"15":{"loc":{"start":{"line":90,"column":6},"end":{"line":97,"column":7}},"type":"if","locations":[{"start":{"line":90,"column":6},"end":{"line":97,"column":7}},{"start":{},"end":{}}],"line":90},"16":{"loc":{"start":{"line":105,"column":28},"end":{"line":105,"column":72}},"type":"binary-expr","locations":[{"start":{"line":105,"column":28},"end":{"line":105,"column":49}},{"start":{"line":105,"column":53},"end":{"line":105,"column":72}}],"line":105}},"s":{"0":4,"1":4,"2":4,"3":4,"4":12,"5":12,"6":12,"7":10,"8":2,"9":0,"10":0,"11":0,"12":0,"13":0,"14":0,"15":0,"16":0,"17":6,"18":6,"19":1,"20":5,"21":0,"22":5,"23":0,"24":5,"25":8,"26":8,"27":8,"28":6,"29":2,"30":2,"31":2,"32":4,"33":6,"34":6,"35":6,"36":6,"37":2,"38":4,"39":6,"40":1,"41":6,"42":4,"43":4,"44":0,"45":0,"46":0,"47":4,"48":0,"49":4,"50":4,"51":0,"52":0,"53":0,"54":0,"55":0,"56":0,"57":0,"58":0,"59":0,"60":0,"61":0,"62":0,"63":0,"64":0,"65":0,"66":0,"67":0,"68":0,"69":0,"70":0,"71":0,"72":4},"f":{"0":12,"1":0,"2":0,"3":6,"4":8,"5":6,"6":0,"7":0,"8":0,"9":4,"10":0,"11":0},"b":{"0":[4,0],"1":[10,2],"2":[0,0],"3":[0,0],"4":[1,5],"5":[0,5],"6":[0,5],"7":[8,4],"8":[6,2],"9":[6,0],"10":[2,4],"11":[1,5],"12":[0,4],"13":[4,0],"14":[0,0],"15":[0,0],"16":[0,0]},"meta":{"lastBranch":17,"lastFunction":12,"lastStatement":73,"seen":{"s:3:17:3:77":0,"b:3:17:3:50:3:54:3:77":0,"s:4:38:4:66":1,"s:6:19:9:2":2,"s:11:21:11:25":3,"f:13:9:13:18":0,"s:14:2:20:3":4,"s:15:16:15:44":5,"b:16:4:16:25:undefined:undefined:undefined:undefined":1,"s:16:4:16:25":6,"s:16:14:16:25":7,"s:17:4:17:26":8,"s:19:4:19:15":9,"f:23:9:23:18":1,"s:24:14:24:42":10,"s:25:18:25:44":11,"b:25:24:25:39:25:42:25:44":2,"s:26:15:26:40":12,"s:27:2:27:52":13,"f:30:9:30:30":2,"b:31:2:31:43:undefined:undefined:undefined:undefined":3,"s:31:2:31:43":14,"s:31:37:31:43":15,"s:33:2:33:63":16,"f:36:9:36:26":3,"s:37:15:37:26":17,"b:38:2:38:58:undefined:undefined:undefined:undefined":4,"s:38:2:38:58":18,"s:38:30:38:58":19,"b:39:2:39:69:undefined:undefined:undefined:undefined":5,"s:39:2:39:69":20,"s:39:36:39:69":21,"b:40:2:40:84:undefined:undefined:undefined:undefined":6,"s:40:2:40:84":22,"s:40:44:40:84":23,"s:41:2:41:23":24,"f:44:16:44:36":4,"s:45:2:45:35":25,"b:45:19:45:27:45:31:45:35":7,"s:47:14:47:42":26,"b:48:2:48:18:undefined:undefined:undefined:undefined":8,"s:48:2:48:18":27,"s:48:12:48:18":28,"s:50:18:50:33":29,"s:51:15:51:63":30,"s:52:2:52:52":31,"s:55:0:70:2":32,"f:55:29:55:30":5,"s:56:15:56:26":33,"s:57:2:57:39":34,"b:57:19:57:33:57:37:57:39":9,"s:59:25:59:44":35,"b:60:2:64:3:62:9:64:3":10,"s:60:2:64:3":36,"s:61:4:61:50":37,"s:63:4:63:40":38,"b:66:2:68:3:undefined:undefined:undefined:undefined":11,"s:66:2:68:3":39,"s:67:4:67:61":40,"s:69:2:69:15":41,"s:72:19:72:24":42,"s:73:14:73:16":43,"f:75:9:75:20":6,"s:76:2:76:36":44,"f:76:18:76:19":7,"s:76:26:76:35":45,"s:77:2:77:14":46,"s:80:0:120:1":47,"f:81:2:81:3":8,"s:81:12:81:16":48,"f:82:2:82:7":9,"s:83:21:83:33":49,"b:84:4:117:5:undefined:undefined:undefined:undefined":12,"s:84:4:117:5":50,"b:84:8:84:38:84:42:84:58":13,"s:85:6:85:28":51,"s:86:19:86:30":52,"b:87:6:89:7:undefined:undefined:undefined:undefined":14,"s:87:6:89:7":53,"s:88:8:88:36":54,"b:90:6:97:7:undefined:undefined:undefined:undefined":15,"s:90:6:97:7":55,"s:91:8:96:10":56,"f:91:27:91:28":10,"s:92:10:95:12":57,"f:92:23:92:24":11,"s:93:12:93:65":58,"s:94:12:94:34":59,"s:98:6:98:25":60,"s:99:6:116:7":61,"s:100:25:102:10":62,"s:103:8:106:10":63,"b:105:28:105:49:105:53:105:72":16,"s:107:8:107:28":64,"s:108:8:108:32":65,"s:109:8:109:67":66,"s:110:8:110:28":67,"s:112:8:112:28":68,"s:113:8:113:39":69,"s:114:8:114:31":70,"s:115:8:115:32":71,"s:118:4:118:32":72}}}
,"C:\\Users\\HeberYesid\\Desktop\\DevTrack\\frontend\\src\\api\\contact.js": {"path":"C:\\Users\\HeberYesid\\Desktop\\DevTrack\\frontend\\src\\api\\contact.js","statementMap":{"0":{"start":{"line":13,"column":19},"end":{"line":13,"column":64}},"1":{"start":{"line":14,"column":2},"end":{"line":14,"column":22}}},"fnMap":{"0":{"name":"sendContactMessage","decl":{"start":{"line":12,"column":22},"end":{"line":12,"column":40}},"loc":{"start":{"line":12,"column":47},"end":{"line":15,"column":1}},"line":12}},"branchMap":{},"s":{"0":1,"1":1},"f":{"0":1},"b":{},"meta":{"lastBranch":0,"lastFunction":1,"lastStatement":2,"seen":{"f:12:22:12:40":0,"s:13:19:13:64":0,"s:14:2:14:22":1}}}
,"C:\\Users\\HeberYesid\\Desktop\\DevTrack\\frontend\\src\\api\\messaging.js": {"path":"C:\\Users\\HeberYesid\\Desktop\\DevTrack\\frontend\\src\\api\\messaging.js","statementMap":{"0":{"start":{"line":3,"column":32},"end":{"line":6,"column":1}},"1":{"start":{"line":4,"column":21},"end":{"line":4,"column":70}},"2":{"start":{"line":5,"column":4},"end":{"line":5,"column":16}},"3":{"start":{"line":8,"column":31},"end":{"line":11,"column":1}},"4":{"start":{"line":9,"column":21},"end":{"line":9,"column":76}},"5":{"start":{"line":10,"column":4},"end":{"line":10,"column":16}},"6":{"start":{"line":13,"column":33},"end":{"line":16,"column":1}},"7":{"start":{"line":14,"column":21},"end":{"line":14,"column":108}},"8":{"start":{"line":15,"column":4},"end":{"line":15,"column":16}},"9":{"start":{"line":18,"column":26},"end":{"line":21,"column":1}},"10":{"start":{"line":19,"column":21},"end":{"line":19,"column":98}},"11":{"start":{"line":20,"column":4},"end":{"line":20,"column":16}},"12":{"start":{"line":23,"column":27},"end":{"line":39,"column":1}},"13":{"start":{"line":37,"column":21},"end":{"line":37,"column":96}},"14":{"start":{"line":38,"column":4},"end":{"line":38,"column":16}},"15":{"start":{"line":41,"column":27},"end":{"line":44,"column":1}},"16":{"start":{"line":42,"column":21},"end":{"line":42,"column":112}},"17":{"start":{"line":43,"column":4},"end":{"line":43,"column":16}},"18":{"start":{"line":46,"column":27},"end":{"line":49,"column":1}},"19":{"start":{"line":47,"column":21},"end":{"line":47,"column":78}},"20":{"start":{"line":48,"column":4},"end":{"line":48,"column":16}}},"fnMap":{"0":{"name":"(anonymous_0)","decl":{"start":{"line":3,"column":32},"end":{"line":3,"column":37}},"loc":{"start":{"line":3,"column":44},"end":{"line":6,"column":1}},"line":3},"1":{"name":"(anonymous_1)","decl":{"start":{"line":8,"column":31},"end":{"line":8,"column":36}},"loc":{"start":{"line":8,"column":45},"end":{"line":11,"column":1}},"line":8},"2":{"name":"(anonymous_2)","decl":{"start":{"line":13,"column":33},"end":{"line":13,"column":38}},"loc":{"start":{"line":13,"column":56},"end":{"line":16,"column":1}},"line":13},"3":{"name":"(anonymous_3)","decl":{"start":{"line":18,"column":26},"end":{"line":18,"column":31}},"loc":{"start":{"line":18,"column":52},"end":{"line":21,"column":1}},"line":18},"4":{"name":"(anonymous_4)","decl":{"start":{"line":23,"column":27},"end":{"line":23,"column":32}},"loc":{"start":{"line":23,"column":53},"end":{"line":39,"column":1}},"line":23},"5":{"name":"(anonymous_5)","decl":{"start":{"line":41,"column":27},"end":{"line":41,"column":32}},"loc":{"start":{"line":41,"column":62},"end":{"line":44,"column":1}},"line":41},"6":{"name":"(anonymous_6)","decl":{"start":{"line":46,"column":27},"end":{"line":46,"column":32}},"loc":{"start":{"line":46,"column":44},"end":{"line":49,"column":1}},"line":46}},"branchMap":{},"s":{"0":1,"1":1,"2":1,"3":1,"4":1,"5":1,"6":1,"7":1,"8":1,"9":1,"10":1,"11":1,"12":1,"13":1,"14":1,"15":1,"16":1,"17":1,"18":1,"19":1,"20":1},"f":{"0":1,"1":1,"2":1,"3":1,"4":1,"5":1,"6":1},"b":{},"meta":{"lastBranch":0,"lastFunction":7,"lastStatement":21,"seen":{"s:3:32:6:1":0,"f:3:32:3:37":0,"s:4:21:4:70":1,"s:5:4:5:16":2,"s:8:31:11:1":3,"f:8:31:8:36":1,"s:9:21:9:76":4,"s:10:4:10:16":5,"s:13:33:16:1":6,"f:13:33:13:38":2,"s:14:21:14:108":7,"s:15:4:15:16":8,"s:18:26:21:1":9,"f:18:26:18:31":3,"s:19:21:19:98":10,"s:20:4:20:16":11,"s:23:27:39:1":12,"f:23:27:23:32":4,"s:37:21:37:96":13,"s:38:4:38:16":14,"s:41:27:44:1":15,"f:41:27:41:32":5,"s:42:21:42:112":16,"s:43:4:43:16":17,"s:46:27:49:1":18,"f:46:27:46:32":6,"s:47:21:47:78":19,"s:48:4:48:16":20}}}
,"C:\\Users\\HeberYesid\\Desktop\\DevTrack\\frontend\\src\\components\\Alert.jsx": {"path":"C:\\Users\\HeberYesid\\Desktop\\DevTrack\\frontend\\src\\components\\Alert.jsx","statementMap":{"0":{"start":{"line":4,"column":2},"end":{"line":4,"column":null}},"1":{"start":{"line":4,"column":16},"end":{"line":4,"column":null}},"2":{"start":{"line":6,"column":2},"end":{"line":14,"column":null}}},"fnMap":{"0":{"name":"Alert","decl":{"start":{"line":3,"column":24},"end":{"line":3,"column":30}},"loc":{"start":{"line":3,"column":68},"end":{"line":16,"column":null}},"line":3}},"branchMap":{"0":{"loc":{"start":{"line":3,"column":32},"end":{"line":3,"column":50}},"type":"default-arg","locations":[{"start":{"line":3,"column":39},"end":{"line":3,"column":50}}],"line":3},"1":{"loc":{"start":{"line":4,"column":2},"end":{"line":4,"column":null}},"type":"if","locations":[{"start":{"line":4,"column":2},"end":{"line":4,"column":null}},{"start":{},"end":{}}],"line":4},"2":{"loc":{"start":{"line":10,"column":12},"end":{"line":10,"column":null}},"type":"cond-expr","locations":[{"start":{"line":10,"column":31},"end":{"line":10,"column":41}},{"start":{"line":10,"column":41},"end":{"line":10,"column":null}}],"line":10},"3":{"loc":{"start":{"line":11,"column":17},"end":{"line":11,"column":null}},"type":"cond-expr","locations":[{"start":{"line":11,"column":36},"end":{"line":11,"column":50}},{"start":{"line":11,"column":50},"end":{"line":11,"column":null}}],"line":11}},"s":{"0":163,"1":158,"2":5},"f":{"0":163},"b":{"0":[163],"1":[158,5],"2":[2,3],"3":[2,3]},"meta":{"lastBranch":4,"lastFunction":1,"lastStatement":3,"seen":{"f:3:24:3:30":0,"b:3:39:3:50":0,"b:4:2:4:Infinity:undefined:undefined:undefined:undefined":1,"s:4:2:4:Infinity":0,"s:4:16:4:Infinity":1,"s:6:2:14:Infinity":2,"b:10:31:10:41:10:41:10:Infinity":2,"b:11:36:11:50:11:50:11:Infinity":3}}}
,"C:\\Users\\HeberYesid\\Desktop\\DevTrack\\frontend\\src\\components\\AppTour.jsx": {"path":"C:\\Users\\HeberYesid\\Desktop\\DevTrack\\frontend\\src\\components\\AppTour.jsx","statementMap":{"0":{"start":{"line":6,"column":25},"end":{"line":6,"column":null}},"1":{"start":{"line":9,"column":2},"end":{"line":9,"column":null}},"2":{"start":{"line":13,"column":2},"end":{"line":23,"column":null}},"3":{"start":{"line":19,"column":10},"end":{"line":19,"column":null}},"4":{"start":{"line":27,"column":22},"end":{"line":115,"column":null}},"5":{"start":{"line":117,"column":22},"end":{"line":190,"column":null}},"6":{"start":{"line":192,"column":20},"end":{"line":275,"column":null}},"7":{"start":{"line":277,"column":20},"end":{"line":355,"column":null}},"8":{"start":{"line":358,"column":2},"end":{"line":358,"column":null}},"9":{"start":{"line":358,"column":26},"end":{"line":358,"column":null}},"10":{"start":{"line":359,"column":2},"end":{"line":359,"column":null}},"11":{"start":{"line":359,"column":26},"end":{"line":359,"column":null}},"12":{"start":{"line":360,"column":2},"end":{"line":360,"column":null}},"13":{"start":{"line":360,"column":24},"end":{"line":360,"column":null}},"14":{"start":{"line":361,"column":2},"end":{"line":361,"column":null}},"15":{"start":{"line":361,"column":24},"end":{"line":361,"column":null}},"16":{"start":{"line":362,"column":2},"end":{"line":362,"column":null}},"17":{"start":{"line":366,"column":2},"end":{"line":366,"column":null}},"18":{"start":{"line":366,"column":25},"end":{"line":366,"column":null}},"19":{"start":{"line":367,"column":2},"end":{"line":367,"column":null}},"20":{"start":{"line":371,"column":15},"end":{"line":371,"column":null}},"21":{"start":{"line":372,"column":8},"end":{"line":372,"column":null}},"22":{"start":{"line":373,"column":20},"end":{"line":373,"column":null}},"23":{"start":{"line":374,"column":24},"end":{"line":374,"column":null}},"24":{"start":{"line":375,"column":32},"end":{"line":375,"column":null}},"25":{"start":{"line":376,"column":24},"end":{"line":376,"column":null}},"26":{"start":{"line":378,"column":2},"end":{"line":434,"column":null}},"27":{"start":{"line":379,"column":18},"end":{"line":379,"column":null}},"28":{"start":{"line":380,"column":23},"end":{"line":380,"column":null}},"29":{"start":{"line":382,"column":4},"end":{"line":388,"column":null}},"30":{"start":{"line":383,"column":6},"end":{"line":383,"column":null}},"31":{"start":{"line":384,"column":6},"end":{"line":387,"column":null}},"32":{"start":{"line":385,"column":8},"end":{"line":385,"column":null}},"33":{"start":{"line":385,"column":21},"end":{"line":385,"column":null}},"34":{"start":{"line":386,"column":8},"end":{"line":386,"column":null}},"35":{"start":{"line":386,"column":26},"end":{"line":386,"column":null}},"36":{"start":{"line":390,"column":4},"end":{"line":395,"column":null}},"37":{"start":{"line":391,"column":6},"end":{"line":394,"column":null}},"38":{"start":{"line":392,"column":8},"end":{"line":392,"column":null}},"39":{"start":{"line":392,"column":21},"end":{"line":392,"column":null}},"40":{"start":{"line":393,"column":8},"end":{"line":393,"column":null}},"41":{"start":{"line":393,"column":26},"end":{"line":393,"column":null}},"42":{"start":{"line":397,"column":20},"end":{"line":397,"column":null}},"43":{"start":{"line":398,"column":29},"end":{"line":398,"column":null}},"44":{"start":{"line":400,"column":4},"end":{"line":428,"column":null}},"45":{"start":{"line":401,"column":24},"end":{"line":401,"column":null}},"46":{"start":{"line":402,"column":6},"end":{"line":427,"column":null}},"47":{"start":{"line":403,"column":23},"end":{"line":403,"column":null}},"48":{"start":{"line":404,"column":34},"end":{"line":404,"column":null}},"49":{"start":{"line":404,"column":61},"end":{"line":404,"column":83}},"50":{"start":{"line":405,"column":34},"end":{"line":405,"column":null}},"51":{"start":{"line":407,"column":34},"end":{"line":423,"column":null}},"52":{"start":{"line":408,"column":33},"end":{"line":408,"column":null}},"53":{"start":{"line":408,"column":60},"end":{"line":408,"column":90}},"54":{"start":{"line":409,"column":42},"end":{"line":409,"column":null}},"55":{"start":{"line":409,"column":74},"end":{"line":409,"column":96}},"56":{"start":{"line":410,"column":35},"end":{"line":410,"column":null}},"57":{"start":{"line":412,"column":10},"end":{"line":417,"column":null}},"58":{"start":{"line":413,"column":12},"end":{"line":413,"column":null}},"59":{"start":{"line":414,"column":12},"end":{"line":414,"column":null}},"60":{"start":{"line":415,"column":12},"end":{"line":415,"column":null}},"61":{"start":{"line":416,"column":12},"end":{"line":416,"column":null}},"62":{"start":{"line":419,"column":10},"end":{"line":419,"column":null}},"63":{"start":{"line":420,"column":10},"end":{"line":422,"column":null}},"64":{"start":{"line":421,"column":12},"end":{"line":421,"column":null}},"65":{"start":{"line":426,"column":8},"end":{"line":426,"column":null}},"66":{"start":{"line":430,"column":4},"end":{"line":433,"column":null}},"67":{"start":{"line":431,"column":6},"end":{"line":431,"column":null}},"68":{"start":{"line":431,"column":19},"end":{"line":431,"column":null}},"69":{"start":{"line":432,"column":6},"end":{"line":432,"column":null}},"70":{"start":{"line":432,"column":24},"end":{"line":432,"column":null}},"71":{"start":{"line":436,"column":32},"end":{"line":458,"column":null}},"72":{"start":{"line":437,"column":44},"end":{"line":437,"column":null}},"73":{"start":{"line":439,"column":4},"end":{"line":441,"column":null}},"74":{"start":{"line":440,"column":6},"end":{"line":440,"column":null}},"75":{"start":{"line":443,"column":4},"end":{"line":449,"column":null}},"76":{"start":{"line":444,"column":6},"end":{"line":444,"column":null}},"77":{"start":{"line":445,"column":6},"end":{"line":445,"column":null}},"78":{"start":{"line":446,"column":6},"end":{"line":448,"column":null}},"79":{"start":{"line":447,"column":8},"end":{"line":447,"column":null}},"80":{"start":{"line":451,"column":4},"end":{"line":457,"column":null}},"81":{"start":{"line":452,"column":6},"end":{"line":452,"column":null}},"82":{"start":{"line":453,"column":6},"end":{"line":453,"column":null}},"83":{"start":{"line":454,"column":6},"end":{"line":456,"column":null}},"84":{"start":{"line":455,"column":8},"end":{"line":455,"column":null}},"85":{"start":{"line":461,"column":22},"end":{"line":466,"column":null}},"86":{"start":{"line":462,"column":4},"end":{"line":465,"column":null}},"87":{"start":{"line":463,"column":6},"end":{"line":463,"column":null}},"88":{"start":{"line":464,"column":6},"end":{"line":464,"column":null}},"89":{"start":{"line":469,"column":2},"end":{"line":471,"column":null}},"90":{"start":{"line":470,"column":4},"end":{"line":470,"column":null}},"91":{"start":{"line":473,"column":2},"end":{"line":534,"column":null}},"92":{"start":{"line":539,"column":25},"end":{"line":543,"column":null}},"93":{"start":{"line":540,"column":2},"end":{"line":542,"column":null}},"94":{"start":{"line":541,"column":4},"end":{"line":541,"column":null}}},"fnMap":{"0":{"name":"getTourStartPath","decl":{"start":{"line":8,"column":9},"end":{"line":8,"column":26}},"loc":{"start":{"line":8,"column":32},"end":{"line":10,"column":null}},"line":8},"1":{"name":"completionContent","decl":{"start":{"line":12,"column":9},"end":{"line":12,"column":27}},"loc":{"start":{"line":12,"column":44},"end":{"line":25,"column":null}},"line":12},"2":{"name":"(anonymous_2)","decl":{"start":{"line":18,"column":22},"end":{"line":18,"column":23}},"loc":{"start":{"line":19,"column":10},"end":{"line":19,"column":null}},"line":19},"3":{"name":"getStepsByRole","decl":{"start":{"line":357,"column":9},"end":{"line":357,"column":24}},"loc":{"start":{"line":357,"column":30},"end":{"line":363,"column":null}},"line":357},"4":{"name":"isTargetAvailable","decl":{"start":{"line":365,"column":9},"end":{"line":365,"column":27}},"loc":{"start":{"line":365,"column":35},"end":{"line":368,"column":null}},"line":365},"5":{"name":"AppTour","decl":{"start":{"line":370,"column":24},"end":{"line":370,"column":34}},"loc":{"start":{"line":370,"column":34},"end":{"line":536,"column":null}},"line":370},"6":{"name":"(anonymous_6)","decl":{"start":{"line":378,"column":12},"end":{"line":378,"column":18}},"loc":{"start":{"line":378,"column":18},"end":{"line":434,"column":5}},"line":378},"7":{"name":"(anonymous_7)","decl":{"start":{"line":384,"column":13},"end":{"line":384,"column":19}},"loc":{"start":{"line":384,"column":19},"end":{"line":387,"column":null}},"line":384},"8":{"name":"(anonymous_8)","decl":{"start":{"line":391,"column":13},"end":{"line":391,"column":19}},"loc":{"start":{"line":391,"column":19},"end":{"line":394,"column":null}},"line":391},"9":{"name":"(anonymous_9)","decl":{"start":{"line":404,"column":51},"end":{"line":404,"column":52}},"loc":{"start":{"line":404,"column":61},"end":{"line":404,"column":83}},"line":404},"10":{"name":"(anonymous_10)","decl":{"start":{"line":407,"column":34},"end":{"line":407,"column":40}},"loc":{"start":{"line":407,"column":40},"end":{"line":423,"column":null}},"line":407},"11":{"name":"(anonymous_11)","decl":{"start":{"line":408,"column":50},"end":{"line":408,"column":51}},"loc":{"start":{"line":408,"column":60},"end":{"line":408,"column":90}},"line":408},"12":{"name":"(anonymous_12)","decl":{"start":{"line":409,"column":64},"end":{"line":409,"column":65}},"loc":{"start":{"line":409,"column":74},"end":{"line":409,"column":96}},"line":409},"13":{"name":"(anonymous_13)","decl":{"start":{"line":430,"column":11},"end":{"line":430,"column":17}},"loc":{"start":{"line":430,"column":17},"end":{"line":433,"column":null}},"line":430},"14":{"name":"(anonymous_14)","decl":{"start":{"line":436,"column":32},"end":{"line":436,"column":33}},"loc":{"start":{"line":436,"column":42},"end":{"line":458,"column":null}},"line":436},"15":{"name":"(anonymous_15)","decl":{"start":{"line":461,"column":22},"end":{"line":461,"column":28}},"loc":{"start":{"line":461,"column":28},"end":{"line":466,"column":null}},"line":461},"16":{"name":"(anonymous_16)","decl":{"start":{"line":539,"column":25},"end":{"line":539,"column":26}},"loc":{"start":{"line":539,"column":35},"end":{"line":543,"column":null}},"line":539}},"branchMap":{"0":{"loc":{"start":{"line":9,"column":9},"end":{"line":9,"column":null}},"type":"cond-expr","locations":[{"start":{"line":9,"column":28},"end":{"line":9,"column":49}},{"start":{"line":9,"column":49},"end":{"line":9,"column":null}}],"line":9},"1":{"loc":{"start":{"line":358,"column":2},"end":{"line":358,"column":null}},"type":"if","locations":[{"start":{"line":358,"column":2},"end":{"line":358,"column":null}},{"start":{},"end":{}}],"line":358},"2":{"loc":{"start":{"line":359,"column":2},"end":{"line":359,"column":null}},"type":"if","locations":[{"start":{"line":359,"column":2},"end":{"line":359,"column":null}},{"start":{},"end":{}}],"line":359},"3":{"loc":{"start":{"line":360,"column":2},"end":{"line":360,"column":null}},"type":"if","locations":[{"start":{"line":360,"column":2},"end":{"line":360,"column":null}},{"start":{},"end":{}}],"line":360},"4":{"loc":{"start":{"line":361,"column":2},"end":{"line":361,"column":null}},"type":"if","locations":[{"start":{"line":361,"column":2},"end":{"line":361,"column":null}},{"start":{},"end":{}}],"line":361},"5":{"loc":{"start":{"line":366,"column":2},"end":{"line":366,"column":null}},"type":"if","locations":[{"start":{"line":366,"column":2},"end":{"line":366,"column":null}},{"start":{},"end":{}}],"line":366},"6":{"loc":{"start":{"line":382,"column":4},"end":{"line":388,"column":null}},"type":"if","locations":[{"start":{"line":382,"column":4},"end":{"line":388,"column":null}},{"start":{},"end":{}}],"line":382},"7":{"loc":{"start":{"line":385,"column":8},"end":{"line":385,"column":null}},"type":"if","locations":[{"start":{"line":385,"column":8},"end":{"line":385,"column":null}},{"start":{},"end":{}}],"line":385},"8":{"loc":{"start":{"line":386,"column":8},"end":{"line":386,"column":null}},"type":"if","locations":[{"start":{"line":386,"column":8},"end":{"line":386,"column":null}},{"start":{},"end":{}}],"line":386},"9":{"loc":{"start":{"line":390,"column":4},"end":{"line":395,"column":null}},"type":"if","locations":[{"start":{"line":390,"column":4},"end":{"line":395,"column":null}},{"start":{},"end":{}}],"line":390},"10":{"loc":{"start":{"line":390,"column":8},"end":{"line":390,"column":29}},"type":"binary-expr","locations":[{"start":{"line":390,"column":8},"end":{"line":390,"column":17}},{"start":{"line":390,"column":17},"end":{"line":390,"column":29}}],"line":390},"11":{"loc":{"start":{"line":392,"column":8},"end":{"line":392,"column":null}},"type":"if","locations":[{"start":{"line":392,"column":8},"end":{"line":392,"column":null}},{"start":{},"end":{}}],"line":392},"12":{"loc":{"start":{"line":393,"column":8},"end":{"line":393,"column":null}},"type":"if","locations":[{"start":{"line":393,"column":8},"end":{"line":393,"column":null}},{"start":{},"end":{}}],"line":393},"13":{"loc":{"start":{"line":400,"column":4},"end":{"line":428,"column":null}},"type":"if","locations":[{"start":{"line":400,"column":4},"end":{"line":428,"column":null}},{"start":{},"end":{}}],"line":400},"14":{"loc":{"start":{"line":400,"column":8},"end":{"line":400,"column":66}},"type":"binary-expr","locations":[{"start":{"line":400,"column":8},"end":{"line":400,"column":47}},{"start":{"line":400,"column":47},"end":{"line":400,"column":66}}],"line":400},"15":{"loc":{"start":{"line":402,"column":6},"end":{"line":427,"column":null}},"type":"if","locations":[{"start":{"line":402,"column":6},"end":{"line":427,"column":null}},{"start":{},"end":{}}],"line":402},"16":{"loc":{"start":{"line":410,"column":35},"end":{"line":410,"column":null}},"type":"binary-expr","locations":[{"start":{"line":410,"column":35},"end":{"line":410,"column":62}},{"start":{"line":410,"column":62},"end":{"line":410,"column":null}}],"line":410},"17":{"loc":{"start":{"line":412,"column":10},"end":{"line":417,"column":null}},"type":"if","locations":[{"start":{"line":412,"column":10},"end":{"line":417,"column":null}},{"start":{},"end":{}}],"line":412},"18":{"loc":{"start":{"line":412,"column":14},"end":{"line":412,"column":80}},"type":"binary-expr","locations":[{"start":{"line":412,"column":14},"end":{"line":412,"column":44}},{"start":{"line":412,"column":44},"end":{"line":412,"column":64}},{"start":{"line":412,"column":64},"end":{"line":412,"column":80}}],"line":412},"19":{"loc":{"start":{"line":420,"column":10},"end":{"line":422,"column":null}},"type":"if","locations":[{"start":{"line":420,"column":10},"end":{"line":422,"column":null}},{"start":{},"end":{}}],"line":420},"20":{"loc":{"start":{"line":431,"column":6},"end":{"line":431,"column":null}},"type":"if","locations":[{"start":{"line":431,"column":6},"end":{"line":431,"column":null}},{"start":{},"end":{}}],"line":431},"21":{"loc":{"start":{"line":432,"column":6},"end":{"line":432,"column":null}},"type":"if","locations":[{"start":{"line":432,"column":6},"end":{"line":432,"column":null}},{"start":{},"end":{}}],"line":432},"22":{"loc":{"start":{"line":439,"column":4},"end":{"line":441,"column":null}},"type":"if","locations":[{"start":{"line":439,"column":4},"end":{"line":441,"column":null}},{"start":{},"end":{}}],"line":439},"23":{"loc":{"start":{"line":440,"column":28},"end":{"line":440,"column":61}},"type":"cond-expr","locations":[{"start":{"line":440,"column":54},"end":{"line":440,"column":59}},{"start":{"line":440,"column":59},"end":{"line":440,"column":61}}],"line":440},"24":{"loc":{"start":{"line":443,"column":4},"end":{"line":449,"column":null}},"type":"if","locations":[{"start":{"line":443,"column":4},"end":{"line":449,"column":null}},{"start":{},"end":{}}],"line":443},"25":{"loc":{"start":{"line":446,"column":6},"end":{"line":448,"column":null}},"type":"if","locations":[{"start":{"line":446,"column":6},"end":{"line":448,"column":null}},{"start":{},"end":{}}],"line":446},"26":{"loc":{"start":{"line":451,"column":4},"end":{"line":457,"column":null}},"type":"if","locations":[{"start":{"line":451,"column":4},"end":{"line":457,"column":null}},{"start":{},"end":{}}],"line":451},"27":{"loc":{"start":{"line":451,"column":8},"end":{"line":451,"column":62}},"type":"binary-expr","locations":[{"start":{"line":451,"column":8},"end":{"line":451,"column":36}},{"start":{"line":451,"column":36},"end":{"line":451,"column":62}}],"line":451},"28":{"loc":{"start":{"line":454,"column":6},"end":{"line":456,"column":null}},"type":"if","locations":[{"start":{"line":454,"column":6},"end":{"line":456,"column":null}},{"start":{},"end":{}}],"line":454},"29":{"loc":{"start":{"line":462,"column":4},"end":{"line":465,"column":null}},"type":"if","locations":[{"start":{"line":462,"column":4},"end":{"line":465,"column":null}},{"start":{},"end":{}}],"line":462},"30":{"loc":{"start":{"line":469,"column":2},"end":{"line":471,"column":null}},"type":"if","locations":[{"start":{"line":469,"column":2},"end":{"line":471,"column":null}},{"start":{},"end":{}}],"line":469},"31":{"loc":{"start":{"line":540,"column":2},"end":{"line":542,"column":null}},"type":"if","locations":[{"start":{"line":540,"column":2},"end":{"line":542,"column":null}},{"start":{},"end":{}}],"line":540}},"s":{"0":1,"1":3,"2":4,"3":16,"4":1,"5":1,"6":1,"7":1,"8":1,"9":0,"10":1,"11":0,"12":1,"13":1,"14":0,"15":0,"16":0,"17":14,"18":2,"19":12,"20":3,"21":3,"22":3,"23":3,"24":3,"25":3,"26":3,"27":2,"28":2,"29":2,"30":1,"31":1,"32":1,"33":0,"34":1,"35":0,"36":1,"37":0,"38":0,"39":0,"40":0,"41":0,"42":1,"43":1,"44":1,"45":1,"46":1,"47":1,"48":1,"49":14,"50":1,"51":1,"52":1,"53":14,"54":1,"55":14,"56":1,"57":1,"58":1,"59":1,"60":1,"61":1,"62":0,"63":0,"64":0,"65":1,"66":1,"67":1,"68":1,"69":1,"70":0,"71":3,"72":0,"73":0,"74":0,"75":0,"76":0,"77":0,"78":0,"79":0,"80":0,"81":0,"82":0,"83":0,"84":0,"85":3,"86":0,"87":0,"88":0,"89":3,"90":3,"91":3,"92":1,"93":0,"94":0},"f":{"0":3,"1":4,"2":16,"3":1,"4":14,"5":3,"6":2,"7":1,"8":0,"9":14,"10":1,"11":14,"12":14,"13":1,"14":0,"15":0,"16":0},"b":{"0":[3,0],"1":[0,1],"2":[0,1],"3":[1,0],"4":[0,0],"5":[2,12],"6":[1,1],"7":[0,1],"8":[0,1],"9":[0,1],"10":[1,1],"11":[0,0],"12":[0,0],"13":[1,0],"14":[1,1],"15":[1,0],"16":[1,1],"17":[1,0],"18":[1,1,0],"19":[0,0],"20":[1,0],"21":[0,1],"22":[0,0],"23":[0,0],"24":[0,0],"25":[0,0],"26":[0,0],"27":[0,0],"28":[0,0],"29":[0,0],"30":[3,0],"31":[0,0]},"meta":{"lastBranch":32,"lastFunction":17,"lastStatement":95,"seen":{"s:6:25:6:Infinity":0,"f:8:9:8:26":0,"s:9:2:9:Infinity":1,"b:9:28:9:49:9:49:9:Infinity":0,"f:12:9:12:27":1,"s:13:2:23:Infinity":2,"f:18:22:18:23":2,"s:19:10:19:Infinity":3,"s:27:22:115:Infinity":4,"s:117:22:190:Infinity":5,"s:192:20:275:Infinity":6,"s:277:20:355:Infinity":7,"f:357:9:357:24":3,"b:358:2:358:Infinity:undefined:undefined:undefined:undefined":1,"s:358:2:358:Infinity":8,"s:358:26:358:Infinity":9,"b:359:2:359:Infinity:undefined:undefined:undefined:undefined":2,"s:359:2:359:Infinity":10,"s:359:26:359:Infinity":11,"b:360:2:360:Infinity:undefined:undefined:undefined:undefined":3,"s:360:2:360:Infinity":12,"s:360:24:360:Infinity":13,"b:361:2:361:Infinity:undefined:undefined:undefined:undefined":4,"s:361:2:361:Infinity":14,"s:361:24:361:Infinity":15,"s:362:2:362:Infinity":16,"f:365:9:365:27":4,"b:366:2:366:Infinity:undefined:undefined:undefined:undefined":5,"s:366:2:366:Infinity":17,"s:366:25:366:Infinity":18,"s:367:2:367:Infinity":19,"f:370:24:370:34":5,"s:371:15:371:Infinity":20,"s:372:8:372:Infinity":21,"s:373:20:373:Infinity":22,"s:374:24:374:Infinity":23,"s:375:32:375:Infinity":24,"s:376:24:376:Infinity":25,"s:378:2:434:Infinity":26,"f:378:12:378:18":6,"s:379:18:379:Infinity":27,"s:380:23:380:Infinity":28,"b:382:4:388:Infinity:undefined:undefined:undefined:undefined":6,"s:382:4:388:Infinity":29,"s:383:6:383:Infinity":30,"s:384:6:387:Infinity":31,"f:384:13:384:19":7,"b:385:8:385:Infinity:undefined:undefined:undefined:undefined":7,"s:385:8:385:Infinity":32,"s:385:21:385:Infinity":33,"b:386:8:386:Infinity:undefined:undefined:undefined:undefined":8,"s:386:8:386:Infinity":34,"s:386:26:386:Infinity":35,"b:390:4:395:Infinity:undefined:undefined:undefined:undefined":9,"s:390:4:395:Infinity":36,"b:390:8:390:17:390:17:390:29":10,"s:391:6:394:Infinity":37,"f:391:13:391:19":8,"b:392:8:392:Infinity:undefined:undefined:undefined:undefined":11,"s:392:8:392:Infinity":38,"s:392:21:392:Infinity":39,"b:393:8:393:Infinity:undefined:undefined:undefined:undefined":12,"s:393:8:393:Infinity":40,"s:393:26:393:Infinity":41,"s:397:20:397:Infinity":42,"s:398:29:398:Infinity":43,"b:400:4:428:Infinity:undefined:undefined:undefined:undefined":13,"s:400:4:428:Infinity":44,"b:400:8:400:47:400:47:400:66":14,"s:401:24:401:Infinity":45,"b:402:6:427:Infinity:undefined:undefined:undefined:undefined":15,"s:402:6:427:Infinity":46,"s:403:23:403:Infinity":47,"s:404:34:404:Infinity":48,"f:404:51:404:52":9,"s:404:61:404:83":49,"s:405:34:405:Infinity":50,"s:407:34:423:Infinity":51,"f:407:34:407:40":10,"s:408:33:408:Infinity":52,"f:408:50:408:51":11,"s:408:60:408:90":53,"s:409:42:409:Infinity":54,"f:409:64:409:65":12,"s:409:74:409:96":55,"s:410:35:410:Infinity":56,"b:410:35:410:62:410:62:410:Infinity":16,"b:412:10:417:Infinity:undefined:undefined:undefined:undefined":17,"s:412:10:417:Infinity":57,"b:412:14:412:44:412:44:412:64:412:64:412:80":18,"s:413:12:413:Infinity":58,"s:414:12:414:Infinity":59,"s:415:12:415:Infinity":60,"s:416:12:416:Infinity":61,"s:419:10:419:Infinity":62,"b:420:10:422:Infinity:undefined:undefined:undefined:undefined":19,"s:420:10:422:Infinity":63,"s:421:12:421:Infinity":64,"s:426:8:426:Infinity":65,"s:430:4:433:Infinity":66,"f:430:11:430:17":13,"b:431:6:431:Infinity:undefined:undefined:undefined:undefined":20,"s:431:6:431:Infinity":67,"s:431:19:431:Infinity":68,"b:432:6:432:Infinity:undefined:undefined:undefined:undefined":21,"s:432:6:432:Infinity":69,"s:432:24:432:Infinity":70,"s:436:32:458:Infinity":71,"f:436:32:436:33":14,"s:437:44:437:Infinity":72,"b:439:4:441:Infinity:undefined:undefined:undefined:undefined":22,"s:439:4:441:Infinity":73,"s:440:6:440:Infinity":74,"b:440:54:440:59:440:59:440:61":23,"b:443:4:449:Infinity:undefined:undefined:undefined:undefined":24,"s:443:4:449:Infinity":75,"s:444:6:444:Infinity":76,"s:445:6:445:Infinity":77,"b:446:6:448:Infinity:undefined:undefined:undefined:undefined":25,"s:446:6:448:Infinity":78,"s:447:8:447:Infinity":79,"b:451:4:457:Infinity:undefined:undefined:undefined:undefined":26,"s:451:4:457:Infinity":80,"b:451:8:451:36:451:36:451:62":27,"s:452:6:452:Infinity":81,"s:453:6:453:Infinity":82,"b:454:6:456:Infinity:undefined:undefined:undefined:undefined":28,"s:454:6:456:Infinity":83,"s:455:8:455:Infinity":84,"s:461:22:466:Infinity":85,"f:461:22:461:28":15,"b:462:4:465:Infinity:undefined:undefined:undefined:undefined":29,"s:462:4:465:Infinity":86,"s:463:6:463:Infinity":87,"s:464:6:464:Infinity":88,"b:469:2:471:Infinity:undefined:undefined:undefined:undefined":30,"s:469:2:471:Infinity":89,"s:470:4:470:Infinity":90,"s:473:2:534:Infinity":91,"s:539:25:543:Infinity":92,"f:539:25:539:26":16,"b:540:2:542:Infinity:undefined:undefined:undefined:undefined":31,"s:540:2:542:Infinity":93,"s:541:4:541:Infinity":94}}}
,"C:\\Users\\HeberYesid\\Desktop\\DevTrack\\frontend\\src\\components\\CSVUpload.jsx": {"path":"C:\\Users\\HeberYesid\\Desktop\\DevTrack\\frontend\\src\\components\\CSVUpload.jsx","statementMap":{"0":{"start":{"line":5,"column":22},"end":{"line":5,"column":null}},"1":{"start":{"line":6,"column":28},"end":{"line":6,"column":null}},"2":{"start":{"line":7,"column":28},"end":{"line":7,"column":null}},"3":{"start":{"line":10,"column":4},"end":{"line":10,"column":null}},"4":{"start":{"line":11,"column":4},"end":{"line":11,"column":null}},"5":{"start":{"line":11,"column":15},"end":{"line":11,"column":null}},"6":{"start":{"line":12,"column":4},"end":{"line":12,"column":null}},"7":{"start":{"line":13,"column":4},"end":{"line":13,"column":null}},"8":{"start":{"line":14,"column":4},"end":{"line":26,"column":null}},"9":{"start":{"line":15,"column":19},"end":{"line":15,"column":null}},"10":{"start":{"line":16,"column":6},"end":{"line":16,"column":null}},"11":{"start":{"line":17,"column":23},"end":{"line":19,"column":null}},"12":{"start":{"line":20,"column":6},"end":{"line":20,"column":null}},"13":{"start":{"line":21,"column":6},"end":{"line":21,"column":null}},"14":{"start":{"line":23,"column":6},"end":{"line":23,"column":null}},"15":{"start":{"line":25,"column":6},"end":{"line":25,"column":null}},"16":{"start":{"line":29,"column":2},"end":{"line":37,"column":null}},"17":{"start":{"line":32,"column":76},"end":{"line":32,"column":106}}},"fnMap":{"0":{"name":"CSVUpload","decl":{"start":{"line":4,"column":24},"end":{"line":4,"column":34}},"loc":{"start":{"line":4,"column":68},"end":{"line":39,"column":null}},"line":4},"1":{"name":"onSubmit","decl":{"start":{"line":9,"column":17},"end":{"line":9,"column":26}},"loc":{"start":{"line":9,"column":29},"end":{"line":27,"column":null}},"line":9},"2":{"name":"(anonymous_2)","decl":{"start":{"line":32,"column":69},"end":{"line":32,"column":70}},"loc":{"start":{"line":32,"column":76},"end":{"line":32,"column":106}},"line":32}},"branchMap":{"0":{"loc":{"start":{"line":11,"column":4},"end":{"line":11,"column":null}},"type":"if","locations":[{"start":{"line":11,"column":4},"end":{"line":11,"column":null}},{"start":{},"end":{}}],"line":11},"1":{"loc":{"start":{"line":21,"column":6},"end":{"line":21,"column":null}},"type":"binary-expr","locations":[{"start":{"line":21,"column":6},"end":{"line":21,"column":20}},{"start":{"line":21,"column":20},"end":{"line":21,"column":null}}],"line":21},"2":{"loc":{"start":{"line":34,"column":42},"end":{"line":34,"column":61}},"type":"binary-expr","locations":[{"start":{"line":34,"column":42},"end":{"line":34,"column":51}},{"start":{"line":34,"column":51},"end":{"line":34,"column":61}}],"line":34},"3":{"loc":{"start":{"line":34,"column":61},"end":{"line":34,"column":99}},"type":"cond-expr","locations":[{"start":{"line":34,"column":71},"end":{"line":34,"column":87}},{"start":{"line":34,"column":87},"end":{"line":34,"column":99}}],"line":34},"4":{"loc":{"start":{"line":35,"column":9},"end":{"line":35,"column":null}},"type":"binary-expr","locations":[{"start":{"line":35,"column":9},"end":{"line":35,"column":20}},{"start":{"line":35,"column":20},"end":{"line":35,"column":null}}],"line":35}},"s":{"0":20,"1":20,"2":20,"3":2,"4":2,"5":0,"6":2,"7":2,"8":2,"9":2,"10":2,"11":2,"12":1,"13":1,"14":1,"15":2,"16":20,"17":3},"f":{"0":20,"1":2,"2":3},"b":{"0":[0,2],"1":[1,1],"2":[20,7],"3":[2,17],"4":[20,2]},"meta":{"lastBranch":5,"lastFunction":3,"lastStatement":18,"seen":{"f:4:24:4:34":0,"s:5:22:5:Infinity":0,"s:6:28:6:Infinity":1,"s:7:28:7:Infinity":2,"f:9:17:9:26":1,"s:10:4:10:Infinity":3,"b:11:4:11:Infinity:undefined:undefined:undefined:undefined":0,"s:11:4:11:Infinity":4,"s:11:15:11:Infinity":5,"s:12:4:12:Infinity":6,"s:13:4:13:Infinity":7,"s:14:4:26:Infinity":8,"s:15:19:15:Infinity":9,"s:16:6:16:Infinity":10,"s:17:23:19:Infinity":11,"s:20:6:20:Infinity":12,"s:21:6:21:Infinity":13,"b:21:6:21:20:21:20:21:Infinity":1,"s:23:6:23:Infinity":14,"s:25:6:25:Infinity":15,"s:29:2:37:Infinity":16,"f:32:69:32:70":2,"s:32:76:32:106":17,"b:34:42:34:51:34:51:34:61":2,"b:34:71:34:87:34:87:34:99":3,"b:35:9:35:20:35:20:35:Infinity":4}}}
,"C:\\Users\\HeberYesid\\Desktop\\DevTrack\\frontend\\src\\components\\ConfirmDialog.jsx": {"path":"C:\\Users\\HeberYesid\\Desktop\\DevTrack\\frontend\\src\\components\\ConfirmDialog.jsx","statementMap":{"0":{"start":{"line":3,"column":18},"end":{"line":3,"column":null}},"1":{"start":{"line":10,"column":8},"end":{"line":10,"column":null}},"2":{"start":{"line":12,"column":2},"end":{"line":16,"column":null}},"3":{"start":{"line":14,"column":20},"end":{"line":14,"column":null}},"4":{"start":{"line":15,"column":4},"end":{"line":15,"column":null}},"5":{"start":{"line":19,"column":4},"end":{"line":22,"column":null}},"6":{"start":{"line":20,"column":6},"end":{"line":20,"column":null}},"7":{"start":{"line":21,"column":6},"end":{"line":21,"column":null}},"8":{"start":{"line":23,"column":4},"end":{"line":23,"column":null}},"9":{"start":{"line":23,"column":25},"end":{"line":23,"column":null}},"10":{"start":{"line":24,"column":23},"end":{"line":24,"column":null}},"11":{"start":{"line":25,"column":4},"end":{"line":25,"column":null}},"12":{"start":{"line":25,"column":31},"end":{"line":25,"column":null}},"13":{"start":{"line":26,"column":18},"end":{"line":26,"column":null}},"14":{"start":{"line":27,"column":17},"end":{"line":27,"column":null}},"15":{"start":{"line":28,"column":4},"end":{"line":34,"column":null}},"16":{"start":{"line":29,"column":6},"end":{"line":29,"column":null}},"17":{"start":{"line":30,"column":6},"end":{"line":30,"column":null}},"18":{"start":{"line":31,"column":4},"end":{"line":34,"column":null}},"19":{"start":{"line":32,"column":6},"end":{"line":32,"column":null}},"20":{"start":{"line":33,"column":6},"end":{"line":33,"column":null}},"21":{"start":{"line":37,"column":2},"end":{"line":66,"column":null}},"22":{"start":{"line":56,"column":24},"end":{"line":56,"column":null}}},"fnMap":{"0":{"name":"ConfirmDialog","decl":{"start":{"line":9,"column":24},"end":{"line":9,"column":38}},"loc":{"start":{"line":9,"column":102},"end":{"line":68,"column":null}},"line":9},"1":{"name":"(anonymous_1)","decl":{"start":{"line":12,"column":12},"end":{"line":12,"column":18}},"loc":{"start":{"line":12,"column":18},"end":{"line":16,"column":5}},"line":12},"2":{"name":"handleKeyDown","decl":{"start":{"line":18,"column":11},"end":{"line":18,"column":25}},"loc":{"start":{"line":18,"column":28},"end":{"line":35,"column":null}},"line":18},"3":{"name":"(anonymous_3)","decl":{"start":{"line":56,"column":17},"end":{"line":56,"column":18}},"loc":{"start":{"line":56,"column":24},"end":{"line":56,"column":null}},"line":56}},"branchMap":{"0":{"loc":{"start":{"line":9,"column":40},"end":{"line":9,"column":70}},"type":"default-arg","locations":[{"start":{"line":9,"column":48},"end":{"line":9,"column":70}}],"line":9},"1":{"loc":{"start":{"line":19,"column":4},"end":{"line":22,"column":null}},"type":"if","locations":[{"start":{"line":19,"column":4},"end":{"line":22,"column":null}},{"start":{},"end":{}}],"line":19},"2":{"loc":{"start":{"line":23,"column":4},"end":{"line":23,"column":null}},"type":"if","locations":[{"start":{"line":23,"column":4},"end":{"line":23,"column":null}},{"start":{},"end":{}}],"line":23},"3":{"loc":{"start":{"line":24,"column":28},"end":{"line":24,"column":81}},"type":"binary-expr","locations":[{"start":{"line":24,"column":28},"end":{"line":24,"column":78}},{"start":{"line":24,"column":78},"end":{"line":24,"column":81}}],"line":24},"4":{"loc":{"start":{"line":25,"column":4},"end":{"line":25,"column":null}},"type":"if","locations":[{"start":{"line":25,"column":4},"end":{"line":25,"column":null}},{"start":{},"end":{}}],"line":25},"5":{"loc":{"start":{"line":28,"column":4},"end":{"line":34,"column":null}},"type":"if","locations":[{"start":{"line":28,"column":4},"end":{"line":34,"column":null}},{"start":{"line":31,"column":4},"end":{"line":34,"column":null}}],"line":28},"6":{"loc":{"start":{"line":28,"column":8},"end":{"line":28,"column":56}},"type":"binary-expr","locations":[{"start":{"line":28,"column":8},"end":{"line":28,"column":22}},{"start":{"line":28,"column":22},"end":{"line":28,"column":56}}],"line":28},"7":{"loc":{"start":{"line":31,"column":4},"end":{"line":34,"column":null}},"type":"if","locations":[{"start":{"line":31,"column":4},"end":{"line":34,"column":null}},{"start":{},"end":{}}],"line":31},"8":{"loc":{"start":{"line":31,"column":15},"end":{"line":31,"column":63}},"type":"binary-expr","locations":[{"start":{"line":31,"column":15},"end":{"line":31,"column":30}},{"start":{"line":31,"column":30},"end":{"line":31,"column":63}}],"line":31}},"s":{"0":4,"1":4,"2":4,"3":4,"4":4,"5":1,"6":1,"7":1,"8":0,"9":0,"10":0,"11":1,"12":0,"13":0,"14":0,"15":0,"16":0,"17":0,"18":0,"19":0,"20":0,"21":4,"22":2},"f":{"0":4,"1":4,"2":1,"3":2},"b":{"0":[4],"1":[1,0],"2":[0,0],"3":[0,0],"4":[0,1],"5":[0,0],"6":[0,0],"7":[0,0],"8":[0,0]},"meta":{"lastBranch":9,"lastFunction":4,"lastStatement":23,"seen":{"s:3:18:3:Infinity":0,"f:9:24:9:38":0,"b:9:48:9:70":0,"s:10:8:10:Infinity":1,"s:12:2:16:Infinity":2,"f:12:12:12:18":1,"s:14:20:14:Infinity":3,"s:15:4:15:Infinity":4,"f:18:11:18:25":2,"b:19:4:22:Infinity:undefined:undefined:undefined:undefined":1,"s:19:4:22:Infinity":5,"s:20:6:20:Infinity":6,"s:21:6:21:Infinity":7,"b:23:4:23:Infinity:undefined:undefined:undefined:undefined":2,"s:23:4:23:Infinity":8,"s:23:25:23:Infinity":9,"s:24:23:24:Infinity":10,"b:24:28:24:78:24:78:24:81":3,"b:25:4:25:Infinity:undefined:undefined:undefined:undefined":4,"s:25:4:25:Infinity":11,"s:25:31:25:Infinity":12,"s:26:18:26:Infinity":13,"s:27:17:27:Infinity":14,"b:28:4:34:Infinity:31:4:34:Infinity":5,"s:28:4:34:Infinity":15,"b:28:8:28:22:28:22:28:56":6,"s:29:6:29:Infinity":16,"s:30:6:30:Infinity":17,"b:31:4:34:Infinity:undefined:undefined:undefined:undefined":7,"s:31:4:34:Infinity":18,"b:31:15:31:30:31:30:31:63":8,"s:32:6:32:Infinity":19,"s:33:6:33:Infinity":20,"s:37:2:66:Infinity":21,"f:56:17:56:18":3,"s:56:24:56:Infinity":22}}}
,"C:\\Users\\HeberYesid\\Desktop\\DevTrack\\frontend\\src\\components\\NavBar.jsx": {"path":"C:\\Users\\HeberYesid\\Desktop\\DevTrack\\frontend\\src\\components\\NavBar.jsx","statementMap":{"0":{"start":{"line":8,"column":23},"end":{"line":8,"column":null}},"1":{"start":{"line":9,"column":8},"end":{"line":9,"column":null}},"2":{"start":{"line":10,"column":8},"end":{"line":10,"column":null}},"3":{"start":{"line":11,"column":30},"end":{"line":11,"column":null}},"4":{"start":{"line":14,"column":4},"end":{"line":14,"column":null}},"5":{"start":{"line":15,"column":4},"end":{"line":15,"column":null}},"6":{"start":{"line":16,"column":4},"end":{"line":16,"column":null}},"7":{"start":{"line":20,"column":4},"end":{"line":20,"column":null}},"8":{"start":{"line":24,"column":4},"end":{"line":24,"column":null}},"9":{"start":{"line":27,"column":2},"end":{"line":144,"column":null}},"10":{"start":{"line":34,"column":25},"end":{"line":34,"column":null}}},"fnMap":{"0":{"name":"NavBar","decl":{"start":{"line":7,"column":24},"end":{"line":7,"column":33}},"loc":{"start":{"line":7,"column":33},"end":{"line":146,"column":null}},"line":7},"1":{"name":"onLogout","decl":{"start":{"line":13,"column":11},"end":{"line":13,"column":22}},"loc":{"start":{"line":13,"column":22},"end":{"line":17,"column":null}},"line":13},"2":{"name":"isActive","decl":{"start":{"line":19,"column":11},"end":{"line":19,"column":20}},"loc":{"start":{"line":19,"column":26},"end":{"line":21,"column":null}},"line":19},"3":{"name":"closeMenu","decl":{"start":{"line":23,"column":11},"end":{"line":23,"column":23}},"loc":{"start":{"line":23,"column":23},"end":{"line":25,"column":null}},"line":23},"4":{"name":"(anonymous_4)","decl":{"start":{"line":34,"column":19},"end":{"line":34,"column":25}},"loc":{"start":{"line":34,"column":25},"end":{"line":34,"column":null}},"line":34}},"branchMap":{"0":{"loc":{"start":{"line":33,"column":38},"end":{"line":33,"column":65}},"type":"cond-expr","locations":[{"start":{"line":33,"column":49},"end":{"line":33,"column":63}},{"start":{"line":33,"column":63},"end":{"line":33,"column":65}}],"line":33},"1":{"loc":{"start":{"line":41,"column":9},"end":{"line":47,"column":null}},"type":"binary-expr","locations":[{"start":{"line":41,"column":9},"end":{"line":41,"column":null}},{"start":{"line":42,"column":10},"end":{"line":47,"column":null}}],"line":41},"2":{"loc":{"start":{"line":50,"column":38},"end":{"line":50,"column":66}},"type":"cond-expr","locations":[{"start":{"line":50,"column":49},"end":{"line":50,"column":62}},{"start":{"line":50,"column":62},"end":{"line":50,"column":66}}],"line":50},"3":{"loc":{"start":{"line":51,"column":11},"end":{"line":140,"column":null}},"type":"cond-expr","locations":[{"start":{"line":52,"column":12},"end":{"line":131,"column":null}},{"start":{"line":133,"column":12},"end":{"line":140,"column":null}}],"line":51},"4":{"loc":{"start":{"line":64,"column":27},"end":{"line":64,"column":null}},"type":"cond-expr","locations":[{"start":{"line":64,"column":43},"end":{"line":64,"column":54}},{"start":{"line":64,"column":54},"end":{"line":64,"column":null}}],"line":64},"5":{"loc":{"start":{"line":65,"column":30},"end":{"line":65,"column":null}},"type":"cond-expr","locations":[{"start":{"line":65,"column":46},"end":{"line":65,"column":55}},{"start":{"line":65,"column":55},"end":{"line":65,"column":null}}],"line":65},"6":{"loc":{"start":{"line":69,"column":14},"end":{"line":78,"column":null}},"type":"binary-expr","locations":[{"start":{"line":70,"column":16},"end":{"line":70,"column":43}},{"start":{"line":70,"column":43},"end":{"line":70,"column":null}},{"start":{"line":71,"column":16},"end":{"line":78,"column":null}}],"line":69},"7":{"loc":{"start":{"line":73,"column":29},"end":{"line":73,"column":null}},"type":"cond-expr","locations":[{"start":{"line":73,"column":53},"end":{"line":73,"column":64}},{"start":{"line":73,"column":64},"end":{"line":73,"column":null}}],"line":73},"8":{"loc":{"start":{"line":74,"column":32},"end":{"line":74,"column":null}},"type":"cond-expr","locations":[{"start":{"line":74,"column":56},"end":{"line":74,"column":65}},{"start":{"line":74,"column":65},"end":{"line":74,"column":null}}],"line":74},"9":{"loc":{"start":{"line":78,"column":16},"end":{"line":88,"column":null}},"type":"binary-expr","locations":[{"start":{"line":80,"column":16},"end":{"line":80,"column":43}},{"start":{"line":80,"column":43},"end":{"line":80,"column":null}},{"start":{"line":81,"column":16},"end":{"line":88,"column":null}}],"line":78},"10":{"loc":{"start":{"line":83,"column":29},"end":{"line":83,"column":null}},"type":"cond-expr","locations":[{"start":{"line":83,"column":47},"end":{"line":83,"column":58}},{"start":{"line":83,"column":58},"end":{"line":83,"column":null}}],"line":83},"11":{"loc":{"start":{"line":84,"column":32},"end":{"line":84,"column":null}},"type":"cond-expr","locations":[{"start":{"line":84,"column":50},"end":{"line":84,"column":59}},{"start":{"line":84,"column":59},"end":{"line":84,"column":null}}],"line":84},"12":{"loc":{"start":{"line":87,"column":19},"end":{"line":87,"column":null}},"type":"cond-expr","locations":[{"start":{"line":87,"column":43},"end":{"line":87,"column":56}},{"start":{"line":87,"column":56},"end":{"line":87,"column":null}}],"line":87},"13":{"loc":{"start":{"line":88,"column":16},"end":{"line":98,"column":null}},"type":"binary-expr","locations":[{"start":{"line":90,"column":16},"end":{"line":90,"column":43}},{"start":{"line":90,"column":43},"end":{"line":90,"column":null}},{"start":{"line":91,"column":16},"end":{"line":98,"column":null}}],"line":88},"14":{"loc":{"start":{"line":93,"column":29},"end":{"line":93,"column":null}},"type":"cond-expr","locations":[{"start":{"line":93,"column":57},"end":{"line":93,"column":68}},{"start":{"line":93,"column":68},"end":{"line":93,"column":null}}],"line":93},"15":{"loc":{"start":{"line":94,"column":32},"end":{"line":94,"column":null}},"type":"cond-expr","locations":[{"start":{"line":94,"column":60},"end":{"line":94,"column":69}},{"start":{"line":94,"column":69},"end":{"line":94,"column":null}}],"line":94},"16":{"loc":{"start":{"line":100,"column":15},"end":{"line":108,"column":null}},"type":"binary-expr","locations":[{"start":{"line":100,"column":15},"end":{"line":100,"column":null}},{"start":{"line":101,"column":16},"end":{"line":108,"column":null}}],"line":100},"17":{"loc":{"start":{"line":103,"column":29},"end":{"line":103,"column":null}},"type":"cond-expr","locations":[{"start":{"line":103,"column":53},"end":{"line":103,"column":64}},{"start":{"line":103,"column":64},"end":{"line":103,"column":null}}],"line":103},"18":{"loc":{"start":{"line":104,"column":32},"end":{"line":104,"column":null}},"type":"cond-expr","locations":[{"start":{"line":104,"column":56},"end":{"line":104,"column":65}},{"start":{"line":104,"column":65},"end":{"line":104,"column":null}}],"line":104},"19":{"loc":{"start":{"line":112,"column":27},"end":{"line":112,"column":null}},"type":"cond-expr","locations":[{"start":{"line":112,"column":51},"end":{"line":112,"column":62}},{"start":{"line":112,"column":62},"end":{"line":112,"column":null}}],"line":112},"20":{"loc":{"start":{"line":113,"column":30},"end":{"line":113,"column":null}},"type":"cond-expr","locations":[{"start":{"line":113,"column":54},"end":{"line":113,"column":63}},{"start":{"line":113,"column":63},"end":{"line":113,"column":null}}],"line":113},"21":{"loc":{"start":{"line":124,"column":40},"end":{"line":124,"column":76}},"type":"cond-expr","locations":[{"start":{"line":124,"column":63},"end":{"line":124,"column":74}},{"start":{"line":124,"column":74},"end":{"line":124,"column":76}}],"line":124}},"s":{"0":7,"1":7,"2":7,"3":7,"4":1,"5":1,"6":1,"7":53,"8":0,"9":7,"10":0},"f":{"0":7,"1":1,"2":53,"3":0,"4":0},"b":{"0":[0,7],"1":[7,0],"2":[0,7],"3":[5,2],"4":[3,2],"5":[3,2],"6":[5,4,1],"7":[0,1],"8":[0,1],"9":[5,1,4],"10":[0,4],"11":[0,4],"12":[0,4],"13":[5,1,4],"14":[0,4],"15":[0,4],"16":[5,5],"17":[0,5],"18":[0,5],"19":[0,5],"20":[0,5],"21":[0,5]},"meta":{"lastBranch":22,"lastFunction":5,"lastStatement":11,"seen":{"f:7:24:7:33":0,"s:8:23:8:Infinity":0,"s:9:8:9:Infinity":1,"s:10:8:10:Infinity":2,"s:11:30:11:Infinity":3,"f:13:11:13:22":1,"s:14:4:14:Infinity":4,"s:15:4:15:Infinity":5,"s:16:4:16:Infinity":6,"f:19:11:19:20":2,"s:20:4:20:Infinity":7,"f:23:11:23:23":3,"s:24:4:24:Infinity":8,"s:27:2:144:Infinity":9,"b:33:49:33:63:33:63:33:65":0,"f:34:19:34:25":4,"s:34:25:34:Infinity":10,"b:41:9:41:Infinity:42:10:47:Infinity":1,"b:50:49:50:62:50:62:50:66":2,"b:52:12:131:Infinity:133:12:140:Infinity":3,"b:64:43:64:54:64:54:64:Infinity":4,"b:65:46:65:55:65:55:65:Infinity":5,"b:70:16:70:43:70:43:70:Infinity:71:16:78:Infinity":6,"b:73:53:73:64:73:64:73:Infinity":7,"b:74:56:74:65:74:65:74:Infinity":8,"b:80:16:80:43:80:43:80:Infinity:81:16:88:Infinity":9,"b:83:47:83:58:83:58:83:Infinity":10,"b:84:50:84:59:84:59:84:Infinity":11,"b:87:43:87:56:87:56:87:Infinity":12,"b:90:16:90:43:90:43:90:Infinity:91:16:98:Infinity":13,"b:93:57:93:68:93:68:93:Infinity":14,"b:94:60:94:69:94:69:94:Infinity":15,"b:100:15:100:Infinity:101:16:108:Infinity":16,"b:103:53:103:64:103:64:103:Infinity":17,"b:104:56:104:65:104:65:104:Infinity":18,"b:112:51:112:62:112:62:112:Infinity":19,"b:113:54:113:63:113:63:113:Infinity":20,"b:124:63:124:74:124:74:124:76":21}}}
,"C:\\Users\\HeberYesid\\Desktop\\DevTrack\\frontend\\src\\components\\NotificationBell.jsx": {"path":"C:\\Users\\HeberYesid\\Desktop\\DevTrack\\frontend\\src\\components\\NotificationBell.jsx","statementMap":{"0":{"start":{"line":7,"column":40},"end":{"line":7,"column":null}},"1":{"start":{"line":8,"column":36},"end":{"line":8,"column":null}},"2":{"start":{"line":9,"column":38},"end":{"line":9,"column":null}},"3":{"start":{"line":10,"column":28},"end":{"line":10,"column":null}},"4":{"start":{"line":11,"column":40},"end":{"line":11,"column":null}},"5":{"start":{"line":12,"column":8},"end":{"line":12,"column":null}},"6":{"start":{"line":13,"column":8},"end":{"line":13,"column":null}},"7":{"start":{"line":14,"column":8},"end":{"line":14,"column":null}},"8":{"start":{"line":18,"column":4},"end":{"line":23,"column":null}},"9":{"start":{"line":19,"column":23},"end":{"line":19,"column":null}},"10":{"start":{"line":20,"column":6},"end":{"line":20,"column":null}},"11":{"start":{"line":22,"column":6},"end":{"line":22,"column":null}},"12":{"start":{"line":28,"column":4},"end":{"line":28,"column":null}},"13":{"start":{"line":29,"column":4},"end":{"line":36,"column":null}},"14":{"start":{"line":30,"column":23},"end":{"line":30,"column":null}},"15":{"start":{"line":31,"column":6},"end":{"line":31,"column":null}},"16":{"start":{"line":33,"column":6},"end":{"line":33,"column":null}},"17":{"start":{"line":35,"column":6},"end":{"line":35,"column":null}},"18":{"start":{"line":41,"column":4},"end":{"line":47,"column":null}},"19":{"start":{"line":42,"column":6},"end":{"line":42,"column":null}},"20":{"start":{"line":43,"column":6},"end":{"line":43,"column":null}},"21":{"start":{"line":44,"column":6},"end":{"line":44,"column":null}},"22":{"start":{"line":46,"column":6},"end":{"line":46,"column":null}},"23":{"start":{"line":52,"column":4},"end":{"line":58,"column":null}},"24":{"start":{"line":53,"column":6},"end":{"line":53,"column":null}},"25":{"start":{"line":54,"column":6},"end":{"line":54,"column":null}},"26":{"start":{"line":55,"column":6},"end":{"line":55,"column":null}},"27":{"start":{"line":57,"column":6},"end":{"line":57,"column":null}},"28":{"start":{"line":63,"column":4},"end":{"line":63,"column":null}},"29":{"start":{"line":64,"column":4},"end":{"line":66,"column":null}},"30":{"start":{"line":65,"column":6},"end":{"line":65,"column":null}},"31":{"start":{"line":67,"column":4},"end":{"line":67,"column":null}},"32":{"start":{"line":72,"column":4},"end":{"line":121,"column":null}},"33":{"start":{"line":73,"column":6},"end":{"line":73,"column":null}},"34":{"start":{"line":74,"column":6},"end":{"line":120,"column":null}},"35":{"start":{"line":75,"column":21},"end":{"line":75,"column":null}},"36":{"start":{"line":76,"column":28},"end":{"line":76,"column":null}},"37":{"start":{"line":77,"column":23},"end":{"line":77,"column":null}},"38":{"start":{"line":78,"column":19},"end":{"line":78,"column":null}},"39":{"start":{"line":80,"column":8},"end":{"line":119,"column":null}},"40":{"start":{"line":82,"column":23},"end":{"line":82,"column":null}},"41":{"start":{"line":83,"column":29},"end":{"line":83,"column":null}},"42":{"start":{"line":84,"column":29},"end":{"line":84,"column":null}},"43":{"start":{"line":85,"column":33},"end":{"line":85,"column":null}},"44":{"start":{"line":87,"column":10},"end":{"line":107,"column":null}},"45":{"start":{"line":89,"column":12},"end":{"line":96,"column":null}},"46":{"start":{"line":99,"column":12},"end":{"line":106,"column":null}},"47":{"start":{"line":110,"column":24},"end":{"line":110,"column":null}},"48":{"start":{"line":111,"column":10},"end":{"line":118,"column":null}},"49":{"start":{"line":122,"column":4},"end":{"line":122,"column":null}},"50":{"start":{"line":126,"column":2},"end":{"line":137,"column":null}},"51":{"start":{"line":128,"column":6},"end":{"line":130,"column":null}},"52":{"start":{"line":129,"column":8},"end":{"line":129,"column":null}},"53":{"start":{"line":133,"column":4},"end":{"line":136,"column":null}},"54":{"start":{"line":134,"column":6},"end":{"line":134,"column":null}},"55":{"start":{"line":135,"column":6},"end":{"line":135,"column":null}},"56":{"start":{"line":135,"column":19},"end":{"line":135,"column":null}},"57":{"start":{"line":140,"column":2},"end":{"line":144,"column":null}},"58":{"start":{"line":141,"column":4},"end":{"line":141,"column":null}},"59":{"start":{"line":142,"column":21},"end":{"line":142,"column":null}},"60":{"start":{"line":143,"column":4},"end":{"line":143,"column":null}},"61":{"start":{"line":143,"column":17},"end":{"line":143,"column":null}},"62":{"start":{"line":146,"column":2},"end":{"line":372,"column":null}},"63":{"start":{"line":201,"column":31},"end":{"line":201,"column":null}},"64":{"start":{"line":202,"column":31},"end":{"line":202,"column":null}},"65":{"start":{"line":294,"column":16},"end":{"line":335,"column":null}},"66":{"start":{"line":296,"column":35},"end":{"line":296,"column":null}},"67":{"start":{"line":309,"column":41},"end":{"line":309,"column":null}},"68":{"start":{"line":310,"column":41},"end":{"line":310,"column":null}},"69":{"start":{"line":354,"column":18},"end":{"line":354,"column":null}},"70":{"start":{"line":355,"column":18},"end":{"line":355,"column":null}}},"fnMap":{"0":{"name":"NotificationBell","decl":{"start":{"line":6,"column":24},"end":{"line":6,"column":41}},"loc":{"start":{"line":6,"column":85},"end":{"line":374,"column":null}},"line":6},"1":{"name":"loadUnreadCount","decl":{"start":{"line":17,"column":17},"end":{"line":17,"column":35}},"loc":{"start":{"line":17,"column":35},"end":{"line":24,"column":null}},"line":17},"2":{"name":"loadNotifications","decl":{"start":{"line":27,"column":17},"end":{"line":27,"column":37}},"loc":{"start":{"line":27,"column":37},"end":{"line":37,"column":null}},"line":27},"3":{"name":"markAsRead","decl":{"start":{"line":40,"column":17},"end":{"line":40,"column":28}},"loc":{"start":{"line":40,"column":44},"end":{"line":48,"column":null}},"line":40},"4":{"name":"markAllAsRead","decl":{"start":{"line":51,"column":17},"end":{"line":51,"column":33}},"loc":{"start":{"line":51,"column":33},"end":{"line":59,"column":null}},"line":51},"5":{"name":"handleNotificationClick","decl":{"start":{"line":62,"column":11},"end":{"line":62,"column":35}},"loc":{"start":{"line":62,"column":49},"end":{"line":68,"column":null}},"line":62},"6":{"name":"toggleDropdown","decl":{"start":{"line":71,"column":11},"end":{"line":71,"column":28}},"loc":{"start":{"line":71,"column":28},"end":{"line":123,"column":null}},"line":71},"7":{"name":"(anonymous_7)","decl":{"start":{"line":126,"column":12},"end":{"line":126,"column":18}},"loc":{"start":{"line":126,"column":18},"end":{"line":137,"column":5}},"line":126},"8":{"name":"handleClickOutside","decl":{"start":{"line":127,"column":13},"end":{"line":127,"column":32}},"loc":{"start":{"line":127,"column":39},"end":{"line":131,"column":null}},"line":127},"9":{"name":"(anonymous_9)","decl":{"start":{"line":135,"column":13},"end":{"line":135,"column":19}},"loc":{"start":{"line":135,"column":19},"end":{"line":135,"column":null}},"line":135},"10":{"name":"(anonymous_10)","decl":{"start":{"line":140,"column":12},"end":{"line":140,"column":18}},"loc":{"start":{"line":140,"column":18},"end":{"line":144,"column":5}},"line":140},"11":{"name":"(anonymous_11)","decl":{"start":{"line":143,"column":11},"end":{"line":143,"column":17}},"loc":{"start":{"line":143,"column":17},"end":{"line":143,"column":null}},"line":143},"12":{"name":"(anonymous_12)","decl":{"start":{"line":201,"column":24},"end":{"line":201,"column":25}},"loc":{"start":{"line":201,"column":31},"end":{"line":201,"column":null}},"line":201},"13":{"name":"(anonymous_13)","decl":{"start":{"line":202,"column":24},"end":{"line":202,"column":25}},"loc":{"start":{"line":202,"column":31},"end":{"line":202,"column":null}},"line":202},"14":{"name":"(anonymous_14)","decl":{"start":{"line":293,"column":32},"end":{"line":293,"column":33}},"loc":{"start":{"line":294,"column":16},"end":{"line":335,"column":null}},"line":294},"15":{"name":"(anonymous_15)","decl":{"start":{"line":296,"column":29},"end":{"line":296,"column":35}},"loc":{"start":{"line":296,"column":35},"end":{"line":296,"column":null}},"line":296},"16":{"name":"(anonymous_16)","decl":{"start":{"line":309,"column":34},"end":{"line":309,"column":35}},"loc":{"start":{"line":309,"column":41},"end":{"line":309,"column":null}},"line":309},"17":{"name":"(anonymous_17)","decl":{"start":{"line":310,"column":34},"end":{"line":310,"column":35}},"loc":{"start":{"line":310,"column":41},"end":{"line":310,"column":null}},"line":310},"18":{"name":"(anonymous_18)","decl":{"start":{"line":353,"column":25},"end":{"line":353,"column":31}},"loc":{"start":{"line":353,"column":31},"end":{"line":356,"column":null}},"line":353}},"branchMap":{"0":{"loc":{"start":{"line":6,"column":43},"end":{"line":6,"column":64}},"type":"default-arg","locations":[{"start":{"line":6,"column":57},"end":{"line":6,"column":64}}],"line":6},"1":{"loc":{"start":{"line":6,"column":64},"end":{"line":6,"column":82}},"type":"default-arg","locations":[{"start":{"line":6,"column":76},"end":{"line":6,"column":82}}],"line":6},"2":{"loc":{"start":{"line":64,"column":4},"end":{"line":66,"column":null}},"type":"if","locations":[{"start":{"line":64,"column":4},"end":{"line":66,"column":null}},{"start":{},"end":{}}],"line":64},"3":{"loc":{"start":{"line":72,"column":4},"end":{"line":121,"column":null}},"type":"if","locations":[{"start":{"line":72,"column":4},"end":{"line":121,"column":null}},{"start":{},"end":{}}],"line":72},"4":{"loc":{"start":{"line":74,"column":6},"end":{"line":120,"column":null}},"type":"if","locations":[{"start":{"line":74,"column":6},"end":{"line":120,"column":null}},{"start":{},"end":{}}],"line":74},"5":{"loc":{"start":{"line":80,"column":8},"end":{"line":119,"column":null}},"type":"if","locations":[{"start":{"line":80,"column":8},"end":{"line":119,"column":null}},{"start":{"line":108,"column":15},"end":{"line":119,"column":null}}],"line":80},"6":{"loc":{"start":{"line":87,"column":10},"end":{"line":107,"column":null}},"type":"if","locations":[{"start":{"line":87,"column":10},"end":{"line":107,"column":null}},{"start":{"line":97,"column":17},"end":{"line":107,"column":null}}],"line":87},"7":{"loc":{"start":{"line":87,"column":14},"end":{"line":87,"column":61}},"type":"binary-expr","locations":[{"start":{"line":87,"column":14},"end":{"line":87,"column":35}},{"start":{"line":87,"column":35},"end":{"line":87,"column":61}}],"line":87},"8":{"loc":{"start":{"line":128,"column":6},"end":{"line":130,"column":null}},"type":"if","locations":[{"start":{"line":128,"column":6},"end":{"line":130,"column":null}},{"start":{},"end":{}}],"line":128},"9":{"loc":{"start":{"line":128,"column":10},"end":{"line":128,"column":78}},"type":"binary-expr","locations":[{"start":{"line":128,"column":10},"end":{"line":128,"column":33}},{"start":{"line":128,"column":33},"end":{"line":128,"column":78}}],"line":128},"10":{"loc":{"start":{"line":133,"column":4},"end":{"line":136,"column":null}},"type":"if","locations":[{"start":{"line":133,"column":4},"end":{"line":136,"column":null}},{"start":{},"end":{}}],"line":133},"11":{"loc":{"start":{"line":149,"column":7},"end":{"line":231,"column":null}},"type":"cond-expr","locations":[{"start":{"line":150,"column":8},"end":{"line":187,"column":null}},{"start":{"line":189,"column":8},"end":{"line":231,"column":null}}],"line":149},"12":{"loc":{"start":{"line":153,"column":41},"end":{"line":153,"column":89}},"type":"cond-expr","locations":[{"start":{"line":153,"column":56},"end":{"line":153,"column":87}},{"start":{"line":153,"column":87},"end":{"line":153,"column":89}}],"line":153},"13":{"loc":{"start":{"line":156,"column":17},"end":{"line":156,"column":null}},"type":"cond-expr","locations":[{"start":{"line":156,"column":29},"end":{"line":156,"column":48}},{"start":{"line":156,"column":48},"end":{"line":156,"column":null}}],"line":156},"14":{"loc":{"start":{"line":161,"column":13},"end":{"line":181,"column":null}},"type":"binary-expr","locations":[{"start":{"line":161,"column":13},"end":{"line":161,"column":null}},{"start":{"line":162,"column":14},"end":{"line":181,"column":null}}],"line":161},"15":{"loc":{"start":{"line":180,"column":17},"end":{"line":180,"column":null}},"type":"cond-expr","locations":[{"start":{"line":180,"column":35},"end":{"line":180,"column":42}},{"start":{"line":180,"column":42},"end":{"line":180,"column":null}}],"line":180},"16":{"loc":{"start":{"line":184,"column":11},"end":{"line":185,"column":null}},"type":"binary-expr","locations":[{"start":{"line":184,"column":11},"end":{"line":184,"column":null}},{"start":{"line":185,"column":12},"end":{"line":185,"column":null}}],"line":184},"17":{"loc":{"start":{"line":208,"column":11},"end":{"line":229,"column":null}},"type":"binary-expr","locations":[{"start":{"line":208,"column":11},"end":{"line":208,"column":null}},{"start":{"line":209,"column":12},"end":{"line":229,"column":null}}],"line":208},"18":{"loc":{"start":{"line":228,"column":15},"end":{"line":228,"column":null}},"type":"cond-expr","locations":[{"start":{"line":228,"column":33},"end":{"line":228,"column":40}},{"start":{"line":228,"column":40},"end":{"line":228,"column":null}}],"line":228},"19":{"loc":{"start":{"line":235,"column":7},"end":{"line":370,"column":null}},"type":"binary-expr","locations":[{"start":{"line":235,"column":7},"end":{"line":235,"column":null}},{"start":{"line":236,"column":8},"end":{"line":370,"column":null}}],"line":235},"20":{"loc":{"start":{"line":264,"column":13},"end":{"line":277,"column":null}},"type":"binary-expr","locations":[{"start":{"line":264,"column":13},"end":{"line":264,"column":null}},{"start":{"line":265,"column":14},"end":{"line":277,"column":null}}],"line":264},"21":{"loc":{"start":{"line":283,"column":13},"end":{"line":336,"column":null}},"type":"cond-expr","locations":[{"start":{"line":284,"column":14},"end":{"line":286,"column":null}},{"start":{"line":287,"column":16},"end":{"line":336,"column":null}}],"line":283},"22":{"loc":{"start":{"line":287,"column":16},"end":{"line":336,"column":null}},"type":"cond-expr","locations":[{"start":{"line":288,"column":14},"end":{"line":291,"column":null}},{"start":{"line":293,"column":14},"end":{"line":336,"column":null}}],"line":287},"23":{"loc":{"start":{"line":302,"column":34},"end":{"line":302,"column":null}},"type":"cond-expr","locations":[{"start":{"line":302,"column":57},"end":{"line":302,"column":76}},{"start":{"line":302,"column":76},"end":{"line":302,"column":null}}],"line":302},"24":{"loc":{"start":{"line":310,"column":76},"end":{"line":310,"column":null}},"type":"cond-expr","locations":[{"start":{"line":310,"column":99},"end":{"line":310,"column":118}},{"start":{"line":310,"column":118},"end":{"line":310,"column":null}}],"line":310},"25":{"loc":{"start":{"line":314,"column":23},"end":{"line":325,"column":null}},"type":"binary-expr","locations":[{"start":{"line":314,"column":23},"end":{"line":314,"column":null}},{"start":{"line":315,"column":24},"end":{"line":325,"column":null}}],"line":314},"26":{"loc":{"start":{"line":341,"column":11},"end":{"line":368,"column":null}},"type":"binary-expr","locations":[{"start":{"line":341,"column":11},"end":{"line":341,"column":null}},{"start":{"line":342,"column":12},"end":{"line":368,"column":null}}],"line":341}},"s":{"0":5,"1":5,"2":5,"3":5,"4":5,"5":5,"6":5,"7":5,"8":4,"9":4,"10":0,"11":4,"12":0,"13":0,"14":0,"15":0,"16":0,"17":0,"18":0,"19":0,"20":0,"21":0,"22":0,"23":0,"24":0,"25":0,"26":0,"27":0,"28":0,"29":0,"30":0,"31":0,"32":0,"33":0,"34":0,"35":0,"36":0,"37":0,"38":0,"39":0,"40":0,"41":0,"42":0,"43":0,"44":0,"45":0,"46":0,"47":0,"48":0,"49":0,"50":5,"51":0,"52":0,"53":4,"54":0,"55":0,"56":0,"57":5,"58":4,"59":4,"60":4,"61":4,"62":5,"63":0,"64":0,"65":0,"66":0,"67":0,"68":0,"69":0,"70":0},"f":{"0":5,"1":4,"2":0,"3":0,"4":0,"5":0,"6":0,"7":4,"8":0,"9":0,"10":4,"11":4,"12":0,"13":0,"14":0,"15":0,"16":0,"17":0,"18":0},"b":{"0":[5],"1":[5],"2":[0,0],"3":[0,0],"4":[0,0],"5":[0,0],"6":[0,0],"7":[0,0],"8":[0,0],"9":[0,0],"10":[0,4],"11":[0,5],"12":[0,0],"13":[0,0],"14":[0,0],"15":[0,0],"16":[0,0],"17":[5,0],"18":[0,0],"19":[5,0],"20":[0,0],"21":[0,0],"22":[0,0],"23":[0,0],"24":[0,0],"25":[0,0],"26":[0,0]},"meta":{"lastBranch":27,"lastFunction":19,"lastStatement":71,"seen":{"f:6:24:6:41":0,"b:6:57:6:64":0,"b:6:76:6:82":1,"s:7:40:7:Infinity":0,"s:8:36:8:Infinity":1,"s:9:38:9:Infinity":2,"s:10:28:10:Infinity":3,"s:11:40:11:Infinity":4,"s:12:8:12:Infinity":5,"s:13:8:13:Infinity":6,"s:14:8:14:Infinity":7,"f:17:17:17:35":1,"s:18:4:23:Infinity":8,"s:19:23:19:Infinity":9,"s:20:6:20:Infinity":10,"s:22:6:22:Infinity":11,"f:27:17:27:37":2,"s:28:4:28:Infinity":12,"s:29:4:36:Infinity":13,"s:30:23:30:Infinity":14,"s:31:6:31:Infinity":15,"s:33:6:33:Infinity":16,"s:35:6:35:Infinity":17,"f:40:17:40:28":3,"s:41:4:47:Infinity":18,"s:42:6:42:Infinity":19,"s:43:6:43:Infinity":20,"s:44:6:44:Infinity":21,"s:46:6:46:Infinity":22,"f:51:17:51:33":4,"s:52:4:58:Infinity":23,"s:53:6:53:Infinity":24,"s:54:6:54:Infinity":25,"s:55:6:55:Infinity":26,"s:57:6:57:Infinity":27,"f:62:11:62:35":
[...]
132:57:132:72:132:72:132:Infinity":28,"s:133:6:133:Infinity":74,"s:135:36:135:Infinity":75,"b:135:36:135:62:135:62:135:Infinity":29,"b:136:6:138:Infinity:undefined:undefined:undefined:undefined":30,"s:136:6:138:Infinity":76,"b:136:10:136:35:136:35:136:77":31,"s:137:8:137:Infinity":77,"s:140:6:140:Infinity":78,"f:144:17:144:29":10,"s:145:4:151:Infinity":79,"s:146:23:146:Infinity":80,"s:147:6:147:Infinity":81,"s:148:6:148:Infinity":82,"s:150:6:150:Infinity":83,"f:154:17:154:23":11,"s:155:21:155:Infinity":84,"s:156:4:156:Infinity":85,"f:159:17:159:29":12,"s:160:21:160:Infinity":86,"s:161:4:161:Infinity":87,"s:162:4:162:Infinity":88,"f:165:17:165:26":13,"s:166:4:166:Infinity":89,"s:169:8:177:Infinity":90,"f:169:29:169:35":14,"s:170:4:170:Infinity":91,"s:171:4:171:Infinity":92,"s:172:4:172:Infinity":93,"s:173:4:173:Infinity":94,"s:174:4:174:Infinity":95,"s:175:4:175:Infinity":96,"s:176:4:176:Infinity":97,"s:179:2:189:Infinity":98,"f:179:12:179:18":15,"s:180:34:182:Infinity":99,"f:180:34:180:40":16,"s:181:6:181:Infinity":100,"s:184:4:184:Infinity":101,"s:186:4:188:Infinity":102,"f:186:11:186:17":17,"s:187:6:187:Infinity":103,"s:191:2:205:Infinity":104,"f:191:12:191:18":18,"s:192:26:198:Infinity":105,"f:192:26:192:27":19,"b:193:6:193:Infinity:undefined:undefined:undefined:undefined":32,"s:193:6:193:Infinity":106,"s:193:32:193:Infinity":107,"b:195:6:195:Infinity:undefined:undefined:undefined:undefined":33,"s:195:6:195:Infinity":108,"s:195:26:195:Infinity":109,"s:197:6:197:Infinity":110,"s:200:4:200:Infinity":111,"s:202:4:204:Infinity":112,"f:202:11:202:17":20,"s:203:6:203:Infinity":113,"s:207:2:237:Infinity":114,"f:207:12:207:18":21,"b:208:4:208:Infinity:undefined:undefined:undefined:undefined":34,"s:208:4:208:Infinity":115,"s:208:15:208:Infinity":116,"s:210:10:210:Infinity":117,"b:210:21:210:45:210:45:210:51":35,"s:211:27:213:Infinity":118,"f:211:27:211:33":22,"s:212:6:212:Infinity":119,"s:214:19:214:Infinity":120,"s:216:4:216:Infinity":121,"s:218:28:225:Infinity":122,"f:218:47:218:53":23,"s:219:23:219:Infinity":123,"b:221:6:224:Infinity:undefined:undefined:undefined:undefined":36,"s:221:6:224:Infinity":124,"s:222:8:222:Infinity":125,"s:223:8:223:Infinity":126,"s:227:4:229:Infinity":127,"f:227:19:227:20":24,"s:228:6:228:Infinity":128,"s:231:4:236:Infinity":129,"f:231:11:231:17":25,"s:232:6:232:Infinity":130,"s:233:6:235:Infinity":131,"f:233:21:233:22":26,"s:234:8:234:Infinity":132,"f:240:11:240:22":27,"s:241:24:241:Infinity":133,"b:241:35:241:67:241:67:241:71":37,"s:242:21:245:Infinity":134,"s:246:20:246:Infinity":135,"s:247:4:247:Infinity":136,"s:248:4:248:Infinity":137,"s:249:4:249:Infinity":138,"s:250:4:250:Infinity":139,"f:253:11:253:30":28,"s:254:31:254:Infinity":140,"b:254:31:254:43:254:43:254:Infinity":38,"s:255:4:255:Infinity":141,"f:258:17:258:30":29,"b:259:4:259:Infinity:undefined:undefined:undefined:undefined":39,"s:259:4:259:Infinity":142,"s:259:19:259:Infinity":143,"s:261:21:261:Infinity":144,"s:263:4:267:Infinity":145,"b:266:24:266:50:266:50:266:Infinity":40,"s:269:4:269:Infinity":146,"s:270:4:270:Infinity":147,"s:273:2:281:Infinity":148,"f:273:12:273:18":30,"b:274:4:277:Infinity:undefined:undefined:undefined:undefined":41,"s:274:4:277:Infinity":149,"b:274:8:274:17:274:17:274:26":42,"s:275:6:275:Infinity":150,"s:276:6:276:Infinity":151,"s:279:4:279:Infinity":152,"s:283:8:289:Infinity":153,"f:283:31:283:37":31,"s:284:4:287:Infinity":154,"b:285:6:285:Infinity:286:6:286:Infinity:287:6:287:Infinity":43,"s:291:8:293:Infinity":155,"f:291:39:291:45":32,"s:292:4:292:Infinity":156,"s:295:2:302:Infinity":157,"f:295:12:295:18":33,"b:296:4:299:Infinity:undefined:undefined:undefined:undefined":44,"s:296:4:299:Infinity":158,"s:297:6:297:Infinity":159,"s:298:6:298:Infinity":160,"s:301:4:301:Infinity":161,"s:305:26:305:Infinity":162,"s:307:16:327:Infinity":163,"s:328:2:328:Infinity":164,"f:331:16:331:26":34,"s:332:2:332:Infinity":165}}}
,"C:\\Users\\HeberYesid\\Desktop\\DevTrack\\frontend\\src\\state\\ThemeContext.jsx": {"path":"C:\\Users\\HeberYesid\\Desktop\\DevTrack\\frontend\\src\\state\\ThemeContext.jsx","statementMap":{"0":{"start":{"line":14,"column":6},"end":{"line":14,"column":null}},"1":{"start":{"line":23,"column":8},"end":{"line":23,"column":null}},"2":{"start":{"line":24,"column":2},"end":{"line":26,"column":null}},"3":{"start":{"line":25,"column":4},"end":{"line":25,"column":null}},"4":{"start":{"line":27,"column":2},"end":{"line":27,"column":null}},"5":{"start":{"line":44,"column":24},"end":{"line":48,"column":null}},"6":{"start":{"line":46,"column":23},"end":{"line":46,"column":null}},"7":{"start":{"line":47,"column":4},"end":{"line":47,"column":null}},"8":{"start":{"line":56,"column":2},"end":{"line":65,"column":null}},"9":{"start":{"line":58,"column":4},"end":{"line":58,"column":null}},"10":{"start":{"line":61,"column":4},"end":{"line":61,"column":null}},"11":{"start":{"line":64,"column":4},"end":{"line":64,"column":null}},"12":{"start":{"line":71,"column":22},"end":{"line":73,"column":null}},"13":{"start":{"line":72,"column":4},"end":{"line":72,"column":null}},"14":{"start":{"line":72,"column":26},"end":{"line":72,"column":65}},"15":{"start":{"line":76,"column":16},"end":{"line":81,"column":null}},"16":{"start":{"line":83,"column":2},"end":{"line":86,"column":null}}},"fnMap":{"0":{"name":"useTheme","decl":{"start":{"line":22,"column":16},"end":{"line":22,"column":27}},"loc":{"start":{"line":22,"column":27},"end":{"line":28,"column":null}},"line":22},"1":{"name":"ThemeProvider","decl":{"start":{"line":42,"column":16},"end":{"line":42,"column":30}},"loc":{"start":{"line":42,"column":44},"end":{"line":88,"column":null}},"line":42},"2":{"name":"(anonymous_2)","decl":{"start":{"line":44,"column":37},"end":{"line":44,"column":43}},"loc":{"start":{"line":44,"column":43},"end":{"line":48,"column":3}},"line":44},"3":{"name":"(anonymous_3)","decl":{"start":{"line":56,"column":12},"end":{"line":56,"column":18}},"loc":{"start":{"line":56,"column":18},"end":{"line":65,"column":5}},"line":56},"4":{"name":"(anonymous_4)","decl":{"start":{"line":71,"column":22},"end":{"line":71,"column":28}},"loc":{"start":{"line":71,"column":28},"end":{"line":73,"column":null}},"line":71},"5":{"name":"(anonymous_5)","decl":{"start":{"line":72,"column":13},"end":{"line":72,"column":26}},"loc":{"start":{"line":72,"column":26},"end":{"line":72,"column":65}},"line":72}},"branchMap":{"0":{"loc":{"start":{"line":24,"column":2},"end":{"line":26,"column":null}},"type":"if","locations":[{"start":{"line":24,"column":2},"end":{"line":26,"column":null}},{"start":{},"end":{}}],"line":24},"1":{"loc":{"start":{"line":47,"column":11},"end":{"line":47,"column":null}},"type":"binary-expr","locations":[{"start":{"line":47,"column":11},"end":{"line":47,"column":25}},{"start":{"line":47,"column":25},"end":{"line":47,"column":null}}],"line":47},"2":{"loc":{"start":{"line":64,"column":30},"end":{"line":64,"column":null}},"type":"cond-expr","locations":[{"start":{"line":64,"column":49},"end":{"line":64,"column":64}},{"start":{"line":64,"column":64},"end":{"line":64,"column":null}}],"line":64},"3":{"loc":{"start":{"line":72,"column":26},"end":{"line":72,"column":65}},"type":"cond-expr","locations":[{"start":{"line":72,"column":49},"end":{"line":72,"column":59}},{"start":{"line":72,"column":59},"end":{"line":72,"column":65}}],"line":72}},"s":{"0":6,"1":166,"2":166,"3":0,"4":166,"5":42,"6":36,"7":36,"8":42,"9":37,"10":37,"11":37,"12":42,"13":1,"14":1,"15":42,"16":42},"f":{"0":166,"1":42,"2":36,"3":37,"4":1,"5":1},"b":{"0":[0,166],"1":[36,17],"2":[35,2],"3":[1,0]},"meta":{"lastBranch":4,"lastFunction":6,"lastStatement":17,"seen":{"s:14:6:14:Infinity":0,"f:22:16:22:27":0,"s:23:8:23:Infinity":1,"b:24:2:26:Infinity:undefined:undefined:undefined:undefined":0,"s:24:2:26:Infinity":2,"s:25:4:25:Infinity":3,"s:27:2:27:Infinity":4,"f:42:16:42:30":1,"s:44:24:48:Infinity":5,"f:44:37:44:43":2,"s:46:23:46:Infinity":6,"s:47:4:47:Infinity":7,"b:47:11:47:25:47:25:47:Infinity":1,"s:56:2:65:Infinity":8,"f:56:12:56:18":3,"s:58:4:58:Infinity":9,"s:61:4:61:Infinity":10,"s:64:4:64:Infinity":11,"b:64:49:64:64:64:64:64:Infinity":2,"s:71:22:73:Infinity":12,"f:71:22:71:28":4,"s:72:4:72:Infinity":13,"f:72:13:72:26":5,"s:72:26:72:65":14,"b:72:49:72:59:72:59:72:65":3,"s:76:16:81:Infinity":15,"s:83:2:86:Infinity":16}}}
,"C:\\Users\\HeberYesid\\Desktop\\DevTrack\\frontend\\src\\utils\\branding.js": {"path":"C:\\Users\\HeberYesid\\Desktop\\DevTrack\\frontend\\src\\utils\\branding.js","statementMap":{"0":{"start":{"line":2,"column":19},"end":{"line":2,"column":43}},"1":{"start":{"line":3,"column":2},"end":{"line":3,"column":28}},"2":{"start":{"line":3,"column":17},"end":{"line":3,"column":28}},"3":{"start":{"line":5,"column":16},"end":{"line":5,"column":53}},"4":{"start":{"line":6,"column":2},"end":{"line":8,"column":3}},"5":{"start":{"line":7,"column":4},"end":{"line":7,"column":45}},"6":{"start":{"line":10,"column":2},"end":{"line":10,"column":53}}},"fnMap":{"0":{"name":"getBrandInitials","decl":{"start":{"line":1,"column":16},"end":{"line":1,"column":32}},"loc":{"start":{"line":1,"column":44},"end":{"line":11,"column":1}},"line":1}},"branchMap":{"0":{"loc":{"start":{"line":2,"column":20},"end":{"line":2,"column":35}},"type":"binary-expr","locations":[{"start":{"line":2,"column":20},"end":{"line":2,"column":29}},{"start":{"line":2,"column":33},"end":{"line":2,"column":35}}],"line":2},"1":{"loc":{"start":{"line":3,"column":2},"end":{"line":3,"column":28}},"type":"if","locations":[{"start":{"line":3,"column":2},"end":{"line":3,"column":28}},{"start":{},"end":{}}],"line":3},"2":{"loc":{"start":{"line":6,"column":2},"end":{"line":8,"column":3}},"type":"if","locations":[{"start":{"line":6,"column":2},"end":{"line":8,"column":3}},{"start":{},"end":{}}],"line":6}},"s":{"0":14,"1":14,"2":3,"3":11,"4":11,"5":2,"6":9},"f":{"0":14},"b":{"0":[14,2],"1":[3,11],"2":[2,9]},"meta":{"lastBranch":3,"lastFunction":1,"lastStatement":7,"seen":{"f:1:16:1:32":0,"s:2:19:2:43":0,"b:2:20:2:29:2:33:2:35":0,"b:3:2:3:28:undefined:undefined:undefined:undefined":1,"s:3:2:3:28":1,"s:3:17:3:28":2,"s:5:16:5:53":3,"b:6:2:8:3:undefined:undefined:undefined:undefined":2,"s:6:2:8:3":4,"s:7:4:7:45":5,"s:10:2:10:53":6}}}
,"C:\\Users\\HeberYesid\\Desktop\\DevTrack\\frontend\\src\\utils\\toast.js": {"path":"C:\\Users\\HeberYesid\\Desktop\\DevTrack\\frontend\\src\\utils\\toast.js","statementMap":{"0":{"start":{"line":6,"column":20},"end":{"line":46,"column":1}},"1":{"start":{"line":49,"column":0},"end":{"line":54,"column":1}},"2":{"start":{"line":50,"column":21},"end":{"line":50,"column":52}},"3":{"start":{"line":51,"column":2},"end":{"line":51,"column":32}},"4":{"start":{"line":52,"column":2},"end":{"line":52,"column":38}},"5":{"start":{"line":53,"column":2},"end":{"line":53,"column":39}},"6":{"start":{"line":58,"column":18},"end":{"line":58,"column":60}},"7":{"start":{"line":59,"column":2},"end":{"line":64,"column":3}},"8":{"start":{"line":60,"column":4},"end":{"line":60,"column":45}},"9":{"start":{"line":61,"column":4},"end":{"line":61,"column":36}},"10":{"start":{"line":62,"column":4},"end":{"line":62,"column":43}},"11":{"start":{"line":63,"column":4},"end":{"line":63,"column":40}},"12":{"start":{"line":65,"column":2},"end":{"line":65,"column":18}},"13":{"start":{"line":71,"column":19},"end":{"line":97,"column":1}},"14":{"start":{"line":117,"column":20},"end":{"line":117,"column":39}},"15":{"start":{"line":118,"column":17},"end":{"line":118,"column":52}},"16":{"start":{"line":120,"column":19},"end":{"line":120,"column":48}},"17":{"start":{"line":121,"column":2},"end":{"line":121,"column":30}},"18":{"start":{"line":122,"column":2},"end":{"line":130,"column":3}},"19":{"start":{"line":132,"column":22},"end":{"line":143,"column":8}},"20":{"start":{"line":145,"column":2},"end":{"line":163,"column":3}},"21":{"start":{"line":165,"column":2},"end":{"line":165,"column":33}},"22":{"start":{"line":168,"column":2},"end":{"line":175,"column":3}},"23":{"start":{"line":169,"column":4},"end":{"line":174,"column":16}},"24":{"start":{"line":170,"column":6},"end":{"line":173,"column":7}},"25":{"start":{"line":171,"column":8},"end":{"line":171,"column":42}},"26":{"start":{"line":172,"column":8},"end":{"line":172,"column":48}},"27":{"start":{"line":172,"column":25},"end":{"line":172,"column":42}},"28":{"start":{"line":177,"column":2},"end":{"line":177,"column":17}},"29":{"start":{"line":183,"column":21},"end":{"line":189,"column":1}},"30":{"start":{"line":184,"column":38},"end":{"line":184,"column":89}},"31":{"start":{"line":185,"column":36},"end":{"line":185,"column":85}},"32":{"start":{"line":186,"column":38},"end":{"line":186,"column":89}},"33":{"start":{"line":187,"column":35},"end":{"line":187,"column":83}},"34":{"start":{"line":188,"column":39},"end":{"line":188,"column":91}},"35":{"start":{"line":195,"column":2},"end":{"line":201,"column":4}}},"fnMap":{"0":{"name":"getToastContainer","decl":{"start":{"line":57,"column":9},"end":{"line":57,"column":26}},"loc":{"start":{"line":57,"column":29},"end":{"line":66,"column":1}},"line":57},"1":{"name":"showToast","decl":{"start":{"line":109,"column":16},"end":{"line":109,"column":25}},"loc":{"start":{"line":116,"column":3},"end":{"line":178,"column":1}},"line":116},"2":{"name":"(anonymous_2)","decl":{"start":{"line":169,"column":15},"end":{"line":169,"column":16}},"loc":{"start":{"line":169,"column":21},"end":{"line":174,"column":5}},"line":169},"3":{"name":"(anonymous_3)","decl":{"start":{"line":172,"column":19},"end":{"line":172,"column":20}},"loc":{"start":{"line":172,"column":25},"end":{"line":172,"column":42}},"line":172},"4":{"name":"(anonymous_4)","decl":{"start":{"line":184,"column":11},"end":{"line":184,"column":12}},"loc":{"start":{"line":184,"column":38},"end":{"line":184,"column":89}},"line":184},"5":{"name":"(anonymous_5)","decl":{"start":{"line":185,"column":9},"end":{"line":185,"column":10}},"loc":{"start":{"line":185,"column":36},"end":{"line":185,"column":85}},"line":185},"6":{"name":"(anonymous_6)","decl":{"start":{"line":186,"column":11},"end":{"line":186,"column":12}},"loc":{"start":{"line":186,"column":38},"end":{"line":186,"column":89}},"line":186},"7":{"name":"(anonymous_7)","decl":{"start":{"line":187,"column":8},"end":{"line":187,"column":9}},"loc":{"start":{"line":187,"column":35},"end":{"line":187,"column":83}},"line":187},"8":{"name":"(anonymous_8)","decl":{"start":{"line":188,"column":12},"end":{"line":188,"column":13}},"loc":{"start":{"line":188,"column":39},"end":{"line":188,"column":91}},"line":188},"9":{"name":"showPasswordChangeToast","decl":{"start":{"line":194,"column":16},"end":{"line":194,"column":39}},"loc":{"start":{"line":194,"column":42},"end":{"line":202,"column":1}},"line":194}},"branchMap":{"0":{"loc":{"start":{"line":49,"column":0},"end":{"line":54,"column":1}},"type":"if","locations":[{"start":{"line":49,"column":0},"end":{"line":54,"column":1}},{"start":{},"end":{}}],"line":49},"1":{"loc":{"start":{"line":59,"column":2},"end":{"line":64,"column":3}},"type":"if","locations":[{"start":{"line":59,"column":2},"end":{"line":64,"column":3}},{"start":{},"end":{}}],"line":59},"2":{"loc":{"start":{"line":110,"column":2},"end":{"line":110,"column":15}},"type":"default-arg","locations":[{"start":{"line":110,"column":9},"end":{"line":110,"column":15}}],"line":110},"3":{"loc":{"start":{"line":114,"column":2},"end":{"line":114,"column":17}},"type":"default-arg","locations":[{"start":{"line":114,"column":13},"end":{"line":114,"column":17}}],"line":114},"4":{"loc":{"start":{"line":115,"column":2},"end":{"line":115,"column":17}},"type":"default-arg","locations":[{"start":{"line":115,"column":13},"end":{"line":115,"column":17}}],"line":115},"5":{"loc":{"start":{"line":118,"column":17},"end":{"line":118,"column":52}},"type":"binary-expr","locations":[{"start":{"line":118,"column":17},"end":{"line":118,"column":33}},{"start":{"line":118,"column":37},"end":{"line":118,"column":52}}],"line":118},"6":{"loc":{"start":{"line":132,"column":22},"end":{"line":143,"column":8}},"type":"cond-expr","locations":[{"start":{"line":132,"column":33},"end":{"line":143,"column":3}},{"start":{"line":143,"column":6},"end":{"line":143,"column":8}}],"line":132},"7":{"loc":{"start":{"line":150,"column":12},"end":{"line":150,"column":33}},"type":"binary-expr","locations":[{"start":{"line":150,"column":12},"end":{"line":150,"column":17}},{"start":{"line":150,"column":21},"end":{"line":150,"column":33}}],"line":150},"8":{"loc":{"start":{"line":155,"column":10},"end":{"line":159,"column":14}},"type":"cond-expr","locations":[{"start":{"line":155,"column":21},"end":{"line":159,"column":9}},{"start":{"line":159,"column":12},"end":{"line":159,"column":14}}],"line":155},"9":{"loc":{"start":{"line":168,"column":2},"end":{"line":175,"column":3}},"type":"if","locations":[{"start":{"line":168,"column":2},"end":{"line":175,"column":3}},{"start":{},"end":{}}],"line":168},"10":{"loc":{"start":{"line":170,"column":6},"end":{"line":173,"column":7}},"type":"if","locations":[{"start":{"line":170,"column":6},"end":{"line":173,"column":7}},{"start":{},"end":{}}],"line":170},"11":{"loc":{"start":{"line":184,"column":21},"end":{"line":184,"column":33}},"type":"default-arg","locations":[{"start":{"line":184,"column":31},"end":{"line":184,"column":33}}],"line":184},"12":{"loc":{"start":{"line":185,"column":19},"end":{"line":185,"column":31}},"type":"default-arg","locations":[{"start":{"line":185,"column":29},"end":{"line":185,"column":31}}],"line":185},"13":{"loc":{"start":{"line":186,"column":21},"end":{"line":186,"column":33}},"type":"default-arg","locations":[{"start":{"line":186,"column":31},"end":{"line":186,"column":33}}],"line":186},"14":{"loc":{"start":{"line":187,"column":18},"end":{"line":187,"column":30}},"type":"default-arg","locations":[{"start":{"line":187,"column":28},"end":{"line":187,"column":30}}],"line":187},"15":{"loc":{"start":{"line":188,"column":22},"end":{"line":188,"column":34}},"type":"default-arg","locations":[{"start":{"line":188,"column":32},"end":{"line":188,"column":34}}],"line":188}},"s":{"0":1,"1":1,"2":1,"3":1,"4":1,"5":1,"6":6,"7":6,"8":6,"9":6,"10":6,"11":6,"12":6,"13":1,"14":6,"15":6,"16":6,"17":6,"18":6,"19":6,"20":6,"21":6,"22":6,"23":6,"24":1,"25":1,"26":1,"27":1,"28":6,"29":1,"30":1,"31":1,"32":0,"33":0,"34":0,"35":1},"f":{"0":6,"1":6,"2":1,"3":1,"4":1,"5":1,"6":0,"7":0,"8":0,"9":1},"b":{"0":[1,0],"1":[6,0],"2":[6],"3":[6],"4":[6],"5":[6,0],"6":[6,0],"7":[6,5],"8":[0,6],"9":[6,0],"10":[1,0],"11":[1],"12":[1],"13":[0],"14":[0],"15":[0]},"meta":{"lastBranch":16,"lastFunction":10,"lastStatement":36,"seen":{"s:6:20:46:1":0,"b:49:0:54:1:undefined:undefined:undefined:undefined":0,"s:49:0:54:1":1,"s:50:21:50:52":2,"s:51:2:51:32":3,"s:52:2:52:38":4,"s:53:2:53:39":5,"f:57:9:57:26":0,"s:58:18:58:60":6,"b:59:2:64:3:undefined:undefined:undefined:undefined":1,"s:59:2:64:3":7,"s:60:4:60:45":8,"s:61:4:61:36":9,"s:62:4:62:43":10,"s:63:4:63:40":11,"s:65:2:65:18":12,"s:71:19:97:1":13,"f:109:16:109:25":1,"b:110:9:110:15":2,"b:114:13:114:17":3,"b:115:13:115:17":4,"s:117:20:117:39":14,"s:118:17:118:52":15,"b:118:17:118:33:118:37:118:52":5,"s:120:19:120:48":16,"s:121:2:121:30":17,"s:122:2:130:3":18,"s:132:22:143:8":19,"b:132:33:143:3:143:6:143:8":6,"s:145:2:163:3":20,"b:150:12:150:17:150:21:150:33":7,"b:155:21:159:9:159:12:159:14":8,"s:165:2:165:33":21,"b:168:2:175:3:undefined:undefined:undefined:undefined":9,"s:168:2:175:3":22,"s:169:4:174:16":23,"f:169:15:169:16":2,"b:170:6:173:7:undefined:undefined:undefined:undefined":10,"s:170:6:173:7":24,"s:171:8:171:42":25,"s:172:8:172:48":26,"f:172:19:172:20":3,"s:172:25:172:42":27,"s:177:2:177:17":28,"s:183:21:189:1":29,"f:184:11:184:12":4,"s:184:38:184:89":30,"b:184:31:184:33":11,"f:185:9:185:10":5,"s:185:36:185:85":31,"b:185:29:185:31":12,"f:186:11:186:12":6,"s:186:38:186:89":32,"b:186:31:186:33":13,"f:187:8:187:9":7,"s:187:35:187:83":33,"b:187:28:187:30":14,"f:188:12:188:13":8,"s:188:39:188:91":34,"b:188:32:188:34":15,"f:194:16:194:39":9,"s:195:2:201:4":35}}}
}
